22:44:23 INFO  : Registering command handlers for SDK TCF services
22:44:25 INFO  : Launching XSCT server: xsct.bat -interactive V:\software\m3_for_arty_a7\sdk_workspace\temp_xsdb_launch_script.tcl
22:44:30 INFO  : XSCT server has started successfully.
22:44:31 INFO  : Successfully done setting XSCT server connection channel  
22:44:31 INFO  : Restoring global repository preferences: 
		 V:\vivado\Arm_sw_repository
22:44:31 INFO  : Successfully done setting SDK workspace  
22:44:31 INFO  : Processing command line option -hwspec V:/software/m3_for_arty_a7_wrapper.hdf.
01:11:33 INFO  : Launching XSCT server: xsct.bat -interactive V:\software\m3_for_arty_a7\sdk_workspace\temp_xsdb_launch_script.tcl
01:11:40 INFO  : XSCT server has started successfully.
01:11:40 INFO  : Successfully done setting XSCT server connection channel  
01:11:41 INFO  : Successfully done setting SDK workspace  
01:11:41 INFO  : Restoring global repository preferences: 
		 V:\vivado\Arm_sw_repository
01:11:45 INFO  : Registering command handlers for SDK TCF services
01:11:45 INFO  : Processing command line option -hwspec V:/software/m3_for_arty_a7_wrapper.hdf.
01:11:46 INFO  : Checking for hwspec changes in the project m3_for_arty_a7_wrapper_hw_platform_0.
01:11:46 INFO  : SDK has detected change in the last modified timestamps for source hardware specification file Source:1558199455979,  Project:1558104051351
01:11:46 INFO  : The hardware specification for project 'm3_for_arty_a7_wrapper_hw_platform_0' is different from V:/software/m3_for_arty_a7_wrapper.hdf.
01:11:46 INFO  : Copied contents of V:/software/m3_for_arty_a7_wrapper.hdf into \m3_for_arty_a7_wrapper_hw_platform_0\system.hdf.
01:11:46 INFO  : Synchronizing projects in the workspace with the hardware platform specification changes.
01:11:48 INFO  : 
01:11:48 INFO  : Clearing existing target manager status.
01:11:48 INFO  : Closing and re-opening the MSS file of ther project standalone_bsp_0
01:11:49 INFO  : Workspace synchronized with the new hardware specification file. Cleaning dependent projects...
01:11:51 WARN  : Linker script will not be updated automatically. Users need to update it manually.
11:46:56 INFO  : Launching XSCT server: xsct.bat -interactive V:\software\m3_for_arty_a7\sdk_workspace\temp_xsdb_launch_script.tcl
11:46:58 INFO  : XSCT server has started successfully.
11:46:59 INFO  : Successfully done setting XSCT server connection channel  
11:46:59 INFO  : Successfully done setting SDK workspace  
11:46:59 INFO  : Restoring global repository preferences: 
		 V:\vivado\Arm_sw_repository
11:47:03 INFO  : Registering command handlers for SDK TCF services
11:47:03 INFO  : Processing command line option -hwspec V:/software/m3_for_arty_a7_wrapper.hdf.
11:47:03 INFO  : Checking for hwspec changes in the project m3_for_arty_a7_wrapper_hw_platform_0.
11:47:03 INFO  : SDK has detected change in the last modified timestamps for source hardware specification file Source:1558410391006,  Project:1558199455979
11:47:03 INFO  : The hardware specification for project 'm3_for_arty_a7_wrapper_hw_platform_0' is different from V:/software/m3_for_arty_a7_wrapper.hdf.
11:47:03 INFO  : Copied contents of V:/software/m3_for_arty_a7_wrapper.hdf into \m3_for_arty_a7_wrapper_hw_platform_0\system.hdf.
11:47:04 INFO  : Synchronizing projects in the workspace with the hardware platform specification changes.
11:47:05 INFO  : 
11:47:05 INFO  : Clearing existing target manager status.
11:47:05 INFO  : Closing and re-opening the MSS file of ther project standalone_bsp_0
11:47:07 INFO  : Workspace synchronized with the new hardware specification file. Cleaning dependent projects...
11:47:08 WARN  : Linker script will not be updated automatically. Users need to update it manually.
22:42:43 INFO  : Launching XSCT server: xsct.bat -interactive V:\software\m3_for_arty_a7\sdk_workspace\temp_xsdb_launch_script.tcl
22:42:45 INFO  : XSCT server has started successfully.
22:42:45 INFO  : Successfully done setting XSCT server connection channel  
22:42:45 INFO  : Successfully done setting SDK workspace  
22:42:45 INFO  : Restoring global repository preferences: 
		 V:\vivado\Arm_sw_repository
22:42:49 INFO  : Registering command handlers for SDK TCF services
22:42:49 INFO  : Processing command line option -hwspec V:/software/m3_for_arty_a7_wrapper.hdf.
22:42:50 INFO  : Checking for hwspec changes in the project m3_for_arty_a7_wrapper_hw_platform_0.
22:42:50 INFO  : SDK has detected change in the last modified timestamps for source hardware specification file Source:1558410391587,  Project:1558410391006
22:42:50 INFO  : The hardware specification for project 'm3_for_arty_a7_wrapper_hw_platform_0' is different from V:/software/m3_for_arty_a7_wrapper.hdf.
22:43:03 INFO  : Copied contents of V:/software/m3_for_arty_a7_wrapper.hdf into \m3_for_arty_a7_wrapper_hw_platform_0\system.hdf.
22:43:03 INFO  : Synchronizing projects in the workspace with the hardware platform specification changes.
22:43:05 INFO  : 
22:43:05 INFO  : Clearing existing target manager status.
22:43:05 INFO  : Closing and re-opening the MSS file of ther project standalone_bsp_0
22:43:06 INFO  : Workspace synchronized with the new hardware specification file. Cleaning dependent projects...
22:43:07 WARN  : Linker script will not be updated automatically. Users need to update it manually.
22:49:42 INFO  : Launching XSCT server: xsct.bat -interactive V:\software\m3_for_arty_a7\sdk_workspace\temp_xsdb_launch_script.tcl
22:49:44 INFO  : XSCT server has started successfully.
22:49:44 INFO  : Successfully done setting XSCT server connection channel  
22:49:44 INFO  : Successfully done setting SDK workspace  
22:49:44 INFO  : Restoring global repository preferences: 
		 V:\vivado\Arm_sw_repository
22:49:48 INFO  : Registering command handlers for SDK TCF services
22:49:48 INFO  : Processing command line option -hwspec V:/software/m3_for_arty_a7_wrapper.hdf.
22:49:48 INFO  : Checking for hwspec changes in the project m3_for_arty_a7_wrapper_hw_platform_0.
22:49:48 INFO  : SDK has detected change in the last modified timestamps for source hardware specification file Source:1559141369903,  Project:1558410391587
22:49:48 INFO  : The hardware specification for project 'm3_for_arty_a7_wrapper_hw_platform_0' is different from V:/software/m3_for_arty_a7_wrapper.hdf.
22:49:48 INFO  : Copied contents of V:/software/m3_for_arty_a7_wrapper.hdf into \m3_for_arty_a7_wrapper_hw_platform_0\system.hdf.
22:49:49 INFO  : Synchronizing projects in the workspace with the hardware platform specification changes.
22:49:49 ERROR : (XSDB Server)ERROR: [Hsi 55-1433] Error boost::filesystem::remove: 目录不是空的。: "V:\software\m3_for_arty_a7\sdk_workspace\standalone_bsp_0/Cortex_M3_0\libsrc\axivdma_v6_5"

22:49:49 ERROR : (XSDB Server)ERROR: [Hsi 55-1450] Error: running generate_bsp.

22:49:50 ERROR : Failed to call sync_sw_with_hw_change
Reason: ERROR: [Common 17-39] 'hsi::generate_bsp' failed due to earlier errors.

22:49:50 ERROR : Error updating BSP project MSS files.
22:49:50 INFO  : Clearing existing target manager status.
22:49:50 INFO  : Closing and re-opening the MSS file of ther project standalone_bsp_0
22:49:51 INFO  : Workspace synchronized with the new hardware specification file. Cleaning dependent projects...
22:49:52 WARN  : Linker script will not be updated automatically. Users need to update it manually.
22:50:47 ERROR : Failed to regenerate sources for BSP project standalone_bsp_0
org.eclipse.core.internal.resources.ResourceException: Problems encountered while deleting resources.
	at org.eclipse.core.internal.resources.Resource.delete(Resource.java:795)
	at org.eclipse.core.internal.resources.Resource.delete(Resource.java:750)
	at com.xilinx.sdk.sw.ui.handlers.RegenBspSourcesHandler.internalGenerateBsp(RegenBspSourcesHandler.java:170)
	at com.xilinx.sdk.sw.ui.handlers.RegenBspSourcesHandler.access$2(RegenBspSourcesHandler.java:163)
	at com.xilinx.sdk.sw.ui.handlers.RegenBspSourcesHandler$1$1.run(RegenBspSourcesHandler.java:131)
	at org.eclipse.core.internal.resources.Workspace.run(Workspace.java:2240)
	at org.eclipse.core.internal.resources.Workspace.run(Workspace.java:2267)
	at com.xilinx.sdk.sw.ui.handlers.RegenBspSourcesHandler$1.run(RegenBspSourcesHandler.java:135)
	at org.eclipse.jface.operation.ModalContext$ModalContextThread.run(ModalContext.java:119)
Contains: Could not delete '/standalone_bsp_0/Cortex_M3_0'.
org.eclipse.core.internal.resources.ResourceException: Problems encountered while deleting resources.
	at org.eclipse.core.internal.localstore.FileSystemResourceManager.delete(FileSystemResourceManager.java:370)
	at org.eclipse.core.internal.resources.ResourceTree.internalDeleteFolder(ResourceTree.java:358)
	at org.eclipse.core.internal.resources.ResourceTree.standardDeleteFolder(ResourceTree.java:810)
	at org.eclipse.core.internal.resources.Resource.unprotectedDelete(Resource.java:1832)
	at org.eclipse.core.internal.resources.Resource.delete(Resource.java:782)
	at org.eclipse.core.internal.resources.Resource.delete(Resource.java:750)
	at com.xilinx.sdk.sw.ui.handlers.RegenBspSourcesHandler.internalGenerateBsp(RegenBspSourcesHandler.java:170)
	at com.xilinx.sdk.sw.ui.handlers.RegenBspSourcesHandler.access$2(RegenBspSourcesHandler.java:163)
	at com.xilinx.sdk.sw.ui.handlers.RegenBspSourcesHandler$1$1.run(RegenBspSourcesHandler.java:131)
	at org.eclipse.core.internal.resources.Workspace.run(Workspace.java:2240)
	at org.eclipse.core.internal.resources.Workspace.run(Workspace.java:2267)
	at com.xilinx.sdk.sw.ui.handlers.RegenBspSourcesHandler$1.run(RegenBspSourcesHandler.java:135)
	at org.eclipse.jface.operation.ModalContext$ModalContextThread.run(ModalContext.java:119)
Contains: Problems encountered while deleting files.
Contains: Could not delete: V:\software\m3_for_arty_a7\sdk_workspace\standalone_bsp_0\Cortex_M3_0\include.
java.nio.file.AccessDeniedException: V:\software\m3_for_arty_a7\sdk_workspace\standalone_bsp_0\Cortex_M3_0\include
	at sun.nio.fs.WindowsException.translateToIOException(WindowsException.java:83)
	at sun.nio.fs.WindowsException.rethrowAsIOException(WindowsException.java:97)
	at sun.nio.fs.WindowsException.rethrowAsIOException(WindowsException.java:102)
	at sun.nio.fs.WindowsFileSystemProvider.implDelete(WindowsFileSystemProvider.java:269)
	at sun.nio.fs.AbstractFileSystemProvider.deleteIfExists(AbstractFileSystemProvider.java:108)
	at java.nio.file.Files.deleteIfExists(Files.java:1165)
	at org.eclipse.core.internal.filesystem.local.LocalFile.internalDelete(LocalFile.java:218)
	at org.eclipse.core.internal.filesystem.local.LocalFile.internalDelete(LocalFile.java:238)
	at org.eclipse.core.internal.filesystem.local.LocalFile.delete(LocalFile.java:136)
	at org.eclipse.core.internal.localstore.DeleteVisitor.delete(DeleteVisitor.java:63)
	at org.eclipse.core.internal.localstore.DeleteVisitor.visit(DeleteVisitor.java:151)
	at org.eclipse.core.internal.localstore.UnifiedTree.accept(UnifiedTree.java:111)
	at org.eclipse.core.internal.localstore.FileSystemResourceManager.delete(FileSystemResourceManager.java:367)
	at org.eclipse.core.internal.resources.ResourceTree.internalDeleteFolder(ResourceTree.java:358)
	at org.eclipse.core.internal.resources.ResourceTree.standardDeleteFolder(ResourceTree.java:810)
	at org.eclipse.core.internal.resources.Resource.unprotectedDelete(Resource.java:1832)
	at org.eclipse.core.internal.resources.Resource.delete(Resource.java:782)
	at org.eclipse.core.internal.resources.Resource.delete(Resource.java:750)
	at com.xilinx.sdk.sw.ui.handlers.RegenBspSourcesHandler.internalGenerateBsp(RegenBspSourcesHandler.java:170)
	at com.xilinx.sdk.sw.ui.handlers.RegenBspSourcesHandler.access$2(RegenBspSourcesHandler.java:163)
	at com.xilinx.sdk.sw.ui.handlers.RegenBspSourcesHandler$1$1.run(RegenBspSourcesHandler.java:131)
	at org.eclipse.core.internal.resources.Workspace.run(Workspace.java:2240)
	at org.eclipse.core.internal.resources.Workspace.run(Workspace.java:2267)
	at com.xilinx.sdk.sw.ui.handlers.RegenBspSourcesHandler$1.run(RegenBspSourcesHandler.java:135)
	at org.eclipse.jface.operation.ModalContext$ModalContextThread.run(ModalContext.java:119)
Contains: Could not delete: V:\software\m3_for_arty_a7\sdk_workspace\standalone_bsp_0\Cortex_M3_0\libsrc\axivdma_v6_5\src.
java.nio.file.AccessDeniedException: V:\software\m3_for_arty_a7\sdk_workspace\standalone_bsp_0\Cortex_M3_0\libsrc\axivdma_v6_5\src
	at sun.nio.fs.WindowsException.translateToIOException(WindowsException.java:83)
	at sun.nio.fs.WindowsException.rethrowAsIOException(WindowsException.java:97)
	at sun.nio.fs.WindowsException.rethrowAsIOException(WindowsException.java:102)
	at sun.nio.fs.WindowsFileSystemProvider.implDelete(WindowsFileSystemProvider.java:269)
	at sun.nio.fs.AbstractFileSystemProvider.deleteIfExists(AbstractFileSystemProvider.java:108)
	at java.nio.file.Files.deleteIfExists(Files.java:1165)
	at org.eclipse.core.internal.filesystem.local.LocalFile.internalDelete(LocalFile.java:218)
	at org.eclipse.core.internal.filesystem.local.LocalFile.internalDelete(LocalFile.java:238)
	at org.eclipse.core.internal.filesystem.local.LocalFile.internalDelete(LocalFile.java:238)
	at org.eclipse.core.internal.filesystem.local.LocalFile.internalDelete(LocalFile.java:238)
	at org.eclipse.core.internal.filesystem.local.LocalFile.delete(LocalFile.java:136)
	at org.eclipse.core.internal.localstore.DeleteVisitor.delete(DeleteVisitor.java:63)
	at org.eclipse.core.internal.localstore.DeleteVisitor.visit(DeleteVisitor.java:151)
	at org.eclipse.core.internal.localstore.UnifiedTree.accept(UnifiedTree.java:111)
	at org.eclipse.core.internal.localstore.FileSystemResourceManager.delete(FileSystemResourceManager.java:367)
	at org.eclipse.core.internal.resources.ResourceTree.internalDeleteFolder(ResourceTree.java:358)
	at org.eclipse.core.internal.resources.ResourceTree.standardDeleteFolder(ResourceTree.java:810)
	at org.eclipse.core.internal.resources.Resource.unprotectedDelete(Resource.java:1832)
	at org.eclipse.core.internal.resources.Resource.delete(Resource.java:782)
	at org.eclipse.core.internal.resources.Resource.delete(Resource.java:750)
	at com.xilinx.sdk.sw.ui.handlers.RegenBspSourcesHandler.internalGenerateBsp(RegenBspSourcesHandler.java:170)
	at com.xilinx.sdk.sw.ui.handlers.RegenBspSourcesHandler.access$2(RegenBspSourcesHandler.java:163)
	at com.xilinx.sdk.sw.ui.handlers.RegenBspSourcesHandler$1$1.run(RegenBspSourcesHandler.java:131)
	at org.eclipse.core.internal.resources.Workspace.run(Workspace.java:2240)
	at org.eclipse.core.internal.resources.Workspace.run(Workspace.java:2267)
	at com.xilinx.sdk.sw.ui.handlers.RegenBspSourcesHandler$1.run(RegenBspSourcesHandler.java:135)
	at org.eclipse.jface.operation.ModalContext$ModalContextThread.run(ModalContext.java:119)
Contains: Could not delete: V:\software\m3_for_arty_a7\sdk_workspace\standalone_bsp_0\Cortex_M3_0\libsrc\axivdma_v6_5.
Contains: Could not delete: V:\software\m3_for_arty_a7\sdk_workspace\standalone_bsp_0\Cortex_M3_0\libsrc\standalone_v6_7.
java.nio.file.DirectoryNotEmptyException: V:\software\m3_for_arty_a7\sdk_workspace\standalone_bsp_0\Cortex_M3_0\libsrc\standalone_v6_7
	at sun.nio.fs.WindowsFileSystemProvider.implDelete(WindowsFileSystemProvider.java:266)
	at sun.nio.fs.AbstractFileSystemProvider.deleteIfExists(AbstractFileSystemProvider.java:108)
	at java.nio.file.Files.deleteIfExists(Files.java:1165)
	at org.eclipse.core.internal.filesystem.local.LocalFile.internalDelete(LocalFile.java:243)
	at org.eclipse.core.internal.filesystem.local.LocalFile.internalDelete(LocalFile.java:238)
	at org.eclipse.core.internal.filesystem.local.LocalFile.internalDelete(LocalFile.java:238)
	at org.eclipse.core.internal.filesystem.local.LocalFile.delete(LocalFile.java:136)
	at org.eclipse.core.internal.localstore.DeleteVisitor.delete(DeleteVisitor.java:63)
	at org.eclipse.core.internal.localstore.DeleteVisitor.visit(DeleteVisitor.java:151)
	at org.eclipse.core.internal.localstore.UnifiedTree.accept(UnifiedTree.java:111)
	at org.eclipse.core.internal.localstore.FileSystemResourceManager.delete(FileSystemResourceManager.java:367)
	at org.eclipse.core.internal.resources.ResourceTree.internalDeleteFolder(ResourceTree.java:358)
	at org.eclipse.core.internal.resources.ResourceTree.standardDeleteFolder(ResourceTree.java:810)
	at org.eclipse.core.internal.resources.Resource.unprotectedDelete(Resource.java:1832)
	at org.eclipse.core.internal.resources.Resource.delete(Resource.java:782)
	at org.eclipse.core.internal.resources.Resource.delete(Resource.java:750)
	at com.xilinx.sdk.sw.ui.handlers.RegenBspSourcesHandler.internalGenerateBsp(RegenBspSourcesHandler.java:170)
	at com.xilinx.sdk.sw.ui.handlers.RegenBspSourcesHandler.access$2(RegenBspSourcesHandler.java:163)
	at com.xilinx.sdk.sw.ui.handlers.RegenBspSourcesHandler$1$1.run(RegenBspSourcesHandler.java:131)
	at org.eclipse.core.internal.resources.Workspace.run(Workspace.java:2240)
	at org.eclipse.core.internal.resources.Workspace.run(Workspace.java:2267)
	at com.xilinx.sdk.sw.ui.handlers.RegenBspSourcesHandler$1.run(RegenBspSourcesHandler.java:135)
	at org.eclipse.jface.operation.ModalContext$ModalContextThread.run(ModalContext.java:119)
Contains: Could not delete: V:\software\m3_for_arty_a7\sdk_workspace\standalone_bsp_0\Cortex_M3_0\libsrc.
Contains: Could not delete: V:\software\m3_for_arty_a7\sdk_workspace\standalone_bsp_0\Cortex_M3_0.
22:42:17 INFO  : Launching XSCT server: xsct.bat -interactive V:\software\m3_for_arty_a7\sdk_workspace\temp_xsdb_launch_script.tcl
22:42:20 INFO  : XSCT server has started successfully.
22:42:20 INFO  : Successfully done setting XSCT server connection channel  
22:42:20 INFO  : Successfully done setting SDK workspace  
22:42:20 INFO  : Restoring global repository preferences: 
		 V:\vivado\Arm_sw_repository
22:42:25 INFO  : Registering command handlers for SDK TCF services
22:42:25 INFO  : Processing command line option -hwspec V:/software/m3_for_arty_a7_wrapper.hdf.
22:42:26 INFO  : Checking for hwspec changes in the project m3_for_arty_a7_wrapper_hw_platform_0.
22:42:26 INFO  : SDK has detected change in the last modified timestamps for source hardware specification file Source:1559659316717,  Project:1559141369903
22:42:26 INFO  : The hardware specification for project 'm3_for_arty_a7_wrapper_hw_platform_0' is different from V:/software/m3_for_arty_a7_wrapper.hdf.
22:42:26 INFO  : Copied contents of V:/software/m3_for_arty_a7_wrapper.hdf into \m3_for_arty_a7_wrapper_hw_platform_0\system.hdf.
22:42:26 INFO  : Synchronizing projects in the workspace with the hardware platform specification changes.
22:42:28 INFO  : 
22:42:28 INFO  : Clearing existing target manager status.
22:42:28 INFO  : Closing and re-opening the MSS file of ther project standalone_bsp_0
22:42:30 INFO  : Workspace synchronized with the new hardware specification file. Cleaning dependent projects...
22:42:31 WARN  : Linker script will not be updated automatically. Users need to update it manually.
15:33:51 INFO  : Launching XSCT server: xsct.bat -interactive V:\software\m3_for_arty_a7\sdk_workspace\temp_xsdb_launch_script.tcl
15:33:53 INFO  : XSCT server has started successfully.
15:33:55 INFO  : Successfully done setting XSCT server connection channel  
15:33:55 INFO  : Successfully done setting SDK workspace  
15:33:58 INFO  : Registering command handlers for SDK TCF services
15:33:59 INFO  : Restoring global repository preferences: 
		 V:\vivado\Arm_sw_repository
15:33:59 INFO  : Processing command line option -hwspec V:/software/m3_for_arty_a7_wrapper.hdf.
15:34:00 INFO  : Checking for hwspec changes in the project m3_for_arty_a7_wrapper_hw_platform_0.
15:46:24 INFO  : Launching XSCT server: xsct.bat -interactive V:\software\m3_for_arty_a7\sdk_workspace\temp_xsdb_launch_script.tcl
15:46:26 INFO  : XSCT server has started successfully.
15:46:26 INFO  : Successfully done setting XSCT server connection channel  
15:46:26 INFO  : Successfully done setting SDK workspace  
15:46:26 INFO  : Restoring global repository preferences: 
		 V:\vivado\Arm_sw_repository
15:46:30 INFO  : Registering command handlers for SDK TCF services
15:46:30 INFO  : Processing command line option -hwspec V:/software/m3_for_arty_a7_wrapper.hdf.
15:46:31 INFO  : Checking for hwspec changes in the project m3_for_arty_a7_wrapper_hw_platform_0.
15:46:31 INFO  : SDK has detected change in the last modified timestamps for source hardware specification file Source:1559893570724,  Project:1559659316717
15:46:31 INFO  : The hardware specification for project 'm3_for_arty_a7_wrapper_hw_platform_0' is different from V:/software/m3_for_arty_a7_wrapper.hdf.
15:46:31 INFO  : Copied contents of V:/software/m3_for_arty_a7_wrapper.hdf into \m3_for_arty_a7_wrapper_hw_platform_0\system.hdf.
15:46:32 INFO  : Synchronizing projects in the workspace with the hardware platform specification changes.
15:46:32 ERROR : (XSDB Server)ERROR: [Hsi 55-1433] Error boost::filesystem::remove: 目录不是空的。: "V:\software\m3_for_arty_a7\sdk_workspace\standalone_bsp_0/Cortex_M3_0\libsrc\axivdma_v6_5"

15:46:32 ERROR : (XSDB Server)ERROR: [Hsi 55-1450] Error: running generate_bsp.

15:46:33 ERROR : Failed to call sync_sw_with_hw_change
Reason: ERROR: [Common 17-39] 'hsi::generate_bsp' failed due to earlier errors.

15:46:33 ERROR : Error updating BSP project MSS files.
15:46:33 INFO  : Clearing existing target manager status.
15:46:33 INFO  : Closing and re-opening the MSS file of ther project standalone_bsp_0
15:46:35 INFO  : Workspace synchronized with the new hardware specification file. Cleaning dependent projects...
15:46:37 WARN  : Linker script will not be updated automatically. Users need to update it manually.
15:46:50 ERROR : Failed to regenerate sources for BSP project standalone_bsp_0
org.eclipse.core.internal.resources.ResourceException: Problems encountered while deleting resources.
	at org.eclipse.core.internal.resources.Resource.delete(Resource.java:795)
	at org.eclipse.core.internal.resources.Resource.delete(Resource.java:750)
	at com.xilinx.sdk.sw.ui.handlers.RegenBspSourcesHandler.internalGenerateBsp(RegenBspSourcesHandler.java:170)
	at com.xilinx.sdk.sw.ui.handlers.RegenBspSourcesHandler.access$2(RegenBspSourcesHandler.java:163)
	at com.xilinx.sdk.sw.ui.handlers.RegenBspSourcesHandler$1$1.run(RegenBspSourcesHandler.java:131)
	at org.eclipse.core.internal.resources.Workspace.run(Workspace.java:2240)
	at org.eclipse.core.internal.resources.Workspace.run(Workspace.java:2267)
	at com.xilinx.sdk.sw.ui.handlers.RegenBspSourcesHandler$1.run(RegenBspSourcesHandler.java:135)
	at org.eclipse.jface.operation.ModalContext$ModalContextThread.run(ModalContext.java:119)
Contains: Could not delete '/standalone_bsp_0/Cortex_M3_0'.
org.eclipse.core.internal.resources.ResourceException: Problems encountered while deleting resources.
	at org.eclipse.core.internal.localstore.FileSystemResourceManager.delete(FileSystemResourceManager.java:370)
	at org.eclipse.core.internal.resources.ResourceTree.internalDeleteFolder(ResourceTree.java:358)
	at org.eclipse.core.internal.resources.ResourceTree.standardDeleteFolder(ResourceTree.java:810)
	at org.eclipse.core.internal.resources.Resource.unprotectedDelete(Resource.java:1832)
	at org.eclipse.core.internal.resources.Resource.delete(Resource.java:782)
	at org.eclipse.core.internal.resources.Resource.delete(Resource.java:750)
	at com.xilinx.sdk.sw.ui.handlers.RegenBspSourcesHandler.internalGenerateBsp(RegenBspSourcesHandler.java:170)
	at com.xilinx.sdk.sw.ui.handlers.RegenBspSourcesHandler.access$2(RegenBspSourcesHandler.java:163)
	at com.xilinx.sdk.sw.ui.handlers.RegenBspSourcesHandler$1$1.run(RegenBspSourcesHandler.java:131)
	at org.eclipse.core.internal.resources.Workspace.run(Workspace.java:2240)
	at org.eclipse.core.internal.resources.Workspace.run(Workspace.java:2267)
	at com.xilinx.sdk.sw.ui.handlers.RegenBspSourcesHandler$1.run(RegenBspSourcesHandler.java:135)
	at org.eclipse.jface.operation.ModalContext$ModalContextThread.run(ModalContext.java:119)
Contains: Problems encountered while deleting files.
Contains: Could not delete: V:\software\m3_for_arty_a7\sdk_workspace\standalone_bsp_0\Cortex_M3_0\include.
java.nio.file.AccessDeniedException: V:\software\m3_for_arty_a7\sdk_workspace\standalone_bsp_0\Cortex_M3_0\include
	at sun.nio.fs.WindowsException.translateToIOException(WindowsException.java:83)
	at sun.nio.fs.WindowsException.rethrowAsIOException(WindowsException.java:97)
	at sun.nio.fs.WindowsException.rethrowAsIOException(WindowsException.java:102)
	at sun.nio.fs.WindowsFileSystemProvider.implDelete(WindowsFileSystemProvider.java:269)
	at sun.nio.fs.AbstractFileSystemProvider.deleteIfExists(AbstractFileSystemProvider.java:108)
	at java.nio.file.Files.deleteIfExists(Files.java:1165)
	at org.eclipse.core.internal.filesystem.local.LocalFile.internalDelete(LocalFile.java:218)
	at org.eclipse.core.internal.filesystem.local.LocalFile.internalDelete(LocalFile.java:238)
	at org.eclipse.core.internal.filesystem.local.LocalFile.delete(LocalFile.java:136)
	at org.eclipse.core.internal.localstore.DeleteVisitor.delete(DeleteVisitor.java:63)
	at org.eclipse.core.internal.localstore.DeleteVisitor.visit(DeleteVisitor.java:151)
	at org.eclipse.core.internal.localstore.UnifiedTree.accept(UnifiedTree.java:111)
	at org.eclipse.core.internal.localstore.FileSystemResourceManager.delete(FileSystemResourceManager.java:367)
	at org.eclipse.core.internal.resources.ResourceTree.internalDeleteFolder(ResourceTree.java:358)
	at org.eclipse.core.internal.resources.ResourceTree.standardDeleteFolder(ResourceTree.java:810)
	at org.eclipse.core.internal.resources.Resource.unprotectedDelete(Resource.java:1832)
	at org.eclipse.core.internal.resources.Resource.delete(Resource.java:782)
	at org.eclipse.core.internal.resources.Resource.delete(Resource.java:750)
	at com.xilinx.sdk.sw.ui.handlers.RegenBspSourcesHandler.internalGenerateBsp(RegenBspSourcesHandler.java:170)
	at com.xilinx.sdk.sw.ui.handlers.RegenBspSourcesHandler.access$2(RegenBspSourcesHandler.java:163)
	at com.xilinx.sdk.sw.ui.handlers.RegenBspSourcesHandler$1$1.run(RegenBspSourcesHandler.java:131)
	at org.eclipse.core.internal.resources.Workspace.run(Workspace.java:2240)
	at org.eclipse.core.internal.resources.Workspace.run(Workspace.java:2267)
	at com.xilinx.sdk.sw.ui.handlers.RegenBspSourcesHandler$1.run(RegenBspSourcesHandler.java:135)
	at org.eclipse.jface.operation.ModalContext$ModalContextThread.run(ModalContext.java:119)
Contains: Could not delete: V:\software\m3_for_arty_a7\sdk_workspace\standalone_bsp_0\Cortex_M3_0\libsrc\axivdma_v6_5\src.
java.nio.file.AccessDeniedException: V:\software\m3_for_arty_a7\sdk_workspace\standalone_bsp_0\Cortex_M3_0\libsrc\axivdma_v6_5\src
	at sun.nio.fs.WindowsException.translateToIOException(WindowsException.java:83)
	at sun.nio.fs.WindowsException.rethrowAsIOException(WindowsException.java:97)
	at sun.nio.fs.WindowsException.rethrowAsIOException(WindowsException.java:102)
	at sun.nio.fs.WindowsFileSystemProvider.implDelete(WindowsFileSystemProvider.java:269)
	at sun.nio.fs.AbstractFileSystemProvider.deleteIfExists(AbstractFileSystemProvider.java:108)
	at java.nio.file.Files.deleteIfExists(Files.java:1165)
	at org.eclipse.core.internal.filesystem.local.LocalFile.internalDelete(LocalFile.java:218)
	at org.eclipse.core.internal.filesystem.local.LocalFile.internalDelete(LocalFile.java:238)
	at org.eclipse.core.internal.filesystem.local.LocalFile.internalDelete(LocalFile.java:238)
	at org.eclipse.core.internal.filesystem.local.LocalFile.internalDelete(LocalFile.java:238)
	at org.eclipse.core.internal.filesystem.local.LocalFile.delete(LocalFile.java:136)
	at org.eclipse.core.internal.localstore.DeleteVisitor.delete(DeleteVisitor.java:63)
	at org.eclipse.core.internal.localstore.DeleteVisitor.visit(DeleteVisitor.java:151)
	at org.eclipse.core.internal.localstore.UnifiedTree.accept(UnifiedTree.java:111)
	at org.eclipse.core.internal.localstore.FileSystemResourceManager.delete(FileSystemResourceManager.java:367)
	at org.eclipse.core.internal.resources.ResourceTree.internalDeleteFolder(ResourceTree.java:358)
	at org.eclipse.core.internal.resources.ResourceTree.standardDeleteFolder(ResourceTree.java:810)
	at org.eclipse.core.internal.resources.Resource.unprotectedDelete(Resource.java:1832)
	at org.eclipse.core.internal.resources.Resource.delete(Resource.java:782)
	at org.eclipse.core.internal.resources.Resource.delete(Resource.java:750)
	at com.xilinx.sdk.sw.ui.handlers.RegenBspSourcesHandler.internalGenerateBsp(RegenBspSourcesHandler.java:170)
	at com.xilinx.sdk.sw.ui.handlers.RegenBspSourcesHandler.access$2(RegenBspSourcesHandler.java:163)
	at com.xilinx.sdk.sw.ui.handlers.RegenBspSourcesHandler$1$1.run(RegenBspSourcesHandler.java:131)
	at org.eclipse.core.internal.resources.Workspace.run(Workspace.java:2240)
	at org.eclipse.core.internal.resources.Workspace.run(Workspace.java:2267)
	at com.xilinx.sdk.sw.ui.handlers.RegenBspSourcesHandler$1.run(RegenBspSourcesHandler.java:135)
	at org.eclipse.jface.operation.ModalContext$ModalContextThread.run(ModalContext.java:119)
Contains: Could not delete: V:\software\m3_for_arty_a7\sdk_workspace\standalone_bsp_0\Cortex_M3_0\libsrc\axivdma_v6_5.
Contains: Could not delete: V:\software\m3_for_arty_a7\sdk_workspace\standalone_bsp_0\Cortex_M3_0\libsrc\standalone_v6_7.
java.nio.file.DirectoryNotEmptyException: V:\software\m3_for_arty_a7\sdk_workspace\standalone_bsp_0\Cortex_M3_0\libsrc\standalone_v6_7
	at sun.nio.fs.WindowsFileSystemProvider.implDelete(WindowsFileSystemProvider.java:266)
	at sun.nio.fs.AbstractFileSystemProvider.deleteIfExists(AbstractFileSystemProvider.java:108)
	at java.nio.file.Files.deleteIfExists(Files.java:1165)
	at org.eclipse.core.internal.filesystem.local.LocalFile.internalDelete(LocalFile.java:243)
	at org.eclipse.core.internal.filesystem.local.LocalFile.internalDelete(LocalFile.java:238)
	at org.eclipse.core.internal.filesystem.local.LocalFile.internalDelete(LocalFile.java:238)
	at org.eclipse.core.internal.filesystem.local.LocalFile.delete(LocalFile.java:136)
	at org.eclipse.core.internal.localstore.DeleteVisitor.delete(DeleteVisitor.java:63)
	at org.eclipse.core.internal.localstore.DeleteVisitor.visit(DeleteVisitor.java:151)
	at org.eclipse.core.internal.localstore.UnifiedTree.accept(UnifiedTree.java:111)
	at org.eclipse.core.internal.localstore.FileSystemResourceManager.delete(FileSystemResourceManager.java:367)
	at org.eclipse.core.internal.resources.ResourceTree.internalDeleteFolder(ResourceTree.java:358)
	at org.eclipse.core.internal.resources.ResourceTree.standardDeleteFolder(ResourceTree.java:810)
	at org.eclipse.core.internal.resources.Resource.unprotectedDelete(Resource.java:1832)
	at org.eclipse.core.internal.resources.Resource.delete(Resource.java:782)
	at org.eclipse.core.internal.resources.Resource.delete(Resource.java:750)
	at com.xilinx.sdk.sw.ui.handlers.RegenBspSourcesHandler.internalGenerateBsp(RegenBspSourcesHandler.java:170)
	at com.xilinx.sdk.sw.ui.handlers.RegenBspSourcesHandler.access$2(RegenBspSourcesHandler.java:163)
	at com.xilinx.sdk.sw.ui.handlers.RegenBspSourcesHandler$1$1.run(RegenBspSourcesHandler.java:131)
	at org.eclipse.core.internal.resources.Workspace.run(Workspace.java:2240)
	at org.eclipse.core.internal.resources.Workspace.run(Workspace.java:2267)
	at com.xilinx.sdk.sw.ui.handlers.RegenBspSourcesHandler$1.run(RegenBspSourcesHandler.java:135)
	at org.eclipse.jface.operation.ModalContext$ModalContextThread.run(ModalContext.java:119)
Contains: Could not delete: V:\software\m3_for_arty_a7\sdk_workspace\standalone_bsp_0\Cortex_M3_0\libsrc.
Contains: Could not delete: V:\software\m3_for_arty_a7\sdk_workspace\standalone_bsp_0\Cortex_M3_0.
15:46:58 ERROR : Failed to regenerate sources for BSP project standalone_bsp_0
org.eclipse.core.internal.resources.ResourceException: Problems encountered while deleting resources.
	at org.eclipse.core.internal.resources.Resource.delete(Resource.java:795)
	at org.eclipse.core.internal.resources.Resource.delete(Resource.java:750)
	at com.xilinx.sdk.sw.ui.handlers.RegenBspSourcesHandler.internalGenerateBsp(RegenBspSourcesHandler.java:170)
	at com.xilinx.sdk.sw.ui.handlers.RegenBspSourcesHandler.access$2(RegenBspSourcesHandler.java:163)
	at com.xilinx.sdk.sw.ui.handlers.RegenBspSourcesHandler$1$1.run(RegenBspSourcesHandler.java:131)
	at org.eclipse.core.internal.resources.Workspace.run(Workspace.java:2240)
	at org.eclipse.core.internal.resources.Workspace.run(Workspace.java:2267)
	at com.xilinx.sdk.sw.ui.handlers.RegenBspSourcesHandler$1.run(RegenBspSourcesHandler.java:135)
	at org.eclipse.jface.operation.ModalContext$ModalContextThread.run(ModalContext.java:119)
Contains: Could not delete '/standalone_bsp_0/Cortex_M3_0'.
org.eclipse.core.internal.resources.ResourceException: Problems encountered while deleting resources.
	at org.eclipse.core.internal.localstore.FileSystemResourceManager.delete(FileSystemResourceManager.java:370)
	at org.eclipse.core.internal.resources.ResourceTree.internalDeleteFolder(ResourceTree.java:358)
	at org.eclipse.core.internal.resources.ResourceTree.standardDeleteFolder(ResourceTree.java:810)
	at org.eclipse.core.internal.resources.Resource.unprotectedDelete(Resource.java:1832)
	at org.eclipse.core.internal.resources.Resource.delete(Resource.java:782)
	at org.eclipse.core.internal.resources.Resource.delete(Resource.java:750)
	at com.xilinx.sdk.sw.ui.handlers.RegenBspSourcesHandler.internalGenerateBsp(RegenBspSourcesHandler.java:170)
	at com.xilinx.sdk.sw.ui.handlers.RegenBspSourcesHandler.access$2(RegenBspSourcesHandler.java:163)
	at com.xilinx.sdk.sw.ui.handlers.RegenBspSourcesHandler$1$1.run(RegenBspSourcesHandler.java:131)
	at org.eclipse.core.internal.resources.Workspace.run(Workspace.java:2240)
	at org.eclipse.core.internal.resources.Workspace.run(Workspace.java:2267)
	at com.xilinx.sdk.sw.ui.handlers.RegenBspSourcesHandler$1.run(RegenBspSourcesHandler.java:135)
	at org.eclipse.jface.operation.ModalContext$ModalContextThread.run(ModalContext.java:119)
Contains: Problems encountered while deleting files.
Contains: Could not delete: V:\software\m3_for_arty_a7\sdk_workspace\standalone_bsp_0\Cortex_M3_0\include.
java.nio.file.AccessDeniedException: V:\software\m3_for_arty_a7\sdk_workspace\standalone_bsp_0\Cortex_M3_0\include
	at sun.nio.fs.WindowsException.translateToIOException(WindowsException.java:83)
	at sun.nio.fs.WindowsException.rethrowAsIOException(WindowsException.java:97)
	at sun.nio.fs.WindowsException.rethrowAsIOException(WindowsException.java:102)
	at sun.nio.fs.WindowsFileSystemProvider.implDelete(WindowsFileSystemProvider.java:269)
	at sun.nio.fs.AbstractFileSystemProvider.deleteIfExists(AbstractFileSystemProvider.java:108)
	at java.nio.file.Files.deleteIfExists(Files.java:1165)
	at org.eclipse.core.internal.filesystem.local.LocalFile.internalDelete(LocalFile.java:218)
	at org.eclipse.core.internal.filesystem.local.LocalFile.internalDelete(LocalFile.java:238)
	at org.eclipse.core.internal.filesystem.local.LocalFile.delete(LocalFile.java:136)
	at org.eclipse.core.internal.localstore.DeleteVisitor.delete(DeleteVisitor.java:63)
	at org.eclipse.core.internal.localstore.DeleteVisitor.visit(DeleteVisitor.java:151)
	at org.eclipse.core.internal.localstore.UnifiedTree.accept(UnifiedTree.java:111)
	at org.eclipse.core.internal.localstore.FileSystemResourceManager.delete(FileSystemResourceManager.java:367)
	at org.eclipse.core.internal.resources.ResourceTree.internalDeleteFolder(ResourceTree.java:358)
	at org.eclipse.core.internal.resources.ResourceTree.standardDeleteFolder(ResourceTree.java:810)
	at org.eclipse.core.internal.resources.Resource.unprotectedDelete(Resource.java:1832)
	at org.eclipse.core.internal.resources.Resource.delete(Resource.java:782)
	at org.eclipse.core.internal.resources.Resource.delete(Resource.java:750)
	at com.xilinx.sdk.sw.ui.handlers.RegenBspSourcesHandler.internalGenerateBsp(RegenBspSourcesHandler.java:170)
	at com.xilinx.sdk.sw.ui.handlers.RegenBspSourcesHandler.access$2(RegenBspSourcesHandler.java:163)
	at com.xilinx.sdk.sw.ui.handlers.RegenBspSourcesHandler$1$1.run(RegenBspSourcesHandler.java:131)
	at org.eclipse.core.internal.resources.Workspace.run(Workspace.java:2240)
	at org.eclipse.core.internal.resources.Workspace.run(Workspace.java:2267)
	at com.xilinx.sdk.sw.ui.handlers.RegenBspSourcesHandler$1.run(RegenBspSourcesHandler.java:135)
	at org.eclipse.jface.operation.ModalContext$ModalContextThread.run(ModalContext.java:119)
Contains: Could not delete: V:\software\m3_for_arty_a7\sdk_workspace\standalone_bsp_0\Cortex_M3_0\libsrc\axivdma_v6_5\src.
java.nio.file.AccessDeniedException: V:\software\m3_for_arty_a7\sdk_workspace\standalone_bsp_0\Cortex_M3_0\libsrc\axivdma_v6_5\src
	at sun.nio.fs.WindowsException.translateToIOException(WindowsException.java:83)
	at sun.nio.fs.WindowsException.rethrowAsIOException(WindowsException.java:97)
	at sun.nio.fs.WindowsException.rethrowAsIOException(WindowsException.java:102)
	at sun.nio.fs.WindowsFileSystemProvider.implDelete(WindowsFileSystemProvider.java:269)
	at sun.nio.fs.AbstractFileSystemProvider.deleteIfExists(AbstractFileSystemProvider.java:108)
	at java.nio.file.Files.deleteIfExists(Files.java:1165)
	at org.eclipse.core.internal.filesystem.local.LocalFile.internalDelete(LocalFile.java:218)
	at org.eclipse.core.internal.filesystem.local.LocalFile.internalDelete(LocalFile.java:238)
	at org.eclipse.core.internal.filesystem.local.LocalFile.internalDelete(LocalFile.java:238)
	at org.eclipse.core.internal.filesystem.local.LocalFile.internalDelete(LocalFile.java:238)
	at org.eclipse.core.internal.filesystem.local.LocalFile.delete(LocalFile.java:136)
	at org.eclipse.core.internal.localstore.DeleteVisitor.delete(DeleteVisitor.java:63)
	at org.eclipse.core.internal.localstore.DeleteVisitor.visit(DeleteVisitor.java:151)
	at org.eclipse.core.internal.localstore.UnifiedTree.accept(UnifiedTree.java:111)
	at org.eclipse.core.internal.localstore.FileSystemResourceManager.delete(FileSystemResourceManager.java:367)
	at org.eclipse.core.internal.resources.ResourceTree.internalDeleteFolder(ResourceTree.java:358)
	at org.eclipse.core.internal.resources.ResourceTree.standardDeleteFolder(ResourceTree.java:810)
	at org.eclipse.core.internal.resources.Resource.unprotectedDelete(Resource.java:1832)
	at org.eclipse.core.internal.resources.Resource.delete(Resource.java:782)
	at org.eclipse.core.internal.resources.Resource.delete(Resource.java:750)
	at com.xilinx.sdk.sw.ui.handlers.RegenBspSourcesHandler.internalGenerateBsp(RegenBspSourcesHandler.java:170)
	at com.xilinx.sdk.sw.ui.handlers.RegenBspSourcesHandler.access$2(RegenBspSourcesHandler.java:163)
	at com.xilinx.sdk.sw.ui.handlers.RegenBspSourcesHandler$1$1.run(RegenBspSourcesHandler.java:131)
	at org.eclipse.core.internal.resources.Workspace.run(Workspace.java:2240)
	at org.eclipse.core.internal.resources.Workspace.run(Workspace.java:2267)
	at com.xilinx.sdk.sw.ui.handlers.RegenBspSourcesHandler$1.run(RegenBspSourcesHandler.java:135)
	at org.eclipse.jface.operation.ModalContext$ModalContextThread.run(ModalContext.java:119)
Contains: Could not delete: V:\software\m3_for_arty_a7\sdk_workspace\standalone_bsp_0\Cortex_M3_0\libsrc\axivdma_v6_5.
Contains: Could not delete: V:\software\m3_for_arty_a7\sdk_workspace\standalone_bsp_0\Cortex_M3_0\libsrc\standalone_v6_7\src.
java.nio.file.AccessDeniedException: V:\software\m3_for_arty_a7\sdk_workspace\standalone_bsp_0\Cortex_M3_0\libsrc\standalone_v6_7\src
	at sun.nio.fs.WindowsException.translateToIOException(WindowsException.java:83)
	at sun.nio.fs.WindowsException.rethrowAsIOException(WindowsException.java:97)
	at sun.nio.fs.WindowsException.rethrowAsIOException(WindowsException.java:102)
	at sun.nio.fs.WindowsFileSystemProvider.implDelete(WindowsFileSystemProvider.java:269)
	at sun.nio.fs.AbstractFileSystemProvider.deleteIfExists(AbstractFileSystemProvider.java:108)
	at java.nio.file.Files.deleteIfExists(Files.java:1165)
	at org.eclipse.core.internal.filesystem.local.LocalFile.internalDelete(LocalFile.java:218)
	at org.eclipse.core.internal.filesystem.local.LocalFile.internalDelete(LocalFile.java:238)
	at org.eclipse.core.internal.filesystem.local.LocalFile.internalDelete(LocalFile.java:238)
	at org.eclipse.core.internal.filesystem.local.LocalFile.internalDelete(LocalFile.java:238)
	at org.eclipse.core.internal.filesystem.local.LocalFile.delete(LocalFile.java:136)
	at org.eclipse.core.internal.localstore.DeleteVisitor.delete(DeleteVisitor.java:63)
	at org.eclipse.core.internal.localstore.DeleteVisitor.visit(DeleteVisitor.java:151)
	at org.eclipse.core.internal.localstore.UnifiedTree.accept(UnifiedTree.java:111)
	at org.eclipse.core.internal.localstore.FileSystemResourceManager.delete(FileSystemResourceManager.java:367)
	at org.eclipse.core.internal.resources.ResourceTree.internalDeleteFolder(ResourceTree.java:358)
	at org.eclipse.core.internal.resources.ResourceTree.standardDeleteFolder(ResourceTree.java:810)
	at org.eclipse.core.internal.resources.Resource.unprotectedDelete(Resource.java:1832)
	at org.eclipse.core.internal.resources.Resource.delete(Resource.java:782)
	at org.eclipse.core.internal.resources.Resource.delete(Resource.java:750)
	at com.xilinx.sdk.sw.ui.handlers.RegenBspSourcesHandler.internalGenerateBsp(RegenBspSourcesHandler.java:170)
	at com.xilinx.sdk.sw.ui.handlers.RegenBspSourcesHandler.access$2(RegenBspSourcesHandler.java:163)
	at com.xilinx.sdk.sw.ui.handlers.RegenBspSourcesHandler$1$1.run(RegenBspSourcesHandler.java:131)
	at org.eclipse.core.internal.resources.Workspace.run(Workspace.java:2240)
	at org.eclipse.core.internal.resources.Workspace.run(Workspace.java:2267)
	at com.xilinx.sdk.sw.ui.handlers.RegenBspSourcesHandler$1.run(RegenBspSourcesHandler.java:135)
	at org.eclipse.jface.operation.ModalContext$ModalContextThread.run(ModalContext.java:119)
Contains: Could not delete: V:\software\m3_for_arty_a7\sdk_workspace\standalone_bsp_0\Cortex_M3_0\libsrc\standalone_v6_7.
Contains: Could not delete: V:\software\m3_for_arty_a7\sdk_workspace\standalone_bsp_0\Cortex_M3_0\libsrc.
Contains: Could not delete: V:\software\m3_for_arty_a7\sdk_workspace\standalone_bsp_0\Cortex_M3_0.
15:47:11 ERROR : Failed to regenerate sources for BSP project standalone_bsp_0
org.eclipse.core.internal.resources.ResourceException: Problems encountered while deleting resources.
	at org.eclipse.core.internal.resources.Resource.delete(Resource.java:795)
	at org.eclipse.core.internal.resources.Resource.delete(Resource.java:750)
	at com.xilinx.sdk.sw.ui.handlers.RegenBspSourcesHandler.internalGenerateBsp(RegenBspSourcesHandler.java:170)
	at com.xilinx.sdk.sw.ui.handlers.RegenBspSourcesHandler.access$2(RegenBspSourcesHandler.java:163)
	at com.xilinx.sdk.sw.ui.handlers.RegenBspSourcesHandler$1$1.run(RegenBspSourcesHandler.java:131)
	at org.eclipse.core.internal.resources.Workspace.run(Workspace.java:2240)
	at org.eclipse.core.internal.resources.Workspace.run(Workspace.java:2267)
	at com.xilinx.sdk.sw.ui.handlers.RegenBspSourcesHandler$1.run(RegenBspSourcesHandler.java:135)
	at org.eclipse.jface.operation.ModalContext$ModalContextThread.run(ModalContext.java:119)
Contains: Could not delete '/standalone_bsp_0/Cortex_M3_0'.
org.eclipse.core.internal.resources.ResourceException: Problems encountered while deleting resources.
	at org.eclipse.core.internal.localstore.FileSystemResourceManager.delete(FileSystemResourceManager.java:370)
	at org.eclipse.core.internal.resources.ResourceTree.internalDeleteFolder(ResourceTree.java:358)
	at org.eclipse.core.internal.resources.ResourceTree.standardDeleteFolder(ResourceTree.java:810)
	at org.eclipse.core.internal.resources.Resource.unprotectedDelete(Resource.java:1832)
	at org.eclipse.core.internal.resources.Resource.delete(Resource.java:782)
	at org.eclipse.core.internal.resources.Resource.delete(Resource.java:750)
	at com.xilinx.sdk.sw.ui.handlers.RegenBspSourcesHandler.internalGenerateBsp(RegenBspSourcesHandler.java:170)
	at com.xilinx.sdk.sw.ui.handlers.RegenBspSourcesHandler.access$2(RegenBspSourcesHandler.java:163)
	at com.xilinx.sdk.sw.ui.handlers.RegenBspSourcesHandler$1$1.run(RegenBspSourcesHandler.java:131)
	at org.eclipse.core.internal.resources.Workspace.run(Workspace.java:2240)
	at org.eclipse.core.internal.resources.Workspace.run(Workspace.java:2267)
	at com.xilinx.sdk.sw.ui.handlers.RegenBspSourcesHandler$1.run(RegenBspSourcesHandler.java:135)
	at org.eclipse.jface.operation.ModalContext$ModalContextThread.run(ModalContext.java:119)
Contains: Problems encountered while deleting files.
Contains: Could not delete: V:\software\m3_for_arty_a7\sdk_workspace\standalone_bsp_0\Cortex_M3_0\include.
java.nio.file.AccessDeniedException: V:\software\m3_for_arty_a7\sdk_workspace\standalone_bsp_0\Cortex_M3_0\include
	at sun.nio.fs.WindowsException.translateToIOException(WindowsException.java:83)
	at sun.nio.fs.WindowsException.rethrowAsIOException(WindowsException.java:97)
	at sun.nio.fs.WindowsException.rethrowAsIOException(WindowsException.java:102)
	at sun.nio.fs.WindowsFileSystemProvider.implDelete(WindowsFileSystemProvider.java:269)
	at sun.nio.fs.AbstractFileSystemProvider.deleteIfExists(AbstractFileSystemProvider.java:108)
	at java.nio.file.Files.deleteIfExists(Files.java:1165)
	at org.eclipse.core.internal.filesystem.local.LocalFile.internalDelete(LocalFile.java:218)
	at org.eclipse.core.internal.filesystem.local.LocalFile.internalDelete(LocalFile.java:238)
	at org.eclipse.core.internal.filesystem.local.LocalFile.delete(LocalFile.java:136)
	at org.eclipse.core.internal.localstore.DeleteVisitor.delete(DeleteVisitor.java:63)
	at org.eclipse.core.internal.localstore.DeleteVisitor.visit(DeleteVisitor.java:151)
	at org.eclipse.core.internal.localstore.UnifiedTree.accept(UnifiedTree.java:111)
	at org.eclipse.core.internal.localstore.FileSystemResourceManager.delete(FileSystemResourceManager.java:367)
	at org.eclipse.core.internal.resources.ResourceTree.internalDeleteFolder(ResourceTree.java:358)
	at org.eclipse.core.internal.resources.ResourceTree.standardDeleteFolder(ResourceTree.java:810)
	at org.eclipse.core.internal.resources.Resource.unprotectedDelete(Resource.java:1832)
	at org.eclipse.core.internal.resources.Resource.delete(Resource.java:782)
	at org.eclipse.core.internal.resources.Resource.delete(Resource.java:750)
	at com.xilinx.sdk.sw.ui.handlers.RegenBspSourcesHandler.internalGenerateBsp(RegenBspSourcesHandler.java:170)
	at com.xilinx.sdk.sw.ui.handlers.RegenBspSourcesHandler.access$2(RegenBspSourcesHandler.java:163)
	at com.xilinx.sdk.sw.ui.handlers.RegenBspSourcesHandler$1$1.run(RegenBspSourcesHandler.java:131)
	at org.eclipse.core.internal.resources.Workspace.run(Workspace.java:2240)
	at org.eclipse.core.internal.resources.Workspace.run(Workspace.java:2267)
	at com.xilinx.sdk.sw.ui.handlers.RegenBspSourcesHandler$1.run(RegenBspSourcesHandler.java:135)
	at org.eclipse.jface.operation.ModalContext$ModalContextThread.run(ModalContext.java:119)
Contains: Could not delete: V:\software\m3_for_arty_a7\sdk_workspace\standalone_bsp_0\Cortex_M3_0\libsrc\axivdma_v6_5\src.
java.nio.file.AccessDeniedException: V:\software\m3_for_arty_a7\sdk_workspace\standalone_bsp_0\Cortex_M3_0\libsrc\axivdma_v6_5\src
	at sun.nio.fs.WindowsException.translateToIOException(WindowsException.java:83)
	at sun.nio.fs.WindowsException.rethrowAsIOException(WindowsException.java:97)
	at sun.nio.fs.WindowsException.rethrowAsIOException(WindowsException.java:102)
	at sun.nio.fs.WindowsFileSystemProvider.implDelete(WindowsFileSystemProvider.java:269)
	at sun.nio.fs.AbstractFileSystemProvider.deleteIfExists(AbstractFileSystemProvider.java:108)
	at java.nio.file.Files.deleteIfExists(Files.java:1165)
	at org.eclipse.core.internal.filesystem.local.LocalFile.internalDelete(LocalFile.java:218)
	at org.eclipse.core.internal.filesystem.local.LocalFile.internalDelete(LocalFile.java:238)
	at org.eclipse.core.internal.filesystem.local.LocalFile.internalDelete(LocalFile.java:238)
	at org.eclipse.core.internal.filesystem.local.LocalFile.internalDelete(LocalFile.java:238)
	at org.eclipse.core.internal.filesystem.local.LocalFile.delete(LocalFile.java:136)
	at org.eclipse.core.internal.localstore.DeleteVisitor.delete(DeleteVisitor.java:63)
	at org.eclipse.core.internal.localstore.DeleteVisitor.visit(DeleteVisitor.java:151)
	at org.eclipse.core.internal.localstore.UnifiedTree.accept(UnifiedTree.java:111)
	at org.eclipse.core.internal.localstore.FileSystemResourceManager.delete(FileSystemResourceManager.java:367)
	at org.eclipse.core.internal.resources.ResourceTree.internalDeleteFolder(ResourceTree.java:358)
	at org.eclipse.core.internal.resources.ResourceTree.standardDeleteFolder(ResourceTree.java:810)
	at org.eclipse.core.internal.resources.Resource.unprotectedDelete(Resource.java:1832)
	at org.eclipse.core.internal.resources.Resource.delete(Resource.java:782)
	at org.eclipse.core.internal.resources.Resource.delete(Resource.java:750)
	at com.xilinx.sdk.sw.ui.handlers.RegenBspSourcesHandler.internalGenerateBsp(RegenBspSourcesHandler.java:170)
	at com.xilinx.sdk.sw.ui.handlers.RegenBspSourcesHandler.access$2(RegenBspSourcesHandler.java:163)
	at com.xilinx.sdk.sw.ui.handlers.RegenBspSourcesHandler$1$1.run(RegenBspSourcesHandler.java:131)
	at org.eclipse.core.internal.resources.Workspace.run(Workspace.java:2240)
	at org.eclipse.core.internal.resources.Workspace.run(Workspace.java:2267)
	at com.xilinx.sdk.sw.ui.handlers.RegenBspSourcesHandler$1.run(RegenBspSourcesHandler.java:135)
	at org.eclipse.jface.operation.ModalContext$ModalContextThread.run(ModalContext.java:119)
Contains: Could not delete: V:\software\m3_for_arty_a7\sdk_workspace\standalone_bsp_0\Cortex_M3_0\libsrc\axivdma_v6_5.
Contains: Could not delete: V:\software\m3_for_arty_a7\sdk_workspace\standalone_bsp_0\Cortex_M3_0\libsrc\standalone_v6_7\src.
java.nio.file.AccessDeniedException: V:\software\m3_for_arty_a7\sdk_workspace\standalone_bsp_0\Cortex_M3_0\libsrc\standalone_v6_7\src
	at sun.nio.fs.WindowsException.translateToIOException(WindowsException.java:83)
	at sun.nio.fs.WindowsException.rethrowAsIOException(WindowsException.java:97)
	at sun.nio.fs.WindowsException.rethrowAsIOException(WindowsException.java:102)
	at sun.nio.fs.WindowsFileSystemProvider.implDelete(WindowsFileSystemProvider.java:269)
	at sun.nio.fs.AbstractFileSystemProvider.deleteIfExists(AbstractFileSystemProvider.java:108)
	at java.nio.file.Files.deleteIfExists(Files.java:1165)
	at org.eclipse.core.internal.filesystem.local.LocalFile.internalDelete(LocalFile.java:218)
	at org.eclipse.core.internal.filesystem.local.LocalFile.internalDelete(LocalFile.java:238)
	at org.eclipse.core.internal.filesystem.local.LocalFile.internalDelete(LocalFile.java:238)
	at org.eclipse.core.internal.filesystem.local.LocalFile.internalDelete(LocalFile.java:238)
	at org.eclipse.core.internal.filesystem.local.LocalFile.delete(LocalFile.java:136)
	at org.eclipse.core.internal.localstore.DeleteVisitor.delete(DeleteVisitor.java:63)
	at org.eclipse.core.internal.localstore.DeleteVisitor.visit(DeleteVisitor.java:151)
	at org.eclipse.core.internal.localstore.UnifiedTree.accept(UnifiedTree.java:111)
	at org.eclipse.core.internal.localstore.FileSystemResourceManager.delete(FileSystemResourceManager.java:367)
	at org.eclipse.core.internal.resources.ResourceTree.internalDeleteFolder(ResourceTree.java:358)
	at org.eclipse.core.internal.resources.ResourceTree.standardDeleteFolder(ResourceTree.java:810)
	at org.eclipse.core.internal.resources.Resource.unprotectedDelete(Resource.java:1832)
	at org.eclipse.core.internal.resources.Resource.delete(Resource.java:782)
	at org.eclipse.core.internal.resources.Resource.delete(Resource.java:750)
	at com.xilinx.sdk.sw.ui.handlers.RegenBspSourcesHandler.internalGenerateBsp(RegenBspSourcesHandler.java:170)
	at com.xilinx.sdk.sw.ui.handlers.RegenBspSourcesHandler.access$2(RegenBspSourcesHandler.java:163)
	at com.xilinx.sdk.sw.ui.handlers.RegenBspSourcesHandler$1$1.run(RegenBspSourcesHandler.java:131)
	at org.eclipse.core.internal.resources.Workspace.run(Workspace.java:2240)
	at org.eclipse.core.internal.resources.Workspace.run(Workspace.java:2267)
	at com.xilinx.sdk.sw.ui.handlers.RegenBspSourcesHandler$1.run(RegenBspSourcesHandler.java:135)
	at org.eclipse.jface.operation.ModalContext$ModalContextThread.run(ModalContext.java:119)
Contains: Could not delete: V:\software\m3_for_arty_a7\sdk_workspace\standalone_bsp_0\Cortex_M3_0\libsrc\standalone_v6_7.
Contains: Could not delete: V:\software\m3_for_arty_a7\sdk_workspace\standalone_bsp_0\Cortex_M3_0\libsrc.
Contains: Could not delete: V:\software\m3_for_arty_a7\sdk_workspace\standalone_bsp_0\Cortex_M3_0.
14:21:06 INFO  : Launching XSCT server: xsct.bat -interactive V:\software\m3_for_arty_a7\sdk_workspace\temp_xsdb_launch_script.tcl
14:21:09 INFO  : XSCT server has started successfully.
14:21:10 INFO  : Successfully done setting XSCT server connection channel  
14:21:10 INFO  : Successfully done setting SDK workspace  
14:21:10 INFO  : Restoring global repository preferences: 
		 V:\vivado\Arm_sw_repository
14:21:15 INFO  : Registering command handlers for SDK TCF services
14:21:15 INFO  : Processing command line option -hwspec V:/software/m3_for_arty_a7_wrapper.hdf.
14:21:16 INFO  : Checking for hwspec changes in the project m3_for_arty_a7_wrapper_hw_platform_0.
14:21:16 INFO  : SDK has detected change in the last modified timestamps for source hardware specification file Source:1560061106460,  Project:1559893570724
14:21:16 INFO  : The hardware specification for project 'm3_for_arty_a7_wrapper_hw_platform_0' is different from V:/software/m3_for_arty_a7_wrapper.hdf.
14:21:16 INFO  : Copied contents of V:/software/m3_for_arty_a7_wrapper.hdf into \m3_for_arty_a7_wrapper_hw_platform_0\system.hdf.
14:21:17 INFO  : Synchronizing projects in the workspace with the hardware platform specification changes.
14:21:19 INFO  : 
14:21:19 INFO  : Clearing existing target manager status.
14:21:19 INFO  : Closing and re-opening the MSS file of ther project standalone_bsp_0
14:21:20 INFO  : Workspace synchronized with the new hardware specification file. Cleaning dependent projects...
14:21:21 WARN  : Linker script will not be updated automatically. Users need to update it manually.
