
*** Running vivado
    with args -log Vertical_Projection8.vds -m64 -product Vivado -mode batch -messageDb vivado.pb -notrace -source Vertical_Projection8.tcl


****** Vivado v2018.2 (64-bit)
  **** SW Build 2258646 on Thu Jun 14 20:03:12 MDT 2018
  **** IP Build 2256618 on Thu Jun 14 22:10:49 MDT 2018
    ** Copyright 1986-2018 Xilinx, Inc. All Rights Reserved.

source Vertical_Projection8.tcl -notrace
Command: synth_design -top Vertical_Projection8 -part xc7a100tcsg324-1
Starting synth_design
Attempting to get a license for feature 'Synthesis' and/or device 'xc7a100t'
INFO: [Common 17-349] Got license for feature 'Synthesis' and/or device 'xc7a100t'
INFO: Launching helper process for spawning children vivado processes
INFO: Helper process launched with PID 61568 
WARNING: [Synth 8-2507] parameter declaration becomes local in Vertical_Projection8 with formal parameter declaration list [v:/vivado/Arm_ipi_repository/Vertical_Projection_char8/src/Vertical_Projection8.v:44]
WARNING: [Synth 8-2507] parameter declaration becomes local in Vertical_Projection8 with formal parameter declaration list [v:/vivado/Arm_ipi_repository/Vertical_Projection_char8/src/Vertical_Projection8.v:45]
WARNING: [Synth 8-2507] parameter declaration becomes local in Vertical_Projection8 with formal parameter declaration list [v:/vivado/Arm_ipi_repository/Vertical_Projection_char8/src/Vertical_Projection8.v:46]
WARNING: [Synth 8-2507] parameter declaration becomes local in Vertical_Projection8 with formal parameter declaration list [v:/vivado/Arm_ipi_repository/Vertical_Projection_char8/src/Vertical_Projection8.v:47]
WARNING: [Synth 8-2507] parameter declaration becomes local in Vertical_Projection8 with formal parameter declaration list [v:/vivado/Arm_ipi_repository/Vertical_Projection_char8/src/Vertical_Projection8.v:48]
---------------------------------------------------------------------------------
Starting RTL Elaboration : Time (s): cpu = 00:00:08 ; elapsed = 00:00:09 . Memory (MB): peak = 481.957 ; gain = 111.816
---------------------------------------------------------------------------------
INFO: [Synth 8-6157] synthesizing module 'Vertical_Projection8' [v:/vivado/Arm_ipi_repository/Vertical_Projection_char8/src/Vertical_Projection8.v:7]
	Parameter IMG_WIDTH_LINE bound to: 640 - type: integer 
	Parameter IMG_WIDTH_DATA bound to: 8 - type: integer 
	Parameter IDLE bound to: 5'b00001 
	Parameter FRAME1 bound to: 5'b00010 
	Parameter FRAME2 bound to: 5'b00100 
	Parameter FRAME3 bound to: 5'b01000 
	Parameter FRAME4 bound to: 5'b10000 
INFO: [Synth 8-155] case statement is not full and has no default [v:/vivado/Arm_ipi_repository/Vertical_Projection_char8/src/Vertical_Projection8.v:200]
INFO: [Synth 8-155] case statement is not full and has no default [v:/vivado/Arm_ipi_repository/Vertical_Projection_char8/src/Vertical_Projection8.v:275]
INFO: [Synth 8-638] synthesizing module 'vp_ram' [v:/vivado/Arm_ipi_repository/Vertical_Projection_char8/src/vp_ram/synth/vp_ram.vhd:71]
	Parameter C_FAMILY bound to: artix7 - type: string 
	Parameter C_XDEVICEFAMILY bound to: artix7 - type: string 
	Parameter C_ELABORATION_DIR bound to: ./ - type: string 
	Parameter C_INTERFACE_TYPE bound to: 0 - type: integer 
	Parameter C_AXI_TYPE bound to: 1 - type: integer 
	Parameter C_AXI_SLAVE_TYPE bound to: 0 - type: integer 
	Parameter C_USE_BRAM_BLOCK bound to: 0 - type: integer 
	Parameter C_ENABLE_32BIT_ADDRESS bound to: 0 - type: integer 
	Parameter C_CTRL_ECC_ALGO bound to: NONE - type: string 
	Parameter C_HAS_AXI_ID bound to: 0 - type: integer 
	Parameter C_AXI_ID_WIDTH bound to: 4 - type: integer 
	Parameter C_MEM_TYPE bound to: 1 - type: integer 
	Parameter C_BYTE_SIZE bound to: 9 - type: integer 
	Parameter C_ALGORITHM bound to: 1 - type: integer 
	Parameter C_PRIM_TYPE bound to: 1 - type: integer 
	Parameter C_LOAD_INIT_FILE bound to: 0 - type: integer 
	Parameter C_INIT_FILE_NAME bound to: no_coe_file_loaded - type: string 
	Parameter C_INIT_FILE bound to: vp_ram.mem - type: string 
	Parameter C_USE_DEFAULT_DATA bound to: 0 - type: integer 
	Parameter C_DEFAULT_DATA bound to: 0 - type: string 
	Parameter C_HAS_RSTA bound to: 0 - type: integer 
	Parameter C_RST_PRIORITY_A bound to: CE - type: string 
	Parameter C_RSTRAM_A bound to: 0 - type: integer 
	Parameter C_INITA_VAL bound to: 0 - type: string 
	Parameter C_HAS_ENA bound to: 0 - type: integer 
	Parameter C_HAS_REGCEA bound to: 0 - type: integer 
	Parameter C_USE_BYTE_WEA bound to: 0 - type: integer 
	Parameter C_WEA_WIDTH bound to: 1 - type: integer 
	Parameter C_WRITE_MODE_A bound to: NO_CHANGE - type: string 
	Parameter C_WRITE_WIDTH_A bound to: 1 - type: integer 
	Parameter C_READ_WIDTH_A bound to: 1 - type: integer 
	Parameter C_WRITE_DEPTH_A bound to: 1920 - type: integer 
	Parameter C_READ_DEPTH_A bound to: 1920 - type: integer 
	Parameter C_ADDRA_WIDTH bound to: 11 - type: integer 
	Parameter C_HAS_RSTB bound to: 0 - type: integer 
	Parameter C_RST_PRIORITY_B bound to: CE - type: string 
	Parameter C_RSTRAM_B bound to: 0 - type: integer 
	Parameter C_INITB_VAL bound to: 0 - type: string 
	Parameter C_HAS_ENB bound to: 0 - type: integer 
	Parameter C_HAS_REGCEB bound to: 0 - type: integer 
	Parameter C_USE_BYTE_WEB bound to: 0 - type: integer 
	Parameter C_WEB_WIDTH bound to: 1 - type: integer 
	Parameter C_WRITE_MODE_B bound to: WRITE_FIRST - type: string 
	Parameter C_WRITE_WIDTH_B bound to: 1 - type: integer 
	Parameter C_READ_WIDTH_B bound to: 1 - type: integer 
	Parameter C_WRITE_DEPTH_B bound to: 1920 - type: integer 
	Parameter C_READ_DEPTH_B bound to: 1920 - type: integer 
	Parameter C_ADDRB_WIDTH bound to: 11 - type: integer 
	Parameter C_HAS_MEM_OUTPUT_REGS_A bound to: 0 - type: integer 
	Parameter C_HAS_MEM_OUTPUT_REGS_B bound to: 1 - type: integer 
	Parameter C_HAS_MUX_OUTPUT_REGS_A bound to: 0 - type: integer 
	Parameter C_HAS_MUX_OUTPUT_REGS_B bound to: 0 - type: integer 
	Parameter C_MUX_PIPELINE_STAGES bound to: 0 - type: integer 
	Parameter C_HAS_SOFTECC_INPUT_REGS_A bound to: 0 - type: integer 
	Parameter C_HAS_SOFTECC_OUTPUT_REGS_B bound to: 0 - type: integer 
	Parameter C_USE_SOFTECC bound to: 0 - type: integer 
	Parameter C_USE_ECC bound to: 0 - type: integer 
	Parameter C_EN_ECC_PIPE bound to: 0 - type: integer 
	Parameter C_HAS_INJECTERR bound to: 0 - type: integer 
	Parameter C_SIM_COLLISION_CHECK bound to: ALL - type: string 
	Parameter C_COMMON_CLK bound to: 0 - type: integer 
	Parameter C_DISABLE_WARN_BHV_COLL bound to: 0 - type: integer 
	Parameter C_EN_SLEEP_PIN bound to: 0 - type: integer 
	Parameter C_USE_URAM bound to: 0 - type: integer 
	Parameter C_EN_RDADDRA_CHG bound to: 0 - type: integer 
	Parameter C_EN_RDADDRB_CHG bound to: 0 - type: integer 
	Parameter C_EN_DEEPSLEEP_PIN bound to: 0 - type: integer 
	Parameter C_EN_SHUTDOWN_PIN bound to: 0 - type: integer 
	Parameter C_EN_SAFETY_CKT bound to: 0 - type: integer 
	Parameter C_DISABLE_WARN_BHV_RANGE bound to: 0 - type: integer 
	Parameter C_COUNT_36K_BRAM bound to: 0 - type: string 
	Parameter C_COUNT_18K_BRAM bound to: 1 - type: string 
	Parameter C_EST_POWER_SUMMARY bound to: Estimated Power for IP     :     1.968537 mW - type: string 
INFO: [Synth 8-3491] module 'blk_mem_gen_v8_4_1' declared at 'v:/vivado/Arm_ipi_repository/Vertical_Projection_char8/src/vp_ram/hdl/blk_mem_gen_v8_4_vhsyn_rfs.vhd:195313' bound to instance 'U0' of component 'blk_mem_gen_v8_4_1' [v:/vivado/Arm_ipi_repository/Vertical_Projection_char8/src/vp_ram/synth/vp_ram.vhd:237]
INFO: [Synth 8-256] done synthesizing module 'vp_ram' (9#1) [v:/vivado/Arm_ipi_repository/Vertical_Projection_char8/src/vp_ram/synth/vp_ram.vhd:71]
WARNING: [Synth 8-689] width (12) of port connection 'addra' does not match port width (11) of module 'vp_ram' [v:/vivado/Arm_ipi_repository/Vertical_Projection_char8/src/Vertical_Projection8.v:400]
WARNING: [Synth 8-689] width (12) of port connection 'addrb' does not match port width (11) of module 'vp_ram' [v:/vivado/Arm_ipi_repository/Vertical_Projection_char8/src/Vertical_Projection8.v:403]
WARNING: [Synth 8-689] width (12) of port connection 'addra' does not match port width (11) of module 'vp_ram' [v:/vivado/Arm_ipi_repository/Vertical_Projection_char8/src/Vertical_Projection8.v:410]
WARNING: [Synth 8-689] width (12) of port connection 'addrb' does not match port width (11) of module 'vp_ram' [v:/vivado/Arm_ipi_repository/Vertical_Projection_char8/src/Vertical_Projection8.v:413]
WARNING: [Synth 8-6014] Unused sequential element hs_r_reg was removed.  [v:/vivado/Arm_ipi_repository/Vertical_Projection_char8/src/Vertical_Projection8.v:60]
WARNING: [Synth 8-6014] Unused sequential element de_r_reg was removed.  [v:/vivado/Arm_ipi_repository/Vertical_Projection_char8/src/Vertical_Projection8.v:62]
WARNING: [Synth 8-6014] Unused sequential element vcount_l2_r_reg was removed.  [v:/vivado/Arm_ipi_repository/Vertical_Projection_char8/src/Vertical_Projection8.v:266]
WARNING: [Synth 8-6014] Unused sequential element vcount_r2_r_reg was removed.  [v:/vivado/Arm_ipi_repository/Vertical_Projection_char8/src/Vertical_Projection8.v:267]
INFO: [Synth 8-6155] done synthesizing module 'Vertical_Projection8' (10#1) [v:/vivado/Arm_ipi_repository/Vertical_Projection_char8/src/Vertical_Projection8.v:7]
WARNING: [Synth 8-3331] design blk_mem_gen_prim_wrapper has unconnected port SSRA
WARNING: [Synth 8-3331] design blk_mem_gen_prim_wrapper has unconnected port REGCEA
WARNING: [Synth 8-3331] design blk_mem_gen_prim_wrapper has unconnected port SSRB
WARNING: [Synth 8-3331] design blk_mem_gen_prim_wrapper has unconnected port WEB[0]
WARNING: [Synth 8-3331] design blk_mem_gen_prim_wrapper has unconnected port DINB[8]
WARNING: [Synth 8-3331] design blk_mem_gen_prim_wrapper has unconnected port DINB[7]
WARNING: [Synth 8-3331] design blk_mem_gen_prim_wrapper has unconnected port DINB[6]
WARNING: [Synth 8-3331] design blk_mem_gen_prim_wrapper has unconnected port DINB[5]
WARNING: [Synth 8-3331] design blk_mem_gen_prim_wrapper has unconnected port DINB[4]
WARNING: [Synth 8-3331] design blk_mem_gen_prim_wrapper has unconnected port DINB[3]
WARNING: [Synth 8-3331] design blk_mem_gen_prim_wrapper has unconnected port DINB[2]
WARNING: [Synth 8-3331] design blk_mem_gen_prim_wrapper has unconnected port DINB[1]
WARNING: [Synth 8-3331] design blk_mem_gen_prim_wrapper has unconnected port DINB[0]
WARNING: [Synth 8-3331] design blk_mem_gen_prim_wrapper has unconnected port SLEEP
WARNING: [Synth 8-3331] design blk_mem_gen_prim_wrapper has unconnected port INJECTSBITERR
WARNING: [Synth 8-3331] design blk_mem_gen_prim_wrapper has unconnected port INJECTDBITERR
WARNING: [Synth 8-3331] design blk_mem_gen_prim_wrapper has unconnected port ECCPIPECE
WARNING: [Synth 8-3331] design blk_mem_gen_generic_cstr has unconnected port REGCEA[0]
WARNING: [Synth 8-3331] design blk_mem_gen_generic_cstr has unconnected port RSTB[0]
WARNING: [Synth 8-3331] design blk_mem_gen_generic_cstr has unconnected port INJECTSBITERR
WARNING: [Synth 8-3331] design blk_mem_gen_generic_cstr has unconnected port INJECTDBITERR
WARNING: [Synth 8-3331] design blk_mem_output_block has unconnected port CLKB
WARNING: [Synth 8-3331] design blk_mem_output_block has unconnected port DOUTA_I[0]
WARNING: [Synth 8-3331] design blk_mem_output_block has unconnected port SBITERR_I
WARNING: [Synth 8-3331] design blk_mem_output_block has unconnected port DBITERR_I
WARNING: [Synth 8-3331] design blk_mem_output_block has unconnected port RDADDRECC_I[10]
WARNING: [Synth 8-3331] design blk_mem_output_block has unconnected port RDADDRECC_I[9]
WARNING: [Synth 8-3331] design blk_mem_output_block has unconnected port RDADDRECC_I[8]
WARNING: [Synth 8-3331] design blk_mem_output_block has unconnected port RDADDRECC_I[7]
WARNING: [Synth 8-3331] design blk_mem_output_block has unconnected port RDADDRECC_I[6]
WARNING: [Synth 8-3331] design blk_mem_output_block has unconnected port RDADDRECC_I[5]
WARNING: [Synth 8-3331] design blk_mem_output_block has unconnected port RDADDRECC_I[4]
WARNING: [Synth 8-3331] design blk_mem_output_block has unconnected port RDADDRECC_I[3]
WARNING: [Synth 8-3331] design blk_mem_output_block has unconnected port RDADDRECC_I[2]
WARNING: [Synth 8-3331] design blk_mem_output_block has unconnected port RDADDRECC_I[1]
WARNING: [Synth 8-3331] design blk_mem_output_block has unconnected port RDADDRECC_I[0]
WARNING: [Synth 8-3331] design blk_mem_input_block has unconnected port RSTA
WARNING: [Synth 8-3331] design blk_mem_input_block has unconnected port ENA
WARNING: [Synth 8-3331] design blk_mem_input_block has unconnected port REGCEA
WARNING: [Synth 8-3331] design blk_mem_input_block has unconnected port RSTB
WARNING: [Synth 8-3331] design blk_mem_input_block has unconnected port ENB
WARNING: [Synth 8-3331] design blk_mem_input_block has unconnected port REGCEB
WARNING: [Synth 8-3331] design blk_mem_input_block has unconnected port WEB[0]
WARNING: [Synth 8-3331] design blk_mem_input_block has unconnected port DINB[0]
WARNING: [Synth 8-3331] design blk_mem_input_block has unconnected port INJECTDBITERR
WARNING: [Synth 8-3331] design blk_mem_input_block has unconnected port INJECTSBITERR
WARNING: [Synth 8-3331] design blk_mem_gen_v8_4_1_synth has unconnected port S_AClk
WARNING: [Synth 8-3331] design blk_mem_gen_v8_4_1_synth has unconnected port S_ARESETN
WARNING: [Synth 8-3331] design blk_mem_gen_v8_4_1_synth has unconnected port S_AXI_AWID[3]
WARNING: [Synth 8-3331] design blk_mem_gen_v8_4_1_synth has unconnected port S_AXI_AWID[2]
WARNING: [Synth 8-3331] design blk_mem_gen_v8_4_1_synth has unconnected port S_AXI_AWID[1]
WARNING: [Synth 8-3331] design blk_mem_gen_v8_4_1_synth has unconnected port S_AXI_AWID[0]
WARNING: [Synth 8-3331] design blk_mem_gen_v8_4_1_synth has unconnected port S_AXI_AWADDR[31]
WARNING: [Synth 8-3331] design blk_mem_gen_v8_4_1_synth has unconnected port S_AXI_AWADDR[30]
WARNING: [Synth 8-3331] design blk_mem_gen_v8_4_1_synth has unconnected port S_AXI_AWADDR[29]
WARNING: [Synth 8-3331] design blk_mem_gen_v8_4_1_synth has unconnected port S_AXI_AWADDR[28]
WARNING: [Synth 8-3331] design blk_mem_gen_v8_4_1_synth has unconnected port S_AXI_AWADDR[27]
WARNING: [Synth 8-3331] design blk_mem_gen_v8_4_1_synth has unconnected port S_AXI_AWADDR[26]
WARNING: [Synth 8-3331] design blk_mem_gen_v8_4_1_synth has unconnected port S_AXI_AWADDR[25]
WARNING: [Synth 8-3331] design blk_mem_gen_v8_4_1_synth has unconnected port S_AXI_AWADDR[24]
WARNING: [Synth 8-3331] design blk_mem_gen_v8_4_1_synth has unconnected port S_AXI_AWADDR[23]
WARNING: [Synth 8-3331] design blk_mem_gen_v8_4_1_synth has unconnected port S_AXI_AWADDR[22]
WARNING: [Synth 8-3331] design blk_mem_gen_v8_4_1_synth has unconnected port S_AXI_AWADDR[21]
WARNING: [Synth 8-3331] design blk_mem_gen_v8_4_1_synth has unconnected port S_AXI_AWADDR[20]
WARNING: [Synth 8-3331] design blk_mem_gen_v8_4_1_synth has unconnected port S_AXI_AWADDR[19]
WARNING: [Synth 8-3331] design blk_mem_gen_v8_4_1_synth has unconnected port S_AXI_AWADDR[18]
WARNING: [Synth 8-3331] design blk_mem_gen_v8_4_1_synth has unconnected port S_AXI_AWADDR[17]
WARNING: [Synth 8-3331] design blk_mem_gen_v8_4_1_synth has unconnected port S_AXI_AWADDR[16]
WARNING: [Synth 8-3331] design blk_mem_gen_v8_4_1_synth has unconnected port S_AXI_AWADDR[15]
WARNING: [Synth 8-3331] design blk_mem_gen_v8_4_1_synth has unconnected port S_AXI_AWADDR[14]
WARNING: [Synth 8-3331] design blk_mem_gen_v8_4_1_synth has unconnected port S_AXI_AWADDR[13]
WARNING: [Synth 8-3331] design blk_mem_gen_v8_4_1_synth has unconnected port S_AXI_AWADDR[12]
WARNING: [Synth 8-3331] design blk_mem_gen_v8_4_1_synth has unconnected port S_AXI_AWADDR[11]
WARNING: [Synth 8-3331] design blk_mem_gen_v8_4_1_synth has unconnected port S_AXI_AWADDR[10]
WARNING: [Synth 8-3331] design blk_mem_gen_v8_4_1_synth has unconnected port S_AXI_AWADDR[9]
WARNING: [Synth 8-3331] design blk_mem_gen_v8_4_1_synth has unconnected port S_AXI_AWADDR[8]
WARNING: [Synth 8-3331] design blk_mem_gen_v8_4_1_synth has unconnected port S_AXI_AWADDR[7]
WARNING: [Synth 8-3331] design blk_mem_gen_v8_4_1_synth has unconnected port S_AXI_AWADDR[6]
WARNING: [Synth 8-3331] design blk_mem_gen_v8_4_1_synth has unconnected port S_AXI_AWADDR[5]
WARNING: [Synth 8-3331] design blk_mem_gen_v8_4_1_synth has unconnected port S_AXI_AWADDR[4]
WARNING: [Synth 8-3331] design blk_mem_gen_v8_4_1_synth has unconnected port S_AXI_AWADDR[3]
WARNING: [Synth 8-3331] design blk_mem_gen_v8_4_1_synth has unconnected port S_AXI_AWADDR[2]
WARNING: [Synth 8-3331] design blk_mem_gen_v8_4_1_synth has unconnected port S_AXI_AWADDR[1]
WARNING: [Synth 8-3331] design blk_mem_gen_v8_4_1_synth has unconnected port S_AXI_AWADDR[0]
WARNING: [Synth 8-3331] design blk_mem_gen_v8_4_1_synth has unconnected port S_AXI_AWLEN[7]
WARNING: [Synth 8-3331] design blk_mem_gen_v8_4_1_synth has unconnected port S_AXI_AWLEN[6]
WARNING: [Synth 8-3331] design blk_mem_gen_v8_4_1_synth has unconnected port S_AXI_AWLEN[5]
WARNING: [Synth 8-3331] design blk_mem_gen_v8_4_1_synth has unconnected port S_AXI_AWLEN[4]
WARNING: [Synth 8-3331] design blk_mem_gen_v8_4_1_synth has unconnected port S_AXI_AWLEN[3]
WARNING: [Synth 8-3331] design blk_mem_gen_v8_4_1_synth has unconnected port S_AXI_AWLEN[2]
WARNING: [Synth 8-3331] design blk_mem_gen_v8_4_1_synth has unconnected port S_AXI_AWLEN[1]
WARNING: [Synth 8-3331] design blk_mem_gen_v8_4_1_synth has unconnected port S_AXI_AWLEN[0]
WARNING: [Synth 8-3331] design blk_mem_gen_v8_4_1_synth has unconnected port S_AXI_AWSIZE[2]
WARNING: [Synth 8-3331] design blk_mem_gen_v8_4_1_synth has unconnected port S_AXI_AWSIZE[1]
WARNING: [Synth 8-3331] design blk_mem_gen_v8_4_1_synth has unconnected port S_AXI_AWSIZE[0]
WARNING: [Synth 8-3331] design blk_mem_gen_v8_4_1_synth has unconnected port S_AXI_AWBURST[1]
WARNING: [Synth 8-3331] design blk_mem_gen_v8_4_1_synth has unconnected port S_AXI_AWBURST[0]
WARNING: [Synth 8-3331] design blk_mem_gen_v8_4_1_synth has unconnected port S_AXI_AWVALID
WARNING: [Synth 8-3331] design blk_mem_gen_v8_4_1_synth has unconnected port S_AXI_WDATA[0]
WARNING: [Synth 8-3331] design blk_mem_gen_v8_4_1_synth has unconnected port S_AXI_WSTRB[0]
INFO: [Common 17-14] Message 'Synth 8-3331' appears 100 times and further instances of the messages will be disabled. Use the Tcl command set_msg_config to change the current settings.
---------------------------------------------------------------------------------
Finished RTL Elaboration : Time (s): cpu = 00:01:01 ; elapsed = 00:01:03 . Memory (MB): peak = 737.375 ; gain = 367.234
---------------------------------------------------------------------------------

Report Check Netlist: 
+------+------------------+-------+---------+-------+------------------+
|      |Item              |Errors |Warnings |Status |Description       |
+------+------------------+-------+---------+-------+------------------+
|1     |multi_driven_nets |      0|        0|Passed |Multi driven nets |
+------+------------------+-------+---------+-------+------------------+
---------------------------------------------------------------------------------
Start Handling Custom Attributes
---------------------------------------------------------------------------------
---------------------------------------------------------------------------------
Finished Handling Custom Attributes : Time (s): cpu = 00:01:01 ; elapsed = 00:01:04 . Memory (MB): peak = 737.375 ; gain = 367.234
---------------------------------------------------------------------------------
---------------------------------------------------------------------------------
Finished RTL Optimization Phase 1 : Time (s): cpu = 00:01:01 ; elapsed = 00:01:04 . Memory (MB): peak = 737.375 ; gain = 367.234
---------------------------------------------------------------------------------
INFO: [Netlist 29-17] Analyzing 2 Unisim elements for replacement
INFO: [Netlist 29-28] Unisim Transformation completed in 0 CPU seconds
INFO: [Device 21-403] Loading part xc7a100tcsg324-1
INFO: [Project 1-570] Preparing netlist for logic optimization

Processing XDC Constraints
Initializing timing engine
Parsing XDC File [v:/hardware/m3_for_arty_a7/m3_for_arty_a7/m3_for_arty_a7.tmp/vertical_projection8_v1_0_project/Vertical_Projection8_v1_0_project.runs/synth_1/dont_touch.xdc]
Finished Parsing XDC File [v:/hardware/m3_for_arty_a7/m3_for_arty_a7/m3_for_arty_a7.tmp/vertical_projection8_v1_0_project/Vertical_Projection8_v1_0_project.runs/synth_1/dont_touch.xdc]
Completed Processing XDC Constraints

INFO: [Project 1-111] Unisim Transformation Summary:
No Unisim elements were transformed.

Constraint Validation Runtime : Time (s): cpu = 00:00:00 ; elapsed = 00:00:00.003 . Memory (MB): peak = 858.465 ; gain = 0.000
---------------------------------------------------------------------------------
Finished Constraint Validation : Time (s): cpu = 00:01:12 ; elapsed = 00:01:15 . Memory (MB): peak = 858.465 ; gain = 488.324
---------------------------------------------------------------------------------
---------------------------------------------------------------------------------
Start Loading Part and Timing Information
---------------------------------------------------------------------------------
Loading part: xc7a100tcsg324-1
---------------------------------------------------------------------------------
Finished Loading Part and Timing Information : Time (s): cpu = 00:01:12 ; elapsed = 00:01:15 . Memory (MB): peak = 858.465 ; gain = 488.324
---------------------------------------------------------------------------------
---------------------------------------------------------------------------------
Start Applying 'set_property' XDC Constraints
---------------------------------------------------------------------------------
Applied set_property DONT_TOUCH = true for h_ram_inst. (constraint file  auto generated constraint, line ).
Applied set_property DONT_TOUCH = true for v_ram_inst. (constraint file  auto generated constraint, line ).
---------------------------------------------------------------------------------
Finished applying 'set_property' XDC Constraints : Time (s): cpu = 00:01:12 ; elapsed = 00:01:15 . Memory (MB): peak = 858.465 ; gain = 488.324
---------------------------------------------------------------------------------
INFO: [Synth 8-4471] merging register 'v_we_reg' into 'h_we_reg' [v:/vivado/Arm_ipi_repository/Vertical_Projection_char8/src/Vertical_Projection8.v:241]
INFO: [Synth 8-4471] merging register 'v_di_reg' into 'h_di_reg' [v:/vivado/Arm_ipi_repository/Vertical_Projection_char8/src/Vertical_Projection8.v:244]
WARNING: [Synth 8-6014] Unused sequential element v_we_reg was removed.  [v:/vivado/Arm_ipi_repository/Vertical_Projection_char8/src/Vertical_Projection8.v:241]
WARNING: [Synth 8-6014] Unused sequential element v_di_reg was removed.  [v:/vivado/Arm_ipi_repository/Vertical_Projection_char8/src/Vertical_Projection8.v:244]
INFO: [Synth 8-802] inferred FSM for state register 'c_state_reg' in module 'Vertical_Projection8'
WARNING: [Synth 8-6014] Unused sequential element n_state_reg was removed.  [v:/vivado/Arm_ipi_repository/Vertical_Projection_char8/src/Vertical_Projection8.v:199]
INFO: [Synth 8-5546] ROM "th_flag" won't be mapped to RAM because it is too sparse
INFO: [Synth 8-5546] ROM "n_state" won't be mapped to RAM because it is too sparse
INFO: [Synth 8-5544] ROM "n_state" won't be mapped to Block RAM because address size (1) smaller than threshold (5)
INFO: [Synth 8-5544] ROM "n_state" won't be mapped to Block RAM because address size (3) smaller than threshold (5)
INFO: [Synth 8-5544] ROM "n_state" won't be mapped to Block RAM because address size (3) smaller than threshold (5)
INFO: [Synth 8-5544] ROM "n_state" won't be mapped to Block RAM because address size (3) smaller than threshold (5)
INFO: [Synth 8-5544] ROM "n_state" won't be mapped to Block RAM because address size (3) smaller than threshold (5)
INFO: [Synth 8-3898] No Re-encoding of one hot register 'c_state_reg' in module 'fsm28699AC4E700'
---------------------------------------------------------------------------------
Finished RTL Optimization Phase 2 : Time (s): cpu = 00:01:12 ; elapsed = 00:01:16 . Memory (MB): peak = 858.465 ; gain = 488.324
---------------------------------------------------------------------------------

Report RTL Partitions: 
+-+--------------+------------+----------+
| |RTL Partition |Replication |Instances |
+-+--------------+------------+----------+
+-+--------------+------------+----------+
---------------------------------------------------------------------------------
Start RTL Component Statistics 
---------------------------------------------------------------------------------
Detailed RTL Component Info : 
+---Adders : 
	   2 Input     12 Bit       Adders := 8     
	   2 Input     10 Bit       Adders := 1     
	   2 Input      4 Bit       Adders := 4     
	   2 Input      3 Bit       Adders := 1     
+---Registers : 
	               12 Bit    Registers := 23    
	                4 Bit    Registers := 4     
	                3 Bit    Registers := 1     
	                1 Bit    Registers := 13    
+---Muxes : 
	   2 Input     12 Bit        Muxes := 7     
	   5 Input     12 Bit        Muxes := 5     
	   6 Input      5 Bit        Muxes := 1     
	   2 Input      5 Bit        Muxes := 2     
	   5 Input      4 Bit        Muxes := 4     
	   2 Input      4 Bit        Muxes := 1     
	   2 Input      3 Bit        Muxes := 2     
	   2 Input      2 Bit        Muxes := 1     
	   2 Input      1 Bit        Muxes := 3     
	   6 Input      1 Bit        Muxes := 2     
	   5 Input      1 Bit        Muxes := 28    
---------------------------------------------------------------------------------
Finished RTL Component Statistics 
---------------------------------------------------------------------------------
---------------------------------------------------------------------------------
Start RTL Hierarchical Component Statistics 
---------------------------------------------------------------------------------
Hierarchical RTL Component report 
Module Vertical_Projection8 
Detailed RTL Component Info : 
+---Adders : 
	   2 Input     12 Bit       Adders := 8     
	   2 Input     10 Bit       Adders := 1     
	   2 Input      4 Bit       Adders := 4     
	   2 Input      3 Bit       Adders := 1     
+---Registers : 
	               12 Bit    Registers := 23    
	                4 Bit    Registers := 4     
	                3 Bit    Registers := 1     
	                1 Bit    Registers := 13    
+---Muxes : 
	   2 Input     12 Bit        Muxes := 7     
	   5 Input     12 Bit        Muxes := 5     
	   6 Input      5 Bit        Muxes := 1     
	   2 Input      5 Bit        Muxes := 2     
	   5 Input      4 Bit        Muxes := 4     
	   2 Input      4 Bit        Muxes := 1     
	   2 Input      3 Bit        Muxes := 2     
	   2 Input      2 Bit        Muxes := 1     
	   2 Input      1 Bit        Muxes := 3     
	   6 Input      1 Bit        Muxes := 2     
	   5 Input      1 Bit        Muxes := 28    
---------------------------------------------------------------------------------
Finished RTL Hierarchical Component Statistics
---------------------------------------------------------------------------------
---------------------------------------------------------------------------------
Start Part Resource Summary
---------------------------------------------------------------------------------
Part Resources:
DSPs: 240 (col length:80)
BRAMs: 270 (col length: RAMB18 80 RAMB36 40)
---------------------------------------------------------------------------------
Finished Part Resource Summary
---------------------------------------------------------------------------------
---------------------------------------------------------------------------------
Start Cross Boundary and Area Optimization
---------------------------------------------------------------------------------
Warning: Parallel synthesis criteria is not met 
INFO: [Synth 8-5546] ROM "th_flag" won't be mapped to RAM because it is too sparse
INFO: [Synth 8-3886] merging instance 'h_raddr_reg[11]' (FDCE) to 'h_raddr_reg[10]'
INFO: [Synth 8-3333] propagating constant 0 across sequential element (\h_raddr_reg[10] )
INFO: [Synth 8-3886] merging instance 'hcount_r8_r_reg[10]' (FDCE) to 'hcount_r8_r_reg[11]'
INFO: [Synth 8-3886] merging instance 'hcount_l8_r_reg[10]' (FDCE) to 'hcount_l8_r_reg[11]'
INFO: [Synth 8-3886] merging instance 'hcount_r7_r_reg[10]' (FDCE) to 'hcount_r7_r_reg[11]'
INFO: [Synth 8-3886] merging instance 'hcount_l7_r_reg[10]' (FDCE) to 'hcount_l7_r_reg[11]'
INFO: [Synth 8-3886] merging instance 'hcount_r6_r_reg[10]' (FDCE) to 'hcount_r6_r_reg[11]'
INFO: [Synth 8-3886] merging instance 'hcount_l6_r_reg[10]' (FDCE) to 'hcount_l6_r_reg[11]'
INFO: [Synth 8-3886] merging instance 'hcount_r5_r_reg[10]' (FDCE) to 'hcount_r5_r_reg[11]'
INFO: [Synth 8-3886] merging instance 'hcount_l5_r_reg[10]' (FDCE) to 'hcount_l5_r_reg[11]'
INFO: [Synth 8-3886] merging instance 'hcount_r4_r_reg[10]' (FDCE) to 'hcount_r4_r_reg[11]'
INFO: [Synth 8-3886] merging instance 'hcount_l4_r_reg[10]' (FDCE) to 'hcount_l4_r_reg[11]'
INFO: [Synth 8-3886] merging instance 'hcount_r3_r_reg[10]' (FDCE) to 'hcount_r3_r_reg[11]'
INFO: [Synth 8-3886] merging instance 'hcount_l3_r_reg[10]' (FDCE) to 'hcount_l3_r_reg[11]'
INFO: [Synth 8-3886] merging instance 'hcount_r2_r_reg[10]' (FDCE) to 'hcount_r2_r_reg[11]'
INFO: [Synth 8-3886] merging instance 'hcount_l2_r_reg[10]' (FDCE) to 'hcount_l2_r_reg[11]'
INFO: [Synth 8-3886] merging instance 'hcount_r1_r_reg[10]' (FDCE) to 'hcount_r1_r_reg[11]'
INFO: [Synth 8-3886] merging instance 'hcount_l1_r_reg[10]' (FDCE) to 'hcount_l1_r_reg[11]'
WARNING: [Synth 8-3332] Sequential element (h_raddr_reg[10]) is unused and will be removed from module Vertical_Projection8.
WARNING: [Synth 8-3332] Sequential element (h_waddr_reg[11]) is unused and will be removed from module Vertical_Projection8.
WARNING: [Synth 8-3332] Sequential element (v_waddr_reg[11]) is unused and will be removed from module Vertical_Projection8.
---------------------------------------------------------------------------------
Finished Cross Boundary and Area Optimization : Time (s): cpu = 00:01:14 ; elapsed = 00:01:18 . Memory (MB): peak = 858.465 ; gain = 488.324
---------------------------------------------------------------------------------

Report RTL Partitions: 
+-+--------------+------------+----------+
| |RTL Partition |Replication |Instances |
+-+--------------+------------+----------+
+-+--------------+------------+----------+
---------------------------------------------------------------------------------
Start Applying XDC Timing Constraints
---------------------------------------------------------------------------------
---------------------------------------------------------------------------------
Finished Applying XDC Timing Constraints : Time (s): cpu = 00:01:22 ; elapsed = 00:01:28 . Memory (MB): peak = 867.336 ; gain = 497.195
---------------------------------------------------------------------------------
---------------------------------------------------------------------------------
Start Timing Optimization
---------------------------------------------------------------------------------
---------------------------------------------------------------------------------
Finished Timing Optimization : Time (s): cpu = 00:01:22 ; elapsed = 00:01:28 . Memory (MB): peak = 867.633 ; gain = 497.492
---------------------------------------------------------------------------------

Report RTL Partitions: 
+-+--------------+------------+----------+
| |RTL Partition |Replication |Instances |
+-+--------------+------------+----------+
+-+--------------+------------+----------+
---------------------------------------------------------------------------------
Start Technology Mapping
---------------------------------------------------------------------------------
---------------------------------------------------------------------------------
Finished Technology Mapping : Time (s): cpu = 00:01:23 ; elapsed = 00:01:28 . Memory (MB): peak = 888.695 ; gain = 518.555
---------------------------------------------------------------------------------

Report RTL Partitions: 
+-+--------------+------------+----------+
| |RTL Partition |Replication |Instances |
+-+--------------+------------+----------+
+-+--------------+------------+----------+
---------------------------------------------------------------------------------
Start IO Insertion
---------------------------------------------------------------------------------
---------------------------------------------------------------------------------
Start Flattening Before IO Insertion
---------------------------------------------------------------------------------
---------------------------------------------------------------------------------
Finished Flattening Before IO Insertion
---------------------------------------------------------------------------------
---------------------------------------------------------------------------------
Start Final Netlist Cleanup
---------------------------------------------------------------------------------
---------------------------------------------------------------------------------
Finished Final Netlist Cleanup
---------------------------------------------------------------------------------
---------------------------------------------------------------------------------
Finished IO Insertion : Time (s): cpu = 00:01:24 ; elapsed = 00:01:29 . Memory (MB): peak = 888.695 ; gain = 518.555
---------------------------------------------------------------------------------

Report Check Netlist: 
+------+------------------+-------+---------+-------+------------------+
|      |Item              |Errors |Warnings |Status |Description       |
+------+------------------+-------+---------+-------+------------------+
|1     |multi_driven_nets |      0|        0|Passed |Multi driven nets |
+------+------------------+-------+---------+-------+------------------+
---------------------------------------------------------------------------------
Start Renaming Generated Instances
---------------------------------------------------------------------------------
---------------------------------------------------------------------------------
Finished Renaming Generated Instances : Time (s): cpu = 00:01:24 ; elapsed = 00:01:29 . Memory (MB): peak = 888.695 ; gain = 518.555
---------------------------------------------------------------------------------

Report RTL Partitions: 
+-+--------------+------------+----------+
| |RTL Partition |Replication |Instances |
+-+--------------+------------+----------+
+-+--------------+------------+----------+
---------------------------------------------------------------------------------
Start Rebuilding User Hierarchy
---------------------------------------------------------------------------------
---------------------------------------------------------------------------------
Finished Rebuilding User Hierarchy : Time (s): cpu = 00:01:24 ; elapsed = 00:01:29 . Memory (MB): peak = 888.695 ; gain = 518.555
---------------------------------------------------------------------------------
---------------------------------------------------------------------------------
Start Renaming Generated Ports
---------------------------------------------------------------------------------
---------------------------------------------------------------------------------
Finished Renaming Generated Ports : Time (s): cpu = 00:01:24 ; elapsed = 00:01:29 . Memory (MB): peak = 888.695 ; gain = 518.555
---------------------------------------------------------------------------------
---------------------------------------------------------------------------------
Start Handling Custom Attributes
---------------------------------------------------------------------------------
---------------------------------------------------------------------------------
Finished Handling Custom Attributes : Time (s): cpu = 00:01:24 ; elapsed = 00:01:29 . Memory (MB): peak = 888.695 ; gain = 518.555
---------------------------------------------------------------------------------
---------------------------------------------------------------------------------
Start Renaming Generated Nets
---------------------------------------------------------------------------------
---------------------------------------------------------------------------------
Finished Renaming Generated Nets : Time (s): cpu = 00:01:24 ; elapsed = 00:01:29 . Memory (MB): peak = 888.695 ; gain = 518.555
---------------------------------------------------------------------------------
---------------------------------------------------------------------------------
Start Writing Synthesis Report
---------------------------------------------------------------------------------

Report BlackBoxes: 
+-+--------------+----------+
| |BlackBox name |Instances |
+-+--------------+----------+
+-+--------------+----------+

Report Cell Usage: 
+------+---------+------+
|      |Cell     |Count |
+------+---------+------+
|1     |BUFG     |     1|
|2     |CARRY4   |    24|
|3     |LUT1     |    42|
|4     |LUT2     |    38|
|5     |LUT3     |     9|
|6     |LUT4     |    17|
|7     |LUT5     |    20|
|8     |LUT6     |    60|
|9     |RAMB18E1 |     2|
|10    |FDCE     |   285|
|11    |FDPE     |     2|
|12    |FDRE     |    11|
|13    |IBUF     |    35|
|14    |OBUF     |   219|
+------+---------+------+

Report Instance Areas: 
+------+-----------------------------------------------+---------------------------+------+
|      |Instance                                       |Module                     |Cells |
+------+-----------------------------------------------+---------------------------+------+
|1     |top                                            |                           |   765|
|2     |  h_ram_inst                                   |vp_ram__1                  |     1|
|3     |    U0                                         |blk_mem_gen_v8_4_1__1      |     1|
|4     |      inst_blk_mem_gen                         |blk_mem_gen_v8_4_1_synth_0 |     1|
|5     |        \gnbram.gnativebmg.native_blk_mem_gen  |blk_mem_gen_top_1          |     1|
|6     |          \valid.cstr                          |blk_mem_gen_generic_cstr_2 |     1|
|7     |            \ramloop[0].ram.r                  |blk_mem_gen_prim_width_3   |     1|
|8     |              \prim_noinit.ram                 |blk_mem_gen_prim_wrapper_4 |     1|
|9     |  v_ram_inst                                   |vp_ram                     |     1|
|10    |    U0                                         |blk_mem_gen_v8_4_1         |     1|
|11    |      inst_blk_mem_gen                         |blk_mem_gen_v8_4_1_synth   |     1|
|12    |        \gnbram.gnativebmg.native_blk_mem_gen  |blk_mem_gen_top            |     1|
|13    |          \valid.cstr                          |blk_mem_gen_generic_cstr   |     1|
|14    |            \ramloop[0].ram.r                  |blk_mem_gen_prim_width     |     1|
|15    |              \prim_noinit.ram                 |blk_mem_gen_prim_wrapper   |     1|
+------+-----------------------------------------------+---------------------------+------+
---------------------------------------------------------------------------------
Finished Writing Synthesis Report : Time (s): cpu = 00:01:24 ; elapsed = 00:01:29 . Memory (MB): peak = 888.695 ; gain = 518.555
---------------------------------------------------------------------------------
Synthesis finished with 0 errors, 0 critical warnings and 132 warnings.
Synthesis Optimization Runtime : Time (s): cpu = 00:00:15 ; elapsed = 00:01:20 . Memory (MB): peak = 888.695 ; gain = 397.465
Synthesis Optimization Complete : Time (s): cpu = 00:01:24 ; elapsed = 00:01:29 . Memory (MB): peak = 888.695 ; gain = 518.555
INFO: [Project 1-571] Translating synthesized netlist
INFO: [Netlist 29-17] Analyzing 61 Unisim elements for replacement
INFO: [Netlist 29-28] Unisim Transformation completed in 0 CPU seconds
INFO: [Project 1-570] Preparing netlist for logic optimization
INFO: [Opt 31-138] Pushed 0 inverter(s) to 0 load pin(s).
INFO: [Project 1-111] Unisim Transformation Summary:
No Unisim elements were transformed.

INFO: [Common 17-83] Releasing license: Synthesis
51 Infos, 119 Warnings, 0 Critical Warnings and 0 Errors encountered.
synth_design completed successfully
synth_design: Time (s): cpu = 00:01:25 ; elapsed = 00:01:32 . Memory (MB): peak = 890.727 ; gain = 532.059
WARNING: [Constraints 18-5210] No constraint will be written out.
INFO: [Common 17-1381] The checkpoint 'v:/hardware/m3_for_arty_a7/m3_for_arty_a7/m3_for_arty_a7.tmp/vertical_projection8_v1_0_project/Vertical_Projection8_v1_0_project.runs/synth_1/Vertical_Projection8.dcp' has been generated.
INFO: [runtcl-4] Executing : report_utilization -file Vertical_Projection8_utilization_synth.rpt -pb Vertical_Projection8_utilization_synth.pb
report_utilization: Time (s): cpu = 00:00:00 ; elapsed = 00:00:00.040 . Memory (MB): peak = 890.727 ; gain = 0.000
INFO: [Common 17-206] Exiting Vivado at Wed Jun  5 11:08:10 2019...
