
*** Running vivado
    with args -log m3_for_arty_a7_Hcount_Send_0_0.vds -m64 -product Vivado -mode batch -messageDb vivado.pb -notrace -source m3_for_arty_a7_Hcount_Send_0_0.tcl


****** Vivado v2018.2 (64-bit)
  **** SW Build 2258646 on Thu Jun 14 20:03:12 MDT 2018
  **** IP Build 2256618 on Thu Jun 14 22:10:49 MDT 2018
    ** Copyright 1986-2018 Xilinx, Inc. All Rights Reserved.

source m3_for_arty_a7_Hcount_Send_0_0.tcl -notrace
create_project: Time (s): cpu = 00:00:04 ; elapsed = 00:00:05 . Memory (MB): peak = 324.660 ; gain = 91.543
Command: synth_design -top m3_for_arty_a7_Hcount_Send_0_0 -part xc7a100tcsg324-1 -mode out_of_context
Starting synth_design
Attempting to get a license for feature 'Synthesis' and/or device 'xc7a100t'
INFO: [Common 17-349] Got license for feature 'Synthesis' and/or device 'xc7a100t'
INFO: Launching helper process for spawning children vivado processes
INFO: Helper process launched with PID 57708 
---------------------------------------------------------------------------------
Starting RTL Elaboration : Time (s): cpu = 00:00:05 ; elapsed = 00:00:06 . Memory (MB): peak = 472.508 ; gain = 102.438
---------------------------------------------------------------------------------
INFO: [Synth 8-6157] synthesizing module 'm3_for_arty_a7_Hcount_Send_0_0' [d:/Users/Arthur/Desktop/Arm/AT426-BU-98000-r0p0-00rel0/hardware/m3_for_arty_a7/block_diagram/ip/m3_for_arty_a7_Hcount_Send_0_0/synth/m3_for_arty_a7_Hcount_Send_0_0.v:57]
INFO: [Synth 8-6157] synthesizing module 'Hcount_Send_v1_0' [d:/Users/Arthur/Desktop/Arm/AT426-BU-98000-r0p0-00rel0/hardware/m3_for_arty_a7/block_diagram/ipshared/33d1/hdl/Hcount_Send_v1_0.v:4]
	Parameter C_S00_AXI_DATA_WIDTH bound to: 32 - type: integer 
	Parameter C_S00_AXI_ADDR_WIDTH bound to: 6 - type: integer 
INFO: [Synth 8-6157] synthesizing module 'Hcount_Send_v1_0_S00_AXI' [d:/Users/Arthur/Desktop/Arm/AT426-BU-98000-r0p0-00rel0/hardware/m3_for_arty_a7/block_diagram/ipshared/33d1/hdl/Hcount_Send_v1_0_S00_AXI.v:4]
	Parameter C_S_AXI_DATA_WIDTH bound to: 32 - type: integer 
	Parameter C_S_AXI_ADDR_WIDTH bound to: 6 - type: integer 
	Parameter ADDR_LSB bound to: 2 - type: integer 
	Parameter OPT_MEM_ADDR_BITS bound to: 3 - type: integer 
WARNING: [Synth 8-6014] Unused sequential element axi_awaddr_reg was removed.  [d:/Users/Arthur/Desktop/Arm/AT426-BU-98000-r0p0-00rel0/hardware/m3_for_arty_a7/block_diagram/ipshared/33d1/hdl/Hcount_Send_v1_0_S00_AXI.v:186]
WARNING: [Synth 8-6014] Unused sequential element slv_reg0_reg was removed.  [d:/Users/Arthur/Desktop/Arm/AT426-BU-98000-r0p0-00rel0/hardware/m3_for_arty_a7/block_diagram/ipshared/33d1/hdl/Hcount_Send_v1_0_S00_AXI.v:239]
WARNING: [Synth 8-6014] Unused sequential element slv_reg1_reg was removed.  [d:/Users/Arthur/Desktop/Arm/AT426-BU-98000-r0p0-00rel0/hardware/m3_for_arty_a7/block_diagram/ipshared/33d1/hdl/Hcount_Send_v1_0_S00_AXI.v:240]
WARNING: [Synth 8-6014] Unused sequential element slv_reg2_reg was removed.  [d:/Users/Arthur/Desktop/Arm/AT426-BU-98000-r0p0-00rel0/hardware/m3_for_arty_a7/block_diagram/ipshared/33d1/hdl/Hcount_Send_v1_0_S00_AXI.v:241]
WARNING: [Synth 8-6014] Unused sequential element slv_reg3_reg was removed.  [d:/Users/Arthur/Desktop/Arm/AT426-BU-98000-r0p0-00rel0/hardware/m3_for_arty_a7/block_diagram/ipshared/33d1/hdl/Hcount_Send_v1_0_S00_AXI.v:242]
WARNING: [Synth 8-6014] Unused sequential element slv_reg4_reg was removed.  [d:/Users/Arthur/Desktop/Arm/AT426-BU-98000-r0p0-00rel0/hardware/m3_for_arty_a7/block_diagram/ipshared/33d1/hdl/Hcount_Send_v1_0_S00_AXI.v:243]
WARNING: [Synth 8-6014] Unused sequential element slv_reg5_reg was removed.  [d:/Users/Arthur/Desktop/Arm/AT426-BU-98000-r0p0-00rel0/hardware/m3_for_arty_a7/block_diagram/ipshared/33d1/hdl/Hcount_Send_v1_0_S00_AXI.v:244]
WARNING: [Synth 8-6014] Unused sequential element slv_reg6_reg was removed.  [d:/Users/Arthur/Desktop/Arm/AT426-BU-98000-r0p0-00rel0/hardware/m3_for_arty_a7/block_diagram/ipshared/33d1/hdl/Hcount_Send_v1_0_S00_AXI.v:245]
WARNING: [Synth 8-6014] Unused sequential element slv_reg7_reg was removed.  [d:/Users/Arthur/Desktop/Arm/AT426-BU-98000-r0p0-00rel0/hardware/m3_for_arty_a7/block_diagram/ipshared/33d1/hdl/Hcount_Send_v1_0_S00_AXI.v:246]
WARNING: [Synth 8-6014] Unused sequential element slv_reg8_reg was removed.  [d:/Users/Arthur/Desktop/Arm/AT426-BU-98000-r0p0-00rel0/hardware/m3_for_arty_a7/block_diagram/ipshared/33d1/hdl/Hcount_Send_v1_0_S00_AXI.v:247]
WARNING: [Synth 8-6014] Unused sequential element slv_reg9_reg was removed.  [d:/Users/Arthur/Desktop/Arm/AT426-BU-98000-r0p0-00rel0/hardware/m3_for_arty_a7/block_diagram/ipshared/33d1/hdl/Hcount_Send_v1_0_S00_AXI.v:248]
INFO: [Synth 8-6155] done synthesizing module 'Hcount_Send_v1_0_S00_AXI' (1#1) [d:/Users/Arthur/Desktop/Arm/AT426-BU-98000-r0p0-00rel0/hardware/m3_for_arty_a7/block_diagram/ipshared/33d1/hdl/Hcount_Send_v1_0_S00_AXI.v:4]
INFO: [Synth 8-6155] done synthesizing module 'Hcount_Send_v1_0' (2#1) [d:/Users/Arthur/Desktop/Arm/AT426-BU-98000-r0p0-00rel0/hardware/m3_for_arty_a7/block_diagram/ipshared/33d1/hdl/Hcount_Send_v1_0.v:4]
INFO: [Synth 8-6155] done synthesizing module 'm3_for_arty_a7_Hcount_Send_0_0' (3#1) [d:/Users/Arthur/Desktop/Arm/AT426-BU-98000-r0p0-00rel0/hardware/m3_for_arty_a7/block_diagram/ip/m3_for_arty_a7_Hcount_Send_0_0/synth/m3_for_arty_a7_Hcount_Send_0_0.v:57]
WARNING: [Synth 8-3331] design Hcount_Send_v1_0_S00_AXI has unconnected port S_AXI_AWADDR[5]
WARNING: [Synth 8-3331] design Hcount_Send_v1_0_S00_AXI has unconnected port S_AXI_AWADDR[4]
WARNING: [Synth 8-3331] design Hcount_Send_v1_0_S00_AXI has unconnected port S_AXI_AWADDR[3]
WARNING: [Synth 8-3331] design Hcount_Send_v1_0_S00_AXI has unconnected port S_AXI_AWADDR[2]
WARNING: [Synth 8-3331] design Hcount_Send_v1_0_S00_AXI has unconnected port S_AXI_AWADDR[1]
WARNING: [Synth 8-3331] design Hcount_Send_v1_0_S00_AXI has unconnected port S_AXI_AWADDR[0]
WARNING: [Synth 8-3331] design Hcount_Send_v1_0_S00_AXI has unconnected port S_AXI_AWPROT[2]
WARNING: [Synth 8-3331] design Hcount_Send_v1_0_S00_AXI has unconnected port S_AXI_AWPROT[1]
WARNING: [Synth 8-3331] design Hcount_Send_v1_0_S00_AXI has unconnected port S_AXI_AWPROT[0]
WARNING: [Synth 8-3331] design Hcount_Send_v1_0_S00_AXI has unconnected port S_AXI_WDATA[31]
WARNING: [Synth 8-3331] design Hcount_Send_v1_0_S00_AXI has unconnected port S_AXI_WDATA[30]
WARNING: [Synth 8-3331] design Hcount_Send_v1_0_S00_AXI has unconnected port S_AXI_WDATA[29]
WARNING: [Synth 8-3331] design Hcount_Send_v1_0_S00_AXI has unconnected port S_AXI_WDATA[28]
WARNING: [Synth 8-3331] design Hcount_Send_v1_0_S00_AXI has unconnected port S_AXI_WDATA[27]
WARNING: [Synth 8-3331] design Hcount_Send_v1_0_S00_AXI has unconnected port S_AXI_WDATA[26]
WARNING: [Synth 8-3331] design Hcount_Send_v1_0_S00_AXI has unconnected port S_AXI_WDATA[25]
WARNING: [Synth 8-3331] design Hcount_Send_v1_0_S00_AXI has unconnected port S_AXI_WDATA[24]
WARNING: [Synth 8-3331] design Hcount_Send_v1_0_S00_AXI has unconnected port S_AXI_WDATA[23]
WARNING: [Synth 8-3331] design Hcount_Send_v1_0_S00_AXI has unconnected port S_AXI_WDATA[22]
WARNING: [Synth 8-3331] design Hcount_Send_v1_0_S00_AXI has unconnected port S_AXI_WDATA[21]
WARNING: [Synth 8-3331] design Hcount_Send_v1_0_S00_AXI has unconnected port S_AXI_WDATA[20]
WARNING: [Synth 8-3331] design Hcount_Send_v1_0_S00_AXI has unconnected port S_AXI_WDATA[19]
WARNING: [Synth 8-3331] design Hcount_Send_v1_0_S00_AXI has unconnected port S_AXI_WDATA[18]
WARNING: [Synth 8-3331] design Hcount_Send_v1_0_S00_AXI has unconnected port S_AXI_WDATA[17]
WARNING: [Synth 8-3331] design Hcount_Send_v1_0_S00_AXI has unconnected port S_AXI_WDATA[16]
WARNING: [Synth 8-3331] design Hcount_Send_v1_0_S00_AXI has unconnected port S_AXI_WDATA[15]
WARNING: [Synth 8-3331] design Hcount_Send_v1_0_S00_AXI has unconnected port S_AXI_WDATA[14]
WARNING: [Synth 8-3331] design Hcount_Send_v1_0_S00_AXI has unconnected port S_AXI_WDATA[13]
WARNING: [Synth 8-3331] design Hcount_Send_v1_0_S00_AXI has unconnected port S_AXI_WDATA[12]
WARNING: [Synth 8-3331] design Hcount_Send_v1_0_S00_AXI has unconnected port S_AXI_WDATA[11]
WARNING: [Synth 8-3331] design Hcount_Send_v1_0_S00_AXI has unconnected port S_AXI_WDATA[10]
WARNING: [Synth 8-3331] design Hcount_Send_v1_0_S00_AXI has unconnected port S_AXI_WDATA[9]
WARNING: [Synth 8-3331] design Hcount_Send_v1_0_S00_AXI has unconnected port S_AXI_WDATA[8]
WARNING: [Synth 8-3331] design Hcount_Send_v1_0_S00_AXI has unconnected port S_AXI_WDATA[7]
WARNING: [Synth 8-3331] design Hcount_Send_v1_0_S00_AXI has unconnected port S_AXI_WDATA[6]
WARNING: [Synth 8-3331] design Hcount_Send_v1_0_S00_AXI has unconnected port S_AXI_WDATA[5]
WARNING: [Synth 8-3331] design Hcount_Send_v1_0_S00_AXI has unconnected port S_AXI_WDATA[4]
WARNING: [Synth 8-3331] design Hcount_Send_v1_0_S00_AXI has unconnected port S_AXI_WDATA[3]
WARNING: [Synth 8-3331] design Hcount_Send_v1_0_S00_AXI has unconnected port S_AXI_WDATA[2]
WARNING: [Synth 8-3331] design Hcount_Send_v1_0_S00_AXI has unconnected port S_AXI_WDATA[1]
WARNING: [Synth 8-3331] design Hcount_Send_v1_0_S00_AXI has unconnected port S_AXI_WDATA[0]
WARNING: [Synth 8-3331] design Hcount_Send_v1_0_S00_AXI has unconnected port S_AXI_WSTRB[3]
WARNING: [Synth 8-3331] design Hcount_Send_v1_0_S00_AXI has unconnected port S_AXI_WSTRB[2]
WARNING: [Synth 8-3331] design Hcount_Send_v1_0_S00_AXI has unconnected port S_AXI_WSTRB[1]
WARNING: [Synth 8-3331] design Hcount_Send_v1_0_S00_AXI has unconnected port S_AXI_WSTRB[0]
WARNING: [Synth 8-3331] design Hcount_Send_v1_0_S00_AXI has unconnected port S_AXI_ARPROT[2]
WARNING: [Synth 8-3331] design Hcount_Send_v1_0_S00_AXI has unconnected port S_AXI_ARPROT[1]
WARNING: [Synth 8-3331] design Hcount_Send_v1_0_S00_AXI has unconnected port S_AXI_ARPROT[0]
---------------------------------------------------------------------------------
Finished RTL Elaboration : Time (s): cpu = 00:00:06 ; elapsed = 00:00:07 . Memory (MB): peak = 527.406 ; gain = 157.336
---------------------------------------------------------------------------------

Report Check Netlist: 
+------+------------------+-------+---------+-------+------------------+
|      |Item              |Errors |Warnings |Status |Description       |
+------+------------------+-------+---------+-------+------------------+
|1     |multi_driven_nets |      0|        0|Passed |Multi driven nets |
+------+------------------+-------+---------+-------+------------------+
---------------------------------------------------------------------------------
Start Handling Custom Attributes
---------------------------------------------------------------------------------
---------------------------------------------------------------------------------
Finished Handling Custom Attributes : Time (s): cpu = 00:00:07 ; elapsed = 00:00:08 . Memory (MB): peak = 527.406 ; gain = 157.336
---------------------------------------------------------------------------------
---------------------------------------------------------------------------------
Finished RTL Optimization Phase 1 : Time (s): cpu = 00:00:07 ; elapsed = 00:00:08 . Memory (MB): peak = 527.406 ; gain = 157.336
---------------------------------------------------------------------------------
INFO: [Device 21-403] Loading part xc7a100tcsg324-1
INFO: [Project 1-570] Preparing netlist for logic optimization

Processing XDC Constraints
Initializing timing engine
Completed Processing XDC Constraints

INFO: [Project 1-111] Unisim Transformation Summary:
No Unisim elements were transformed.

WARNING: [Constraints 18-5210] No constraint will be written out.
Constraint Validation Runtime : Time (s): cpu = 00:00:00 ; elapsed = 00:00:00.101 . Memory (MB): peak = 846.531 ; gain = 1.488
---------------------------------------------------------------------------------
Finished Constraint Validation : Time (s): cpu = 00:00:23 ; elapsed = 00:00:31 . Memory (MB): peak = 846.531 ; gain = 476.461
---------------------------------------------------------------------------------
---------------------------------------------------------------------------------
Start Loading Part and Timing Information
---------------------------------------------------------------------------------
Loading part: xc7a100tcsg324-1
---------------------------------------------------------------------------------
Finished Loading Part and Timing Information : Time (s): cpu = 00:00:23 ; elapsed = 00:00:31 . Memory (MB): peak = 846.531 ; gain = 476.461
---------------------------------------------------------------------------------
---------------------------------------------------------------------------------
Start Applying 'set_property' XDC Constraints
---------------------------------------------------------------------------------
---------------------------------------------------------------------------------
Finished applying 'set_property' XDC Constraints : Time (s): cpu = 00:00:23 ; elapsed = 00:00:31 . Memory (MB): peak = 846.531 ; gain = 476.461
---------------------------------------------------------------------------------
---------------------------------------------------------------------------------
Finished RTL Optimization Phase 2 : Time (s): cpu = 00:00:23 ; elapsed = 00:00:32 . Memory (MB): peak = 846.531 ; gain = 476.461
---------------------------------------------------------------------------------

Report RTL Partitions: 
+-+--------------+------------+----------+
| |RTL Partition |Replication |Instances |
+-+--------------+------------+----------+
+-+--------------+------------+----------+
---------------------------------------------------------------------------------
Start RTL Component Statistics 
---------------------------------------------------------------------------------
Detailed RTL Component Info : 
+---Registers : 
	               12 Bit    Registers := 1     
	                6 Bit    Registers := 1     
	                2 Bit    Registers := 2     
	                1 Bit    Registers := 6     
+---Muxes : 
	   2 Input      1 Bit        Muxes := 5     
---------------------------------------------------------------------------------
Finished RTL Component Statistics 
---------------------------------------------------------------------------------
---------------------------------------------------------------------------------
Start RTL Hierarchical Component Statistics 
---------------------------------------------------------------------------------
Hierarchical RTL Component report 
Module Hcount_Send_v1_0_S00_AXI 
Detailed RTL Component Info : 
+---Registers : 
	               12 Bit    Registers := 1     
	                6 Bit    Registers := 1     
	                2 Bit    Registers := 2     
	                1 Bit    Registers := 6     
+---Muxes : 
	   2 Input      1 Bit        Muxes := 5     
---------------------------------------------------------------------------------
Finished RTL Hierarchical Component Statistics
---------------------------------------------------------------------------------
---------------------------------------------------------------------------------
Start Part Resource Summary
---------------------------------------------------------------------------------
Part Resources:
DSPs: 240 (col length:80)
BRAMs: 270 (col length: RAMB18 80 RAMB36 40)
---------------------------------------------------------------------------------
Finished Part Resource Summary
---------------------------------------------------------------------------------
---------------------------------------------------------------------------------
Start Cross Boundary and Area Optimization
---------------------------------------------------------------------------------
Warning: Parallel synthesis criteria is not met 
INFO: [Synth 8-3917] design m3_for_arty_a7_Hcount_Send_0_0 has port s00_axi_rdata[31] driven by constant 0
INFO: [Synth 8-3917] design m3_for_arty_a7_Hcount_Send_0_0 has port s00_axi_rdata[30] driven by constant 0
INFO: [Synth 8-3917] design m3_for_arty_a7_Hcount_Send_0_0 has port s00_axi_rdata[29] driven by constant 0
INFO: [Synth 8-3917] design m3_for_arty_a7_Hcount_Send_0_0 has port s00_axi_rdata[28] driven by constant 0
INFO: [Synth 8-3917] design m3_for_arty_a7_Hcount_Send_0_0 has port s00_axi_rdata[27] driven by constant 0
INFO: [Synth 8-3917] design m3_for_arty_a7_Hcount_Send_0_0 has port s00_axi_rdata[26] driven by constant 0
INFO: [Synth 8-3917] design m3_for_arty_a7_Hcount_Send_0_0 has port s00_axi_rdata[25] driven by constant 0
INFO: [Synth 8-3917] design m3_for_arty_a7_Hcount_Send_0_0 has port s00_axi_rdata[24] driven by constant 0
INFO: [Synth 8-3917] design m3_for_arty_a7_Hcount_Send_0_0 has port s00_axi_rdata[23] driven by constant 0
INFO: [Synth 8-3917] design m3_for_arty_a7_Hcount_Send_0_0 has port s00_axi_rdata[22] driven by constant 0
INFO: [Synth 8-3917] design m3_for_arty_a7_Hcount_Send_0_0 has port s00_axi_rdata[21] driven by constant 0
INFO: [Synth 8-3917] design m3_for_arty_a7_Hcount_Send_0_0 has port s00_axi_rdata[20] driven by constant 0
INFO: [Synth 8-3917] design m3_for_arty_a7_Hcount_Send_0_0 has port s00_axi_rdata[19] driven by constant 0
INFO: [Synth 8-3917] design m3_for_arty_a7_Hcount_Send_0_0 has port s00_axi_rdata[18] driven by constant 0
INFO: [Synth 8-3917] design m3_for_arty_a7_Hcount_Send_0_0 has port s00_axi_rdata[17] driven by constant 0
INFO: [Synth 8-3917] design m3_for_arty_a7_Hcount_Send_0_0 has port s00_axi_rdata[16] driven by constant 0
INFO: [Synth 8-3917] design m3_for_arty_a7_Hcount_Send_0_0 has port s00_axi_rdata[15] driven by constant 0
INFO: [Synth 8-3917] design m3_for_arty_a7_Hcount_Send_0_0 has port s00_axi_rdata[14] driven by constant 0
INFO: [Synth 8-3917] design m3_for_arty_a7_Hcount_Send_0_0 has port s00_axi_rdata[13] driven by constant 0
INFO: [Synth 8-3917] design m3_for_arty_a7_Hcount_Send_0_0 has port s00_axi_rdata[12] driven by constant 0
WARNING: [Synth 8-3331] design m3_for_arty_a7_Hcount_Send_0_0 has unconnected port s00_axi_awaddr[5]
WARNING: [Synth 8-3331] design m3_for_arty_a7_Hcount_Send_0_0 has unconnected port s00_axi_awaddr[4]
WARNING: [Synth 8-3331] design m3_for_arty_a7_Hcount_Send_0_0 has unconnected port s00_axi_awaddr[3]
WARNING: [Synth 8-3331] design m3_for_arty_a7_Hcount_Send_0_0 has unconnected port s00_axi_awaddr[2]
WARNING: [Synth 8-3331] design m3_for_arty_a7_Hcount_Send_0_0 has unconnected port s00_axi_awaddr[1]
WARNING: [Synth 8-3331] design m3_for_arty_a7_Hcount_Send_0_0 has unconnected port s00_axi_awaddr[0]
WARNING: [Synth 8-3331] design m3_for_arty_a7_Hcount_Send_0_0 has unconnected port s00_axi_awprot[2]
WARNING: [Synth 8-3331] design m3_for_arty_a7_Hcount_Send_0_0 has unconnected port s00_axi_awprot[1]
WARNING: [Synth 8-3331] design m3_for_arty_a7_Hcount_Send_0_0 has unconnected port s00_axi_awprot[0]
WARNING: [Synth 8-3331] design m3_for_arty_a7_Hcount_Send_0_0 has unconnected port s00_axi_wdata[31]
WARNING: [Synth 8-3331] design m3_for_arty_a7_Hcount_Send_0_0 has unconnected port s00_axi_wdata[30]
WARNING: [Synth 8-3331] design m3_for_arty_a7_Hcount_Send_0_0 has unconnected port s00_axi_wdata[29]
WARNING: [Synth 8-3331] design m3_for_arty_a7_Hcount_Send_0_0 has unconnected port s00_axi_wdata[28]
WARNING: [Synth 8-3331] design m3_for_arty_a7_Hcount_Send_0_0 has unconnected port s00_axi_wdata[27]
WARNING: [Synth 8-3331] design m3_for_arty_a7_Hcount_Send_0_0 has unconnected port s00_axi_wdata[26]
WARNING: [Synth 8-3331] design m3_for_arty_a7_Hcount_Send_0_0 has unconnected port s00_axi_wdata[25]
WARNING: [Synth 8-3331] design m3_for_arty_a7_Hcount_Send_0_0 has unconnected port s00_axi_wdata[24]
WARNING: [Synth 8-3331] design m3_for_arty_a7_Hcount_Send_0_0 has unconnected port s00_axi_wdata[23]
WARNING: [Synth 8-3331] design m3_for_arty_a7_Hcount_Send_0_0 has unconnected port s00_axi_wdata[22]
WARNING: [Synth 8-3331] design m3_for_arty_a7_Hcount_Send_0_0 has unconnected port s00_axi_wdata[21]
WARNING: [Synth 8-3331] design m3_for_arty_a7_Hcount_Send_0_0 has unconnected port s00_axi_wdata[20]
WARNING: [Synth 8-3331] design m3_for_arty_a7_Hcount_Send_0_0 has unconnected port s00_axi_wdata[19]
WARNING: [Synth 8-3331] design m3_for_arty_a7_Hcount_Send_0_0 has unconnected port s00_axi_wdata[18]
WARNING: [Synth 8-3331] design m3_for_arty_a7_Hcount_Send_0_0 has unconnected port s00_axi_wdata[17]
WARNING: [Synth 8-3331] design m3_for_arty_a7_Hcount_Send_0_0 has unconnected port s00_axi_wdata[16]
WARNING: [Synth 8-3331] design m3_for_arty_a7_Hcount_Send_0_0 has unconnected port s00_axi_wdata[15]
WARNING: [Synth 8-3331] design m3_for_arty_a7_Hcount_Send_0_0 has unconnected port s00_axi_wdata[14]
WARNING: [Synth 8-3331] design m3_for_arty_a7_Hcount_Send_0_0 has unconnected port s00_axi_wdata[13]
WARNING: [Synth 8-3331] design m3_for_arty_a7_Hcount_Send_0_0 has unconnected port s00_axi_wdata[12]
WARNING: [Synth 8-3331] design m3_for_arty_a7_Hcount_Send_0_0 has unconnected port s00_axi_wdata[11]
WARNING: [Synth 8-3331] design m3_for_arty_a7_Hcount_Send_0_0 has unconnected port s00_axi_wdata[10]
WARNING: [Synth 8-3331] design m3_for_arty_a7_Hcount_Send_0_0 has unconnected port s00_axi_wdata[9]
WARNING: [Synth 8-3331] design m3_for_arty_a7_Hcount_Send_0_0 has unconnected port s00_axi_wdata[8]
WARNING: [Synth 8-3331] design m3_for_arty_a7_Hcount_Send_0_0 has unconnected port s00_axi_wdata[7]
WARNING: [Synth 8-3331] design m3_for_arty_a7_Hcount_Send_0_0 has unconnected port s00_axi_wdata[6]
WARNING: [Synth 8-3331] design m3_for_arty_a7_Hcount_Send_0_0 has unconnected port s00_axi_wdata[5]
WARNING: [Synth 8-3331] design m3_for_arty_a7_Hcount_Send_0_0 has unconnected port s00_axi_wdata[4]
WARNING: [Synth 8-3331] design m3_for_arty_a7_Hcount_Send_0_0 has unconnected port s00_axi_wdata[3]
WARNING: [Synth 8-3331] design m3_for_arty_a7_Hcount_Send_0_0 has unconnected port s00_axi_wdata[2]
WARNING: [Synth 8-3331] design m3_for_arty_a7_Hcount_Send_0_0 has unconnected port s00_axi_wdata[1]
WARNING: [Synth 8-3331] design m3_for_arty_a7_Hcount_Send_0_0 has unconnected port s00_axi_wdata[0]
WARNING: [Synth 8-3331] design m3_for_arty_a7_Hcount_Send_0_0 has unconnected port s00_axi_wstrb[3]
WARNING: [Synth 8-3331] design m3_for_arty_a7_Hcount_Send_0_0 has unconnected port s00_axi_wstrb[2]
WARNING: [Synth 8-3331] design m3_for_arty_a7_Hcount_Send_0_0 has unconnected port s00_axi_wstrb[1]
WARNING: [Synth 8-3331] design m3_for_arty_a7_Hcount_Send_0_0 has unconnected port s00_axi_wstrb[0]
WARNING: [Synth 8-3331] design m3_for_arty_a7_Hcount_Send_0_0 has unconnected port s00_axi_arprot[2]
WARNING: [Synth 8-3331] design m3_for_arty_a7_Hcount_Send_0_0 has unconnected port s00_axi_arprot[1]
WARNING: [Synth 8-3331] design m3_for_arty_a7_Hcount_Send_0_0 has unconnected port s00_axi_arprot[0]
INFO: [Synth 8-3886] merging instance 'inst/Hcount_Send_v1_0_S00_AXI_inst/axi_rresp_reg[0]' (FDRE) to 'inst/Hcount_Send_v1_0_S00_AXI_inst/axi_rresp_reg[1]'
INFO: [Synth 8-3333] propagating constant 0 across sequential element (\inst/Hcount_Send_v1_0_S00_AXI_inst/axi_rresp_reg[1] )
INFO: [Synth 8-3886] merging instance 'inst/Hcount_Send_v1_0_S00_AXI_inst/axi_bresp_reg[0]' (FDRE) to 'inst/Hcount_Send_v1_0_S00_AXI_inst/axi_bresp_reg[1]'
INFO: [Synth 8-3333] propagating constant 0 across sequential element (\inst/Hcount_Send_v1_0_S00_AXI_inst/axi_bresp_reg[1] )
INFO: [Synth 8-3332] Sequential element (inst/Hcount_Send_v1_0_S00_AXI_inst/axi_bresp_reg[1]) is unused and will be removed from module m3_for_arty_a7_Hcount_Send_0_0.
INFO: [Synth 8-3332] Sequential element (inst/Hcount_Send_v1_0_S00_AXI_inst/axi_araddr_reg[1]) is unused and will be removed from module m3_for_arty_a7_Hcount_Send_0_0.
INFO: [Synth 8-3332] Sequential element (inst/Hcount_Send_v1_0_S00_AXI_inst/axi_araddr_reg[0]) is unused and will be removed from module m3_for_arty_a7_Hcount_Send_0_0.
INFO: [Synth 8-3332] Sequential element (inst/Hcount_Send_v1_0_S00_AXI_inst/axi_rresp_reg[1]) is unused and will be removed from module m3_for_arty_a7_Hcount_Send_0_0.
---------------------------------------------------------------------------------
Finished Cross Boundary and Area Optimization : Time (s): cpu = 00:00:26 ; elapsed = 00:00:36 . Memory (MB): peak = 846.531 ; gain = 476.461
---------------------------------------------------------------------------------

Report RTL Partitions: 
+-+--------------+------------+----------+
| |RTL Partition |Replication |Instances |
+-+--------------+------------+----------+
+-+--------------+------------+----------+
---------------------------------------------------------------------------------
Start Applying XDC Timing Constraints
---------------------------------------------------------------------------------
---------------------------------------------------------------------------------
Finished Applying XDC Timing Constraints : Time (s): cpu = 00:00:44 ; elapsed = 00:01:06 . Memory (MB): peak = 860.816 ; gain = 490.746
---------------------------------------------------------------------------------
---------------------------------------------------------------------------------
Start Timing Optimization
---------------------------------------------------------------------------------
---------------------------------------------------------------------------------
Finished Timing Optimization : Time (s): cpu = 00:00:44 ; elapsed = 00:01:06 . Memory (MB): peak = 860.891 ; gain = 490.820
---------------------------------------------------------------------------------

Report RTL Partitions: 
+-+--------------+------------+----------+
| |RTL Partition |Replication |Instances |
+-+--------------+------------+----------+
+-+--------------+------------+----------+
---------------------------------------------------------------------------------
Start Technology Mapping
---------------------------------------------------------------------------------
---------------------------------------------------------------------------------
Finished Technology Mapping : Time (s): cpu = 00:00:44 ; elapsed = 00:01:06 . Memory (MB): peak = 871.188 ; gain = 501.117
---------------------------------------------------------------------------------

Report RTL Partitions: 
+-+--------------+------------+----------+
| |RTL Partition |Replication |Instances |
+-+--------------+------------+----------+
+-+--------------+------------+----------+
---------------------------------------------------------------------------------
Start IO Insertion
---------------------------------------------------------------------------------
---------------------------------------------------------------------------------
Start Flattening Before IO Insertion
---------------------------------------------------------------------------------
---------------------------------------------------------------------------------
Finished Flattening Before IO Insertion
---------------------------------------------------------------------------------
---------------------------------------------------------------------------------
Start Final Netlist Cleanup
---------------------------------------------------------------------------------
---------------------------------------------------------------------------------
Finished Final Netlist Cleanup
---------------------------------------------------------------------------------
---------------------------------------------------------------------------------
Finished IO Insertion : Time (s): cpu = 00:00:45 ; elapsed = 00:01:08 . Memory (MB): peak = 871.188 ; gain = 501.117
---------------------------------------------------------------------------------

Report Check Netlist: 
+------+------------------+-------+---------+-------+------------------+
|      |Item              |Errors |Warnings |Status |Description       |
+------+------------------+-------+---------+-------+------------------+
|1     |multi_driven_nets |      0|        0|Passed |Multi driven nets |
+------+------------------+-------+---------+-------+------------------+
---------------------------------------------------------------------------------
Start Renaming Generated Instances
---------------------------------------------------------------------------------
---------------------------------------------------------------------------------
Finished Renaming Generated Instances : Time (s): cpu = 00:00:45 ; elapsed = 00:01:08 . Memory (MB): peak = 871.188 ; gain = 501.117
---------------------------------------------------------------------------------

Report RTL Partitions: 
+-+--------------+------------+----------+
| |RTL Partition |Replication |Instances |
+-+--------------+------------+----------+
+-+--------------+------------+----------+
---------------------------------------------------------------------------------
Start Rebuilding User Hierarchy
---------------------------------------------------------------------------------
---------------------------------------------------------------------------------
Finished Rebuilding User Hierarchy : Time (s): cpu = 00:00:45 ; elapsed = 00:01:08 . Memory (MB): peak = 871.188 ; gain = 501.117
---------------------------------------------------------------------------------
---------------------------------------------------------------------------------
Start Renaming Generated Ports
---------------------------------------------------------------------------------
---------------------------------------------------------------------------------
Finished Renaming Generated Ports : Time (s): cpu = 00:00:45 ; elapsed = 00:01:08 . Memory (MB): peak = 871.188 ; gain = 501.117
---------------------------------------------------------------------------------
---------------------------------------------------------------------------------
Start Handling Custom Attributes
---------------------------------------------------------------------------------
---------------------------------------------------------------------------------
Finished Handling Custom Attributes : Time (s): cpu = 00:00:45 ; elapsed = 00:01:08 . Memory (MB): peak = 871.188 ; gain = 501.117
---------------------------------------------------------------------------------
---------------------------------------------------------------------------------
Start Renaming Generated Nets
---------------------------------------------------------------------------------
---------------------------------------------------------------------------------
Finished Renaming Generated Nets : Time (s): cpu = 00:00:45 ; elapsed = 00:01:08 . Memory (MB): peak = 871.188 ; gain = 501.117
---------------------------------------------------------------------------------
---------------------------------------------------------------------------------
Start Writing Synthesis Report
---------------------------------------------------------------------------------

Report BlackBoxes: 
+-+--------------+----------+
| |BlackBox name |Instances |
+-+--------------+----------+
+-+--------------+----------+

Report Cell Usage: 
+------+-----+------+
|      |Cell |Count |
+------+-----+------+
|1     |LUT1 |     1|
|2     |LUT2 |     1|
|3     |LUT3 |     1|
|4     |LUT4 |     3|
|5     |LUT5 |    24|
|6     |LUT6 |    26|
|7     |FDRE |    21|
|8     |FDSE |     1|
+------+-----+------+

Report Instance Areas: 
+------+----------------------------------+-------------------------+------+
|      |Instance                          |Module                   |Cells |
+------+----------------------------------+-------------------------+------+
|1     |top                               |                         |    78|
|2     |  inst                            |Hcount_Send_v1_0         |    78|
|3     |    Hcount_Send_v1_0_S00_AXI_inst |Hcount_Send_v1_0_S00_AXI |    78|
+------+----------------------------------+-------------------------+------+
---------------------------------------------------------------------------------
Finished Writing Synthesis Report : Time (s): cpu = 00:00:45 ; elapsed = 00:01:08 . Memory (MB): peak = 871.188 ; gain = 501.117
---------------------------------------------------------------------------------
Synthesis finished with 0 errors, 0 critical warnings and 48 warnings.
Synthesis Optimization Runtime : Time (s): cpu = 00:00:27 ; elapsed = 00:00:54 . Memory (MB): peak = 871.188 ; gain = 181.992
Synthesis Optimization Complete : Time (s): cpu = 00:00:45 ; elapsed = 00:01:08 . Memory (MB): peak = 871.188 ; gain = 501.117
INFO: [Project 1-571] Translating synthesized netlist
INFO: [Project 1-570] Preparing netlist for logic optimization
INFO: [Opt 31-138] Pushed 0 inverter(s) to 0 load pin(s).
INFO: [Project 1-111] Unisim Transformation Summary:
No Unisim elements were transformed.

INFO: [Common 17-83] Releasing license: Synthesis
43 Infos, 108 Warnings, 0 Critical Warnings and 0 Errors encountered.
synth_design completed successfully
synth_design: Time (s): cpu = 00:00:47 ; elapsed = 00:01:11 . Memory (MB): peak = 885.109 ; gain = 526.512
WARNING: [Constraints 18-5210] No constraint will be written out.
INFO: [Common 17-1381] The checkpoint 'D:/Users/Arthur/Desktop/Arm/AT426-BU-98000-r0p0-00rel0/hardware/m3_for_arty_a7/m3_for_arty_a7/m3_for_arty_a7.runs/m3_for_arty_a7_Hcount_Send_0_0_synth_1/m3_for_arty_a7_Hcount_Send_0_0.dcp' has been generated.
