
*** Running vivado
    with args -log m3_for_arty_a7_xlconcat_0_1.vds -m64 -product Vivado -mode batch -messageDb vivado.pb -notrace -source m3_for_arty_a7_xlconcat_0_1.tcl


****** Vivado v2018.2 (64-bit)
  **** SW Build 2258646 on Thu Jun 14 20:03:12 MDT 2018
  **** IP Build 2256618 on Thu Jun 14 22:10:49 MDT 2018
    ** Copyright 1986-2018 Xilinx, Inc. All Rights Reserved.

source m3_for_arty_a7_xlconcat_0_1.tcl -notrace
create_project: Time (s): cpu = 00:00:03 ; elapsed = 00:00:05 . Memory (MB): peak = 323.742 ; gain = 90.621
Command: synth_design -top m3_for_arty_a7_xlconcat_0_1 -part xc7a100tcsg324-1 -mode out_of_context
Starting synth_design
Attempting to get a license for feature 'Synthesis' and/or device 'xc7a100t'
INFO: [Common 17-349] Got license for feature 'Synthesis' and/or device 'xc7a100t'
INFO: Launching helper process for spawning children vivado processes
INFO: Helper process launched with PID 51820 
---------------------------------------------------------------------------------
Starting RTL Elaboration : Time (s): cpu = 00:00:05 ; elapsed = 00:00:07 . Memory (MB): peak = 470.344 ; gain = 101.246
---------------------------------------------------------------------------------
INFO: [Synth 8-6157] synthesizing module 'm3_for_arty_a7_xlconcat_0_1' [v:/hardware/m3_for_arty_a7/block_diagram/ip/m3_for_arty_a7_xlconcat_0_1/synth/m3_for_arty_a7_xlconcat_0_1.v:58]
INFO: [Synth 8-6157] synthesizing module 'xlconcat_v2_1_1_xlconcat' [v:/hardware/m3_for_arty_a7/block_diagram/ipshared/2f66/hdl/xlconcat_v2_1_vl_rfs.v:14]
	Parameter IN0_WIDTH bound to: 1 - type: integer 
	Parameter IN1_WIDTH bound to: 1 - type: integer 
	Parameter IN2_WIDTH bound to: 1 - type: integer 
	Parameter IN3_WIDTH bound to: 1 - type: integer 
	Parameter IN4_WIDTH bound to: 4 - type: integer 
	Parameter IN5_WIDTH bound to: 4 - type: integer 
	Parameter IN6_WIDTH bound to: 4 - type: integer 
	Parameter IN7_WIDTH bound to: 1 - type: integer 
	Parameter IN8_WIDTH bound to: 1 - type: integer 
	Parameter IN9_WIDTH bound to: 1 - type: integer 
	Parameter IN10_WIDTH bound to: 1 - type: integer 
	Parameter IN11_WIDTH bound to: 1 - type: integer 
	Parameter IN12_WIDTH bound to: 1 - type: integer 
	Parameter IN13_WIDTH bound to: 1 - type: integer 
	Parameter IN14_WIDTH bound to: 1 - type: integer 
	Parameter IN15_WIDTH bound to: 1 - type: integer 
	Parameter IN16_WIDTH bound to: 1 - type: integer 
	Parameter IN17_WIDTH bound to: 1 - type: integer 
	Parameter IN18_WIDTH bound to: 1 - type: integer 
	Parameter IN19_WIDTH bound to: 1 - type: integer 
	Parameter IN20_WIDTH bound to: 1 - type: integer 
	Parameter IN21_WIDTH bound to: 1 - type: integer 
	Parameter IN22_WIDTH bound to: 1 - type: integer 
	Parameter IN23_WIDTH bound to: 1 - type: integer 
	Parameter IN24_WIDTH bound to: 1 - type: integer 
	Parameter IN25_WIDTH bound to: 1 - type: integer 
	Parameter IN26_WIDTH bound to: 1 - type: integer 
	Parameter IN27_WIDTH bound to: 1 - type: integer 
	Parameter IN28_WIDTH bound to: 1 - type: integer 
	Parameter IN29_WIDTH bound to: 1 - type: integer 
	Parameter IN30_WIDTH bound to: 1 - type: integer 
	Parameter IN31_WIDTH bound to: 1 - type: integer 
	Parameter dout_width bound to: 16 - type: integer 
	Parameter NUM_PORTS bound to: 7 - type: integer 
INFO: [Synth 8-6155] done synthesizing module 'xlconcat_v2_1_1_xlconcat' (1#1) [v:/hardware/m3_for_arty_a7/block_diagram/ipshared/2f66/hdl/xlconcat_v2_1_vl_rfs.v:14]
INFO: [Synth 8-6155] done synthesizing module 'm3_for_arty_a7_xlconcat_0_1' (2#1) [v:/hardware/m3_for_arty_a7/block_diagram/ip/m3_for_arty_a7_xlconcat_0_1/synth/m3_for_arty_a7_xlconcat_0_1.v:58]
WARNING: [Synth 8-3331] design xlconcat_v2_1_1_xlconcat has unconnected port In7[0]
WARNING: [Synth 8-3331] design xlconcat_v2_1_1_xlconcat has unconnected port In8[0]
WARNING: [Synth 8-3331] design xlconcat_v2_1_1_xlconcat has unconnected port In9[0]
WARNING: [Synth 8-3331] design xlconcat_v2_1_1_xlconcat has unconnected port In10[0]
WARNING: [Synth 8-3331] design xlconcat_v2_1_1_xlconcat has unconnected port In11[0]
WARNING: [Synth 8-3331] design xlconcat_v2_1_1_xlconcat has unconnected port In12[0]
WARNING: [Synth 8-3331] design xlconcat_v2_1_1_xlconcat has unconnected port In13[0]
WARNING: [Synth 8-3331] design xlconcat_v2_1_1_xlconcat has unconnected port In14[0]
WARNING: [Synth 8-3331] design xlconcat_v2_1_1_xlconcat has unconnected port In15[0]
WARNING: [Synth 8-3331] design xlconcat_v2_1_1_xlconcat has unconnected port In16[0]
WARNING: [Synth 8-3331] design xlconcat_v2_1_1_xlconcat has unconnected port In17[0]
WARNING: [Synth 8-3331] design xlconcat_v2_1_1_xlconcat has unconnected port In18[0]
WARNING: [Synth 8-3331] design xlconcat_v2_1_1_xlconcat has unconnected port In19[0]
WARNING: [Synth 8-3331] design xlconcat_v2_1_1_xlconcat has unconnected port In20[0]
WARNING: [Synth 8-3331] design xlconcat_v2_1_1_xlconcat has unconnected port In21[0]
WARNING: [Synth 8-3331] design xlconcat_v2_1_1_xlconcat has unconnected port In22[0]
WARNING: [Synth 8-3331] design xlconcat_v2_1_1_xlconcat has unconnected port In23[0]
WARNING: [Synth 8-3331] design xlconcat_v2_1_1_xlconcat has unconnected port In24[0]
WARNING: [Synth 8-3331] design xlconcat_v2_1_1_xlconcat has unconnected port In25[0]
WARNING: [Synth 8-3331] design xlconcat_v2_1_1_xlconcat has unconnected port In26[0]
WARNING: [Synth 8-3331] design xlconcat_v2_1_1_xlconcat has unconnected port In27[0]
WARNING: [Synth 8-3331] design xlconcat_v2_1_1_xlconcat has unconnected port In28[0]
WARNING: [Synth 8-3331] design xlconcat_v2_1_1_xlconcat has unconnected port In29[0]
WARNING: [Synth 8-3331] design xlconcat_v2_1_1_xlconcat has unconnected port In30[0]
WARNING: [Synth 8-3331] design xlconcat_v2_1_1_xlconcat has unconnected port In31[0]
---------------------------------------------------------------------------------
Finished RTL Elaboration : Time (s): cpu = 00:00:07 ; elapsed = 00:00:09 . Memory (MB): peak = 525.688 ; gain = 156.590
---------------------------------------------------------------------------------

Report Check Netlist: 
+------+------------------+-------+---------+-------+------------------+
|      |Item              |Errors |Warnings |Status |Description       |
+------+------------------+-------+---------+-------+------------------+
|1     |multi_driven_nets |      0|        0|Passed |Multi driven nets |
+------+------------------+-------+---------+-------+------------------+
---------------------------------------------------------------------------------
Start Handling Custom Attributes
---------------------------------------------------------------------------------
---------------------------------------------------------------------------------
Finished Handling Custom Attributes : Time (s): cpu = 00:00:07 ; elapsed = 00:00:09 . Memory (MB): peak = 525.688 ; gain = 156.590
---------------------------------------------------------------------------------
---------------------------------------------------------------------------------
Finished RTL Optimization Phase 1 : Time (s): cpu = 00:00:07 ; elapsed = 00:00:09 . Memory (MB): peak = 525.688 ; gain = 156.590
---------------------------------------------------------------------------------
INFO: [Device 21-403] Loading part xc7a100tcsg324-1
INFO: [Project 1-570] Preparing netlist for logic optimization

Processing XDC Constraints
Initializing timing engine
Completed Processing XDC Constraints

INFO: [Project 1-111] Unisim Transformation Summary:
No Unisim elements were transformed.

WARNING: [Constraints 18-5210] No constraint will be written out.
Constraint Validation Runtime : Time (s): cpu = 00:00:00 ; elapsed = 00:00:00.124 . Memory (MB): peak = 772.336 ; gain = 2.262
---------------------------------------------------------------------------------
Finished Constraint Validation : Time (s): cpu = 00:00:28 ; elapsed = 00:00:45 . Memory (MB): peak = 772.336 ; gain = 403.238
---------------------------------------------------------------------------------
---------------------------------------------------------------------------------
Start Loading Part and Timing Information
---------------------------------------------------------------------------------
Loading part: xc7a100tcsg324-1
---------------------------------------------------------------------------------
Finished Loading Part and Timing Information : Time (s): cpu = 00:00:28 ; elapsed = 00:00:45 . Memory (MB): peak = 772.336 ; gain = 403.238
---------------------------------------------------------------------------------
---------------------------------------------------------------------------------
Start Applying 'set_property' XDC Constraints
---------------------------------------------------------------------------------
---------------------------------------------------------------------------------
Finished applying 'set_property' XDC Constraints : Time (s): cpu = 00:00:28 ; elapsed = 00:00:45 . Memory (MB): peak = 772.336 ; gain = 403.238
---------------------------------------------------------------------------------
---------------------------------------------------------------------------------
Finished RTL Optimization Phase 2 : Time (s): cpu = 00:00:28 ; elapsed = 00:00:45 . Memory (MB): peak = 772.336 ; gain = 403.238
---------------------------------------------------------------------------------

Report RTL Partitions: 
+-+--------------+------------+----------+
| |RTL Partition |Replication |Instances |
+-+--------------+------------+----------+
+-+--------------+------------+----------+
---------------------------------------------------------------------------------
Start RTL Component Statistics 
---------------------------------------------------------------------------------
Detailed RTL Component Info : 
---------------------------------------------------------------------------------
Finished RTL Component Statistics 
---------------------------------------------------------------------------------
---------------------------------------------------------------------------------
Start RTL Hierarchical Component Statistics 
---------------------------------------------------------------------------------
Hierarchical RTL Component report 
---------------------------------------------------------------------------------
Finished RTL Hierarchical Component Statistics
---------------------------------------------------------------------------------
---------------------------------------------------------------------------------
Start Part Resource Summary
---------------------------------------------------------------------------------
Part Resources:
DSPs: 240 (col length:80)
BRAMs: 270 (col length: RAMB18 80 RAMB36 40)
---------------------------------------------------------------------------------
Finished Part Resource Summary
---------------------------------------------------------------------------------
---------------------------------------------------------------------------------
Start Cross Boundary and Area Optimization
---------------------------------------------------------------------------------
Warning: Parallel synthesis criteria is not met 
WARNING: [Synth 8-3330] design m3_for_arty_a7_xlconcat_0_1 has an empty top module
---------------------------------------------------------------------------------
Finished Cross Boundary and Area Optimization : Time (s): cpu = 00:00:29 ; elapsed = 00:00:47 . Memory (MB): peak = 772.336 ; gain = 403.238
---------------------------------------------------------------------------------

Report RTL Partitions: 
+-+--------------+------------+----------+
| |RTL Partition |Replication |Instances |
+-+--------------+------------+----------+
+-+--------------+------------+----------+
---------------------------------------------------------------------------------
Start Applying XDC Timing Constraints
---------------------------------------------------------------------------------
---------------------------------------------------------------------------------
Finished Applying XDC Timing Constraints : Time (s): cpu = 00:00:50 ; elapsed = 00:01:12 . Memory (MB): peak = 838.035 ; gain = 468.938
---------------------------------------------------------------------------------
---------------------------------------------------------------------------------
Start Timing Optimization
---------------------------------------------------------------------------------
---------------------------------------------------------------------------------
Finished Timing Optimization : Time (s): cpu = 00:00:50 ; elapsed = 00:01:12 . Memory (MB): peak = 838.035 ; gain = 468.938
---------------------------------------------------------------------------------

Report RTL Partitions: 
+-+--------------+------------+----------+
| |RTL Partition |Replication |Instances |
+-+--------------+------------+----------+
+-+--------------+------------+----------+
---------------------------------------------------------------------------------
Start Technology Mapping
---------------------------------------------------------------------------------
---------------------------------------------------------------------------------
Finished Technology Mapping : Time (s): cpu = 00:00:50 ; elapsed = 00:01:12 . Memory (MB): peak = 838.035 ; gain = 468.938
---------------------------------------------------------------------------------

Report RTL Partitions: 
+-+--------------+------------+----------+
| |RTL Partition |Replication |Instances |
+-+--------------+------------+----------+
+-+--------------+------------+----------+
---------------------------------------------------------------------------------
Start IO Insertion
---------------------------------------------------------------------------------
---------------------------------------------------------------------------------
Start Flattening Before IO Insertion
---------------------------------------------------------------------------------
---------------------------------------------------------------------------------
Finished Flattening Before IO Insertion
---------------------------------------------------------------------------------
---------------------------------------------------------------------------------
Start Final Netlist Cleanup
---------------------------------------------------------------------------------
---------------------------------------------------------------------------------
Finished Final Netlist Cleanup
---------------------------------------------------------------------------------
---------------------------------------------------------------------------------
Finished IO Insertion : Time (s): cpu = 00:00:53 ; elapsed = 00:01:15 . Memory (MB): peak = 839.352 ; gain = 470.254
---------------------------------------------------------------------------------

Report Check Netlist: 
+------+------------------+-------+---------+-------+------------------+
|      |Item              |Errors |Warnings |Status |Description       |
+------+------------------+-------+---------+-------+------------------+
|1     |multi_driven_nets |      0|        0|Passed |Multi driven nets |
+------+------------------+-------+---------+-------+------------------+
---------------------------------------------------------------------------------
Start Renaming Generated Instances
---------------------------------------------------------------------------------
---------------------------------------------------------------------------------
Finished Renaming Generated Instances : Time (s): cpu = 00:00:53 ; elapsed = 00:01:15 . Memory (MB): peak = 839.352 ; gain = 470.254
---------------------------------------------------------------------------------

Report RTL Partitions: 
+-+--------------+------------+----------+
| |RTL Partition |Replication |Instances |
+-+--------------+------------+----------+
+-+--------------+------------+----------+
---------------------------------------------------------------------------------
Start Rebuilding User Hierarchy
---------------------------------------------------------------------------------
---------------------------------------------------------------------------------
Finished Rebuilding User Hierarchy : Time (s): cpu = 00:00:53 ; elapsed = 00:01:15 . Memory (MB): peak = 839.352 ; gain = 470.254
---------------------------------------------------------------------------------
---------------------------------------------------------------------------------
Start Renaming Generated Ports
---------------------------------------------------------------------------------
---------------------------------------------------------------------------------
Finished Renaming Generated Ports : Time (s): cpu = 00:00:53 ; elapsed = 00:01:15 . Memory (MB): peak = 839.352 ; gain = 470.254
---------------------------------------------------------------------------------
---------------------------------------------------------------------------------
Start Handling Custom Attributes
---------------------------------------------------------------------------------
---------------------------------------------------------------------------------
Finished Handling Custom Attributes : Time (s): cpu = 00:00:53 ; elapsed = 00:01:15 . Memory (MB): peak = 839.352 ; gain = 470.254
---------------------------------------------------------------------------------
---------------------------------------------------------------------------------
Start Renaming Generated Nets
---------------------------------------------------------------------------------
---------------------------------------------------------------------------------
Finished Renaming Generated Nets : Time (s): cpu = 00:00:53 ; elapsed = 00:01:15 . Memory (MB): peak = 839.352 ; gain = 470.254
---------------------------------------------------------------------------------
---------------------------------------------------------------------------------
Start Writing Synthesis Report
---------------------------------------------------------------------------------

Report BlackBoxes: 
+-+--------------+----------+
| |BlackBox name |Instances |
+-+--------------+----------+
+-+--------------+----------+

Report Cell Usage: 
+-+-----+------+
| |Cell |Count |
+-+-----+------+
+-+-----+------+

Report Instance Areas: 
+------+---------+-------+------+
|      |Instance |Module |Cells |
+------+---------+-------+------+
|1     |top      |       |     0|
+------+---------+-------+------+
---------------------------------------------------------------------------------
Finished Writing Synthesis Report : Time (s): cpu = 00:00:53 ; elapsed = 00:01:15 . Memory (MB): peak = 839.352 ; gain = 470.254
---------------------------------------------------------------------------------
Synthesis finished with 0 errors, 0 critical warnings and 1 warnings.
Synthesis Optimization Runtime : Time (s): cpu = 00:00:32 ; elapsed = 00:00:46 . Memory (MB): peak = 839.352 ; gain = 223.605
Synthesis Optimization Complete : Time (s): cpu = 00:00:53 ; elapsed = 00:01:15 . Memory (MB): peak = 839.352 ; gain = 470.254
INFO: [Project 1-571] Translating synthesized netlist
INFO: [Project 1-570] Preparing netlist for logic optimization
INFO: [Opt 31-138] Pushed 0 inverter(s) to 0 load pin(s).
INFO: [Project 1-111] Unisim Transformation Summary:
No Unisim elements were transformed.

INFO: [Common 17-83] Releasing license: Synthesis
13 Infos, 27 Warnings, 0 Critical Warnings and 0 Errors encountered.
synth_design completed successfully
synth_design: Time (s): cpu = 00:00:57 ; elapsed = 00:01:20 . Memory (MB): peak = 861.672 ; gain = 504.047
WARNING: [Constraints 18-5210] No constraint will be written out.
INFO: [Common 17-1381] The checkpoint 'V:/hardware/m3_for_arty_a7/m3_for_arty_a7/m3_for_arty_a7.runs/m3_for_arty_a7_xlconcat_0_1_synth_1/m3_for_arty_a7_xlconcat_0_1.dcp' has been generated.
