
*** Running vivado
    with args -log m3_for_arty_a7_send_line_data_0_0.vds -m64 -product Vivado -mode batch -messageDb vivado.pb -notrace -source m3_for_arty_a7_send_line_data_0_0.tcl


****** Vivado v2018.2 (64-bit)
  **** SW Build 2258646 on Thu Jun 14 20:03:12 MDT 2018
  **** IP Build 2256618 on Thu Jun 14 22:10:49 MDT 2018
    ** Copyright 1986-2018 Xilinx, Inc. All Rights Reserved.

source m3_for_arty_a7_send_line_data_0_0.tcl -notrace
create_project: Time (s): cpu = 00:00:03 ; elapsed = 00:00:05 . Memory (MB): peak = 323.734 ; gain = 90.484
Command: synth_design -top m3_for_arty_a7_send_line_data_0_0 -part xc7a100tcsg324-1 -mode out_of_context
Starting synth_design
Attempting to get a license for feature 'Synthesis' and/or device 'xc7a100t'
INFO: [Common 17-349] Got license for feature 'Synthesis' and/or device 'xc7a100t'
INFO: Launching helper process for spawning children vivado processes
INFO: Helper process launched with PID 27140 
---------------------------------------------------------------------------------
Starting RTL Elaboration : Time (s): cpu = 00:00:06 ; elapsed = 00:00:07 . Memory (MB): peak = 470.844 ; gain = 100.215
---------------------------------------------------------------------------------
INFO: [Synth 8-6157] synthesizing module 'm3_for_arty_a7_send_line_data_0_0' [v:/hardware/m3_for_arty_a7/block_diagram/ip/m3_for_arty_a7_send_line_data_0_0/synth/m3_for_arty_a7_send_line_data_0_0.v:57]
INFO: [Synth 8-6157] synthesizing module 'send_line_data_v1_0' [v:/hardware/m3_for_arty_a7/block_diagram/ipshared/a4d2/hdl/send_line_data_v1_0.v:4]
	Parameter C_S00_AXI_DATA_WIDTH bound to: 32 - type: integer 
	Parameter C_S00_AXI_ADDR_WIDTH bound to: 4 - type: integer 
INFO: [Synth 8-6157] synthesizing module 'send_line_data_v1_0_S00_AXI' [v:/hardware/m3_for_arty_a7/block_diagram/ipshared/a4d2/hdl/send_line_data_v1_0_S00_AXI.v:4]
	Parameter C_S_AXI_DATA_WIDTH bound to: 32 - type: integer 
	Parameter C_S_AXI_ADDR_WIDTH bound to: 4 - type: integer 
	Parameter ADDR_LSB bound to: 2 - type: integer 
	Parameter OPT_MEM_ADDR_BITS bound to: 1 - type: integer 
INFO: [Synth 8-226] default block is never used [v:/hardware/m3_for_arty_a7/block_diagram/ipshared/a4d2/hdl/send_line_data_v1_0_S00_AXI.v:237]
INFO: [Synth 8-226] default block is never used [v:/hardware/m3_for_arty_a7/block_diagram/ipshared/a4d2/hdl/send_line_data_v1_0_S00_AXI.v:378]
INFO: [Synth 8-6155] done synthesizing module 'send_line_data_v1_0_S00_AXI' (1#1) [v:/hardware/m3_for_arty_a7/block_diagram/ipshared/a4d2/hdl/send_line_data_v1_0_S00_AXI.v:4]
INFO: [Synth 8-6155] done synthesizing module 'send_line_data_v1_0' (2#1) [v:/hardware/m3_for_arty_a7/block_diagram/ipshared/a4d2/hdl/send_line_data_v1_0.v:4]
INFO: [Synth 8-6155] done synthesizing module 'm3_for_arty_a7_send_line_data_0_0' (3#1) [v:/hardware/m3_for_arty_a7/block_diagram/ip/m3_for_arty_a7_send_line_data_0_0/synth/m3_for_arty_a7_send_line_data_0_0.v:57]
WARNING: [Synth 8-3331] design send_line_data_v1_0_S00_AXI has unconnected port S_AXI_AWPROT[2]
WARNING: [Synth 8-3331] design send_line_data_v1_0_S00_AXI has unconnected port S_AXI_AWPROT[1]
WARNING: [Synth 8-3331] design send_line_data_v1_0_S00_AXI has unconnected port S_AXI_AWPROT[0]
WARNING: [Synth 8-3331] design send_line_data_v1_0_S00_AXI has unconnected port S_AXI_ARPROT[2]
WARNING: [Synth 8-3331] design send_line_data_v1_0_S00_AXI has unconnected port S_AXI_ARPROT[1]
WARNING: [Synth 8-3331] design send_line_data_v1_0_S00_AXI has unconnected port S_AXI_ARPROT[0]
---------------------------------------------------------------------------------
Finished RTL Elaboration : Time (s): cpu = 00:00:08 ; elapsed = 00:00:09 . Memory (MB): peak = 526.590 ; gain = 155.961
---------------------------------------------------------------------------------

Report Check Netlist: 
+------+------------------+-------+---------+-------+------------------+
|      |Item              |Errors |Warnings |Status |Description       |
+------+------------------+-------+---------+-------+------------------+
|1     |multi_driven_nets |      0|        0|Passed |Multi driven nets |
+------+------------------+-------+---------+-------+------------------+
---------------------------------------------------------------------------------
Start Handling Custom Attributes
---------------------------------------------------------------------------------
---------------------------------------------------------------------------------
Finished Handling Custom Attributes : Time (s): cpu = 00:00:08 ; elapsed = 00:00:09 . Memory (MB): peak = 526.590 ; gain = 155.961
---------------------------------------------------------------------------------
---------------------------------------------------------------------------------
Finished RTL Optimization Phase 1 : Time (s): cpu = 00:00:08 ; elapsed = 00:00:09 . Memory (MB): peak = 526.590 ; gain = 155.961
---------------------------------------------------------------------------------
INFO: [Device 21-403] Loading part xc7a100tcsg324-1
INFO: [Project 1-570] Preparing netlist for logic optimization

Processing XDC Constraints
Initializing timing engine
Completed Processing XDC Constraints

INFO: [Project 1-111] Unisim Transformation Summary:
No Unisim elements were transformed.

WARNING: [Constraints 18-5210] No constraint will be written out.
Constraint Validation Runtime : Time (s): cpu = 00:00:00 ; elapsed = 00:00:00.133 . Memory (MB): peak = 859.766 ; gain = 3.375
---------------------------------------------------------------------------------
Finished Constraint Validation : Time (s): cpu = 00:00:27 ; elapsed = 00:00:35 . Memory (MB): peak = 859.766 ; gain = 489.137
---------------------------------------------------------------------------------
---------------------------------------------------------------------------------
Start Loading Part and Timing Information
---------------------------------------------------------------------------------
Loading part: xc7a100tcsg324-1
---------------------------------------------------------------------------------
Finished Loading Part and Timing Information : Time (s): cpu = 00:00:27 ; elapsed = 00:00:35 . Memory (MB): peak = 859.766 ; gain = 489.137
---------------------------------------------------------------------------------
---------------------------------------------------------------------------------
Start Applying 'set_property' XDC Constraints
---------------------------------------------------------------------------------
---------------------------------------------------------------------------------
Finished applying 'set_property' XDC Constraints : Time (s): cpu = 00:00:27 ; elapsed = 00:00:35 . Memory (MB): peak = 859.766 ; gain = 489.137
---------------------------------------------------------------------------------
---------------------------------------------------------------------------------
Finished RTL Optimization Phase 2 : Time (s): cpu = 00:00:28 ; elapsed = 00:00:36 . Memory (MB): peak = 859.766 ; gain = 489.137
---------------------------------------------------------------------------------

Report RTL Partitions: 
+-+--------------+------------+----------+
| |RTL Partition |Replication |Instances |
+-+--------------+------------+----------+
+-+--------------+------------+----------+
---------------------------------------------------------------------------------
Start RTL Component Statistics 
---------------------------------------------------------------------------------
Detailed RTL Component Info : 
+---Registers : 
	               32 Bit    Registers := 5     
	                4 Bit    Registers := 2     
	                2 Bit    Registers := 2     
	                1 Bit    Registers := 6     
+---Muxes : 
	   2 Input     32 Bit        Muxes := 4     
	   4 Input     32 Bit        Muxes := 5     
	   2 Input      1 Bit        Muxes := 5     
---------------------------------------------------------------------------------
Finished RTL Component Statistics 
---------------------------------------------------------------------------------
---------------------------------------------------------------------------------
Start RTL Hierarchical Component Statistics 
---------------------------------------------------------------------------------
Hierarchical RTL Component report 
Module send_line_data_v1_0_S00_AXI 
Detailed RTL Component Info : 
+---Registers : 
	               32 Bit    Registers := 5     
	                4 Bit    Registers := 2     
	                2 Bit    Registers := 2     
	                1 Bit    Registers := 6     
+---Muxes : 
	   2 Input     32 Bit        Muxes := 4     
	   4 Input     32 Bit        Muxes := 5     
	   2 Input      1 Bit        Muxes := 5     
---------------------------------------------------------------------------------
Finished RTL Hierarchical Component Statistics
---------------------------------------------------------------------------------
---------------------------------------------------------------------------------
Start Part Resource Summary
---------------------------------------------------------------------------------
Part Resources:
DSPs: 240 (col length:80)
BRAMs: 270 (col length: RAMB18 80 RAMB36 40)
---------------------------------------------------------------------------------
Finished Part Resource Summary
---------------------------------------------------------------------------------
---------------------------------------------------------------------------------
Start Cross Boundary and Area Optimization
---------------------------------------------------------------------------------
Warning: Parallel synthesis criteria is not met 
WARNING: [Synth 8-3331] design m3_for_arty_a7_send_line_data_0_0 has unconnected port s00_axi_awprot[2]
WARNING: [Synth 8-3331] design m3_for_arty_a7_send_line_data_0_0 has unconnected port s00_axi_awprot[1]
WARNING: [Synth 8-3331] design m3_for_arty_a7_send_line_data_0_0 has unconnected port s00_axi_awprot[0]
WARNING: [Synth 8-3331] design m3_for_arty_a7_send_line_data_0_0 has unconnected port s00_axi_arprot[2]
WARNING: [Synth 8-3331] design m3_for_arty_a7_send_line_data_0_0 has unconnected port s00_axi_arprot[1]
WARNING: [Synth 8-3331] design m3_for_arty_a7_send_line_data_0_0 has unconnected port s00_axi_arprot[0]
INFO: [Synth 8-3886] merging instance 'inst/send_line_data_v1_0_S00_AXI_inst/axi_rresp_reg[0]' (FDRE) to 'inst/send_line_data_v1_0_S00_AXI_inst/axi_rresp_reg[1]'
INFO: [Synth 8-3333] propagating constant 0 across sequential element (\inst/send_line_data_v1_0_S00_AXI_inst/axi_rresp_reg[1] )
INFO: [Synth 8-3886] merging instance 'inst/send_line_data_v1_0_S00_AXI_inst/axi_bresp_reg[0]' (FDRE) to 'inst/send_line_data_v1_0_S00_AXI_inst/axi_bresp_reg[1]'
INFO: [Synth 8-3333] propagating constant 0 across sequential element (\inst/send_line_data_v1_0_S00_AXI_inst/axi_bresp_reg[1] )
INFO: [Synth 8-3332] Sequential element (inst/send_line_data_v1_0_S00_AXI_inst/axi_awaddr_reg[1]) is unused and will be removed from module m3_for_arty_a7_send_line_data_0_0.
INFO: [Synth 8-3332] Sequential element (inst/send_line_data_v1_0_S00_AXI_inst/axi_awaddr_reg[0]) is unused and will be removed from module m3_for_arty_a7_send_line_data_0_0.
INFO: [Synth 8-3332] Sequential element (inst/send_line_data_v1_0_S00_AXI_inst/axi_bresp_reg[1]) is unused and will be removed from module m3_for_arty_a7_send_line_data_0_0.
INFO: [Synth 8-3332] Sequential element (inst/send_line_data_v1_0_S00_AXI_inst/axi_araddr_reg[1]) is unused and will be removed from module m3_for_arty_a7_send_line_data_0_0.
INFO: [Synth 8-3332] Sequential element (inst/send_line_data_v1_0_S00_AXI_inst/axi_araddr_reg[0]) is unused and will be removed from module m3_for_arty_a7_send_line_data_0_0.
INFO: [Synth 8-3332] Sequential element (inst/send_line_data_v1_0_S00_AXI_inst/axi_rresp_reg[1]) is unused and will be removed from module m3_for_arty_a7_send_line_data_0_0.
---------------------------------------------------------------------------------
Finished Cross Boundary and Area Optimization : Time (s): cpu = 00:00:29 ; elapsed = 00:00:38 . Memory (MB): peak = 859.766 ; gain = 489.137
---------------------------------------------------------------------------------

Report RTL Partitions: 
+-+--------------+------------+----------+
| |RTL Partition |Replication |Instances |
+-+--------------+------------+----------+
+-+--------------+------------+----------+
---------------------------------------------------------------------------------
Start Applying XDC Timing Constraints
---------------------------------------------------------------------------------
---------------------------------------------------------------------------------
Finished Applying XDC Timing Constraints : Time (s): cpu = 00:00:49 ; elapsed = 00:01:02 . Memory (MB): peak = 859.863 ; gain = 489.234
---------------------------------------------------------------------------------
---------------------------------------------------------------------------------
Start Timing Optimization
---------------------------------------------------------------------------------
---------------------------------------------------------------------------------
Finished Timing Optimization : Time (s): cpu = 00:00:49 ; elapsed = 00:01:02 . Memory (MB): peak = 860.086 ; gain = 489.457
---------------------------------------------------------------------------------

Report RTL Partitions: 
+-+--------------+------------+----------+
| |RTL Partition |Replication |Instances |
+-+--------------+------------+----------+
+-+--------------+------------+----------+
---------------------------------------------------------------------------------
Start Technology Mapping
---------------------------------------------------------------------------------
---------------------------------------------------------------------------------
Finished Technology Mapping : Time (s): cpu = 00:00:49 ; elapsed = 00:01:02 . Memory (MB): peak = 871.375 ; gain = 500.746
---------------------------------------------------------------------------------

Report RTL Partitions: 
+-+--------------+------------+----------+
| |RTL Partition |Replication |Instances |
+-+--------------+------------+----------+
+-+--------------+------------+----------+
---------------------------------------------------------------------------------
Start IO Insertion
---------------------------------------------------------------------------------
---------------------------------------------------------------------------------
Start Flattening Before IO Insertion
---------------------------------------------------------------------------------
---------------------------------------------------------------------------------
Finished Flattening Before IO Insertion
---------------------------------------------------------------------------------
---------------------------------------------------------------------------------
Start Final Netlist Cleanup
---------------------------------------------------------------------------------
---------------------------------------------------------------------------------
Finished Final Netlist Cleanup
---------------------------------------------------------------------------------
---------------------------------------------------------------------------------
Finished IO Insertion : Time (s): cpu = 00:00:52 ; elapsed = 00:01:07 . Memory (MB): peak = 871.375 ; gain = 500.746
---------------------------------------------------------------------------------

Report Check Netlist: 
+------+------------------+-------+---------+-------+------------------+
|      |Item              |Errors |Warnings |Status |Description       |
+------+------------------+-------+---------+-------+------------------+
|1     |multi_driven_nets |      0|        0|Passed |Multi driven nets |
+------+------------------+-------+---------+-------+------------------+
---------------------------------------------------------------------------------
Start Renaming Generated Instances
---------------------------------------------------------------------------------
---------------------------------------------------------------------------------
Finished Renaming Generated Instances : Time (s): cpu = 00:00:52 ; elapsed = 00:01:07 . Memory (MB): peak = 871.375 ; gain = 500.746
---------------------------------------------------------------------------------

Report RTL Partitions: 
+-+--------------+------------+----------+
| |RTL Partition |Replication |Instances |
+-+--------------+------------+----------+
+-+--------------+------------+----------+
---------------------------------------------------------------------------------
Start Rebuilding User Hierarchy
---------------------------------------------------------------------------------
---------------------------------------------------------------------------------
Finished Rebuilding User Hierarchy : Time (s): cpu = 00:00:52 ; elapsed = 00:01:07 . Memory (MB): peak = 871.375 ; gain = 500.746
---------------------------------------------------------------------------------
---------------------------------------------------------------------------------
Start Renaming Generated Ports
---------------------------------------------------------------------------------
---------------------------------------------------------------------------------
Finished Renaming Generated Ports : Time (s): cpu = 00:00:52 ; elapsed = 00:01:07 . Memory (MB): peak = 871.375 ; gain = 500.746
---------------------------------------------------------------------------------
---------------------------------------------------------------------------------
Start Handling Custom Attributes
---------------------------------------------------------------------------------
---------------------------------------------------------------------------------
Finished Handling Custom Attributes : Time (s): cpu = 00:00:52 ; elapsed = 00:01:07 . Memory (MB): peak = 871.375 ; gain = 500.746
---------------------------------------------------------------------------------
---------------------------------------------------------------------------------
Start Renaming Generated Nets
---------------------------------------------------------------------------------
---------------------------------------------------------------------------------
Finished Renaming Generated Nets : Time (s): cpu = 00:00:52 ; elapsed = 00:01:07 . Memory (MB): peak = 871.375 ; gain = 500.746
---------------------------------------------------------------------------------
---------------------------------------------------------------------------------
Start Writing Synthesis Report
---------------------------------------------------------------------------------

Report BlackBoxes: 
+-+--------------+----------+
| |BlackBox name |Instances |
+-+--------------+----------+
+-+--------------+----------+

Report Cell Usage: 
+------+-----+------+
|      |Cell |Count |
+------+-----+------+
|1     |LUT1 |     1|
|2     |LUT2 |     1|
|3     |LUT3 |     1|
|4     |LUT4 |    22|
|5     |LUT6 |    36|
|6     |FDRE |   169|
|7     |FDSE |     1|
+------+-----+------+

Report Instance Areas: 
+------+-------------------------------------+----------------------------+------+
|      |Instance                             |Module                      |Cells |
+------+-------------------------------------+----------------------------+------+
|1     |top                                  |                            |   231|
|2     |  inst                               |send_line_data_v1_0         |   231|
|3     |    send_line_data_v1_0_S00_AXI_inst |send_line_data_v1_0_S00_AXI |   231|
+------+-------------------------------------+----------------------------+------+
---------------------------------------------------------------------------------
Finished Writing Synthesis Report : Time (s): cpu = 00:00:52 ; elapsed = 00:01:07 . Memory (MB): peak = 871.375 ; gain = 500.746
---------------------------------------------------------------------------------
Synthesis finished with 0 errors, 0 critical warnings and 6 warnings.
Synthesis Optimization Runtime : Time (s): cpu = 00:00:30 ; elapsed = 00:00:49 . Memory (MB): peak = 871.375 ; gain = 167.570
Synthesis Optimization Complete : Time (s): cpu = 00:00:52 ; elapsed = 00:01:08 . Memory (MB): peak = 871.375 ; gain = 500.746
INFO: [Project 1-571] Translating synthesized netlist
INFO: [Project 1-570] Preparing netlist for logic optimization
INFO: [Opt 31-138] Pushed 0 inverter(s) to 0 load pin(s).
INFO: [Project 1-111] Unisim Transformation Summary:
No Unisim elements were transformed.

INFO: [Common 17-83] Releasing license: Synthesis
27 Infos, 13 Warnings, 0 Critical Warnings and 0 Errors encountered.
synth_design completed successfully
synth_design: Time (s): cpu = 00:00:55 ; elapsed = 00:01:15 . Memory (MB): peak = 885.313 ; gain = 526.152
WARNING: [Constraints 18-5210] No constraint will be written out.
INFO: [Common 17-1381] The checkpoint 'V:/hardware/m3_for_arty_a7/m3_for_arty_a7/m3_for_arty_a7.runs/m3_for_arty_a7_send_line_data_0_0_synth_1/m3_for_arty_a7_send_line_data_0_0.dcp' has been generated.
