
*** Running vivado
    with args -log m3_for_arty_a7_char_recongize_5thing_0_0.vds -m64 -product Vivado -mode batch -messageDb vivado.pb -notrace -source m3_for_arty_a7_char_recongize_5thing_0_0.tcl


****** Vivado v2018.2 (64-bit)
  **** SW Build 2258646 on Thu Jun 14 20:03:12 MDT 2018
  **** IP Build 2256618 on Thu Jun 14 22:10:49 MDT 2018
    ** Copyright 1986-2018 Xilinx, Inc. All Rights Reserved.

source m3_for_arty_a7_char_recongize_5thing_0_0.tcl -notrace
create_project: Time (s): cpu = 00:00:03 ; elapsed = 00:00:06 . Memory (MB): peak = 324.031 ; gain = 90.293
Command: synth_design -top m3_for_arty_a7_char_recongize_5thing_0_0 -part xc7a100tcsg324-1 -mode out_of_context
Starting synth_design
Attempting to get a license for feature 'Synthesis' and/or device 'xc7a100t'
INFO: [Common 17-349] Got license for feature 'Synthesis' and/or device 'xc7a100t'
INFO: Launching helper process for spawning children vivado processes
INFO: Helper process launched with PID 41140 
---------------------------------------------------------------------------------
Starting RTL Elaboration : Time (s): cpu = 00:00:05 ; elapsed = 00:00:09 . Memory (MB): peak = 470.605 ; gain = 101.109
---------------------------------------------------------------------------------
INFO: [Synth 8-6157] synthesizing module 'm3_for_arty_a7_char_recongize_5thing_0_0' [v:/hardware/m3_for_arty_a7/block_diagram/ip/m3_for_arty_a7_char_recongize_5thing_0_0/synth/m3_for_arty_a7_char_recongize_5thing_0_0.v:57]
INFO: [Synth 8-6157] synthesizing module 'char_recongize_5thing_v1_0' [v:/hardware/m3_for_arty_a7/block_diagram/ipshared/b336/hdl/char_recongize_5thing_v1_0.v:4]
	Parameter C_S00_AXI_DATA_WIDTH bound to: 32 - type: integer 
	Parameter C_S00_AXI_ADDR_WIDTH bound to: 6 - type: integer 
INFO: [Synth 8-6157] synthesizing module 'char_recongize_5thing_v1_0_S00_AXI' [v:/hardware/m3_for_arty_a7/block_diagram/ipshared/b336/hdl/char_recongize_5thing_v1_0_S00_AXI.v:4]
	Parameter C_S_AXI_DATA_WIDTH bound to: 32 - type: integer 
	Parameter C_S_AXI_ADDR_WIDTH bound to: 6 - type: integer 
	Parameter ADDR_LSB bound to: 2 - type: integer 
	Parameter OPT_MEM_ADDR_BITS bound to: 3 - type: integer 
WARNING: [Synth 8-6014] Unused sequential element axi_awaddr_reg was removed.  [v:/hardware/m3_for_arty_a7/block_diagram/ipshared/b336/hdl/char_recongize_5thing_v1_0_S00_AXI.v:180]
WARNING: [Synth 8-6014] Unused sequential element slv_reg0_reg was removed.  [v:/hardware/m3_for_arty_a7/block_diagram/ipshared/b336/hdl/char_recongize_5thing_v1_0_S00_AXI.v:233]
WARNING: [Synth 8-6014] Unused sequential element slv_reg1_reg was removed.  [v:/hardware/m3_for_arty_a7/block_diagram/ipshared/b336/hdl/char_recongize_5thing_v1_0_S00_AXI.v:234]
WARNING: [Synth 8-6014] Unused sequential element slv_reg2_reg was removed.  [v:/hardware/m3_for_arty_a7/block_diagram/ipshared/b336/hdl/char_recongize_5thing_v1_0_S00_AXI.v:235]
WARNING: [Synth 8-6014] Unused sequential element slv_reg3_reg was removed.  [v:/hardware/m3_for_arty_a7/block_diagram/ipshared/b336/hdl/char_recongize_5thing_v1_0_S00_AXI.v:236]
WARNING: [Synth 8-6014] Unused sequential element slv_reg4_reg was removed.  [v:/hardware/m3_for_arty_a7/block_diagram/ipshared/b336/hdl/char_recongize_5thing_v1_0_S00_AXI.v:237]
WARNING: [Synth 8-6014] Unused sequential element slv_reg5_reg was removed.  [v:/hardware/m3_for_arty_a7/block_diagram/ipshared/b336/hdl/char_recongize_5thing_v1_0_S00_AXI.v:238]
WARNING: [Synth 8-6014] Unused sequential element slv_reg6_reg was removed.  [v:/hardware/m3_for_arty_a7/block_diagram/ipshared/b336/hdl/char_recongize_5thing_v1_0_S00_AXI.v:239]
WARNING: [Synth 8-6014] Unused sequential element slv_reg7_reg was removed.  [v:/hardware/m3_for_arty_a7/block_diagram/ipshared/b336/hdl/char_recongize_5thing_v1_0_S00_AXI.v:240]
WARNING: [Synth 8-6014] Unused sequential element slv_reg8_reg was removed.  [v:/hardware/m3_for_arty_a7/block_diagram/ipshared/b336/hdl/char_recongize_5thing_v1_0_S00_AXI.v:241]
WARNING: [Synth 8-6014] Unused sequential element slv_reg9_reg was removed.  [v:/hardware/m3_for_arty_a7/block_diagram/ipshared/b336/hdl/char_recongize_5thing_v1_0_S00_AXI.v:242]
INFO: [Synth 8-6155] done synthesizing module 'char_recongize_5thing_v1_0_S00_AXI' (1#1) [v:/hardware/m3_for_arty_a7/block_diagram/ipshared/b336/hdl/char_recongize_5thing_v1_0_S00_AXI.v:4]
INFO: [Synth 8-6155] done synthesizing module 'char_recongize_5thing_v1_0' (2#1) [v:/hardware/m3_for_arty_a7/block_diagram/ipshared/b336/hdl/char_recongize_5thing_v1_0.v:4]
INFO: [Synth 8-6155] done synthesizing module 'm3_for_arty_a7_char_recongize_5thing_0_0' (3#1) [v:/hardware/m3_for_arty_a7/block_diagram/ip/m3_for_arty_a7_char_recongize_5thing_0_0/synth/m3_for_arty_a7_char_recongize_5thing_0_0.v:57]
WARNING: [Synth 8-3331] design char_recongize_5thing_v1_0_S00_AXI has unconnected port S_AXI_AWADDR[5]
WARNING: [Synth 8-3331] design char_recongize_5thing_v1_0_S00_AXI has unconnected port S_AXI_AWADDR[4]
WARNING: [Synth 8-3331] design char_recongize_5thing_v1_0_S00_AXI has unconnected port S_AXI_AWADDR[3]
WARNING: [Synth 8-3331] design char_recongize_5thing_v1_0_S00_AXI has unconnected port S_AXI_AWADDR[2]
WARNING: [Synth 8-3331] design char_recongize_5thing_v1_0_S00_AXI has unconnected port S_AXI_AWADDR[1]
WARNING: [Synth 8-3331] design char_recongize_5thing_v1_0_S00_AXI has unconnected port S_AXI_AWADDR[0]
WARNING: [Synth 8-3331] design char_recongize_5thing_v1_0_S00_AXI has unconnected port S_AXI_AWPROT[2]
WARNING: [Synth 8-3331] design char_recongize_5thing_v1_0_S00_AXI has unconnected port S_AXI_AWPROT[1]
WARNING: [Synth 8-3331] design char_recongize_5thing_v1_0_S00_AXI has unconnected port S_AXI_AWPROT[0]
WARNING: [Synth 8-3331] design char_recongize_5thing_v1_0_S00_AXI has unconnected port S_AXI_WDATA[31]
WARNING: [Synth 8-3331] design char_recongize_5thing_v1_0_S00_AXI has unconnected port S_AXI_WDATA[30]
WARNING: [Synth 8-3331] design char_recongize_5thing_v1_0_S00_AXI has unconnected port S_AXI_WDATA[29]
WARNING: [Synth 8-3331] design char_recongize_5thing_v1_0_S00_AXI has unconnected port S_AXI_WDATA[28]
WARNING: [Synth 8-3331] design char_recongize_5thing_v1_0_S00_AXI has unconnected port S_AXI_WDATA[27]
WARNING: [Synth 8-3331] design char_recongize_5thing_v1_0_S00_AXI has unconnected port S_AXI_WDATA[26]
WARNING: [Synth 8-3331] design char_recongize_5thing_v1_0_S00_AXI has unconnected port S_AXI_WDATA[25]
WARNING: [Synth 8-3331] design char_recongize_5thing_v1_0_S00_AXI has unconnected port S_AXI_WDATA[24]
WARNING: [Synth 8-3331] design char_recongize_5thing_v1_0_S00_AXI has unconnected port S_AXI_WDATA[23]
WARNING: [Synth 8-3331] design char_recongize_5thing_v1_0_S00_AXI has unconnected port S_AXI_WDATA[22]
WARNING: [Synth 8-3331] design char_recongize_5thing_v1_0_S00_AXI has unconnected port S_AXI_WDATA[21]
WARNING: [Synth 8-3331] design char_recongize_5thing_v1_0_S00_AXI has unconnected port S_AXI_WDATA[20]
WARNING: [Synth 8-3331] design char_recongize_5thing_v1_0_S00_AXI has unconnected port S_AXI_WDATA[19]
WARNING: [Synth 8-3331] design char_recongize_5thing_v1_0_S00_AXI has unconnected port S_AXI_WDATA[18]
WARNING: [Synth 8-3331] design char_recongize_5thing_v1_0_S00_AXI has unconnected port S_AXI_WDATA[17]
WARNING: [Synth 8-3331] design char_recongize_5thing_v1_0_S00_AXI has unconnected port S_AXI_WDATA[16]
WARNING: [Synth 8-3331] design char_recongize_5thing_v1_0_S00_AXI has unconnected port S_AXI_WDATA[15]
WARNING: [Synth 8-3331] design char_recongize_5thing_v1_0_S00_AXI has unconnected port S_AXI_WDATA[14]
WARNING: [Synth 8-3331] design char_recongize_5thing_v1_0_S00_AXI has unconnected port S_AXI_WDATA[13]
WARNING: [Synth 8-3331] design char_recongize_5thing_v1_0_S00_AXI has unconnected port S_AXI_WDATA[12]
WARNING: [Synth 8-3331] design char_recongize_5thing_v1_0_S00_AXI has unconnected port S_AXI_WDATA[11]
WARNING: [Synth 8-3331] design char_recongize_5thing_v1_0_S00_AXI has unconnected port S_AXI_WDATA[10]
WARNING: [Synth 8-3331] design char_recongize_5thing_v1_0_S00_AXI has unconnected port S_AXI_WDATA[9]
WARNING: [Synth 8-3331] design char_recongize_5thing_v1_0_S00_AXI has unconnected port S_AXI_WDATA[8]
WARNING: [Synth 8-3331] design char_recongize_5thing_v1_0_S00_AXI has unconnected port S_AXI_WDATA[7]
WARNING: [Synth 8-3331] design char_recongize_5thing_v1_0_S00_AXI has unconnected port S_AXI_WDATA[6]
WARNING: [Synth 8-3331] design char_recongize_5thing_v1_0_S00_AXI has unconnected port S_AXI_WDATA[5]
WARNING: [Synth 8-3331] design char_recongize_5thing_v1_0_S00_AXI has unconnected port S_AXI_WDATA[4]
WARNING: [Synth 8-3331] design char_recongize_5thing_v1_0_S00_AXI has unconnected port S_AXI_WDATA[3]
WARNING: [Synth 8-3331] design char_recongize_5thing_v1_0_S00_AXI has unconnected port S_AXI_WDATA[2]
WARNING: [Synth 8-3331] design char_recongize_5thing_v1_0_S00_AXI has unconnected port S_AXI_WDATA[1]
WARNING: [Synth 8-3331] design char_recongize_5thing_v1_0_S00_AXI has unconnected port S_AXI_WDATA[0]
WARNING: [Synth 8-3331] design char_recongize_5thing_v1_0_S00_AXI has unconnected port S_AXI_WSTRB[3]
WARNING: [Synth 8-3331] design char_recongize_5thing_v1_0_S00_AXI has unconnected port S_AXI_WSTRB[2]
WARNING: [Synth 8-3331] design char_recongize_5thing_v1_0_S00_AXI has unconnected port S_AXI_WSTRB[1]
WARNING: [Synth 8-3331] design char_recongize_5thing_v1_0_S00_AXI has unconnected port S_AXI_WSTRB[0]
WARNING: [Synth 8-3331] design char_recongize_5thing_v1_0_S00_AXI has unconnected port S_AXI_ARPROT[2]
WARNING: [Synth 8-3331] design char_recongize_5thing_v1_0_S00_AXI has unconnected port S_AXI_ARPROT[1]
WARNING: [Synth 8-3331] design char_recongize_5thing_v1_0_S00_AXI has unconnected port S_AXI_ARPROT[0]
---------------------------------------------------------------------------------
Finished RTL Elaboration : Time (s): cpu = 00:00:07 ; elapsed = 00:00:11 . Memory (MB): peak = 525.730 ; gain = 156.234
---------------------------------------------------------------------------------

Report Check Netlist: 
+------+------------------+-------+---------+-------+------------------+
|      |Item              |Errors |Warnings |Status |Description       |
+------+------------------+-------+---------+-------+------------------+
|1     |multi_driven_nets |      0|        0|Passed |Multi driven nets |
+------+------------------+-------+---------+-------+------------------+
---------------------------------------------------------------------------------
Start Handling Custom Attributes
---------------------------------------------------------------------------------
---------------------------------------------------------------------------------
Finished Handling Custom Attributes : Time (s): cpu = 00:00:07 ; elapsed = 00:00:12 . Memory (MB): peak = 525.730 ; gain = 156.234
---------------------------------------------------------------------------------
---------------------------------------------------------------------------------
Finished RTL Optimization Phase 1 : Time (s): cpu = 00:00:07 ; elapsed = 00:00:12 . Memory (MB): peak = 525.730 ; gain = 156.234
---------------------------------------------------------------------------------
INFO: [Device 21-403] Loading part xc7a100tcsg324-1
INFO: [Project 1-570] Preparing netlist for logic optimization

Processing XDC Constraints
Initializing timing engine
Completed Processing XDC Constraints

INFO: [Project 1-111] Unisim Transformation Summary:
No Unisim elements were transformed.

WARNING: [Constraints 18-5210] No constraint will be written out.
Constraint Validation Runtime : Time (s): cpu = 00:00:00 ; elapsed = 00:00:00.230 . Memory (MB): peak = 833.566 ; gain = 2.813
---------------------------------------------------------------------------------
Finished Constraint Validation : Time (s): cpu = 00:00:27 ; elapsed = 00:00:41 . Memory (MB): peak = 833.566 ; gain = 464.070
---------------------------------------------------------------------------------
---------------------------------------------------------------------------------
Start Loading Part and Timing Information
---------------------------------------------------------------------------------
Loading part: xc7a100tcsg324-1
---------------------------------------------------------------------------------
Finished Loading Part and Timing Information : Time (s): cpu = 00:00:27 ; elapsed = 00:00:41 . Memory (MB): peak = 833.566 ; gain = 464.070
---------------------------------------------------------------------------------
---------------------------------------------------------------------------------
Start Applying 'set_property' XDC Constraints
---------------------------------------------------------------------------------
---------------------------------------------------------------------------------
Finished applying 'set_property' XDC Constraints : Time (s): cpu = 00:00:27 ; elapsed = 00:00:41 . Memory (MB): peak = 833.566 ; gain = 464.070
---------------------------------------------------------------------------------
---------------------------------------------------------------------------------
Finished RTL Optimization Phase 2 : Time (s): cpu = 00:00:27 ; elapsed = 00:00:41 . Memory (MB): peak = 833.566 ; gain = 464.070
---------------------------------------------------------------------------------

Report RTL Partitions: 
+-+--------------+------------+----------+
| |RTL Partition |Replication |Instances |
+-+--------------+------------+----------+
+-+--------------+------------+----------+
---------------------------------------------------------------------------------
Start RTL Component Statistics 
---------------------------------------------------------------------------------
Detailed RTL Component Info : 
+---Registers : 
	               16 Bit    Registers := 1     
	                6 Bit    Registers := 1     
	                2 Bit    Registers := 2     
	                1 Bit    Registers := 6     
+---Muxes : 
	   2 Input      1 Bit        Muxes := 5     
---------------------------------------------------------------------------------
Finished RTL Component Statistics 
---------------------------------------------------------------------------------
---------------------------------------------------------------------------------
Start RTL Hierarchical Component Statistics 
---------------------------------------------------------------------------------
Hierarchical RTL Component report 
Module char_recongize_5thing_v1_0_S00_AXI 
Detailed RTL Component Info : 
+---Registers : 
	               16 Bit    Registers := 1     
	                6 Bit    Registers := 1     
	                2 Bit    Registers := 2     
	                1 Bit    Registers := 6     
+---Muxes : 
	   2 Input      1 Bit        Muxes := 5     
---------------------------------------------------------------------------------
Finished RTL Hierarchical Component Statistics
---------------------------------------------------------------------------------
---------------------------------------------------------------------------------
Start Part Resource Summary
---------------------------------------------------------------------------------
Part Resources:
DSPs: 240 (col length:80)
BRAMs: 270 (col length: RAMB18 80 RAMB36 40)
---------------------------------------------------------------------------------
Finished Part Resource Summary
---------------------------------------------------------------------------------
---------------------------------------------------------------------------------
Start Cross Boundary and Area Optimization
---------------------------------------------------------------------------------
Warning: Parallel synthesis criteria is not met 
INFO: [Synth 8-3917] design m3_for_arty_a7_char_recongize_5thing_0_0 has port s00_axi_rdata[31] driven by constant 0
INFO: [Synth 8-3917] design m3_for_arty_a7_char_recongize_5thing_0_0 has port s00_axi_rdata[30] driven by constant 0
INFO: [Synth 8-3917] design m3_for_arty_a7_char_recongize_5thing_0_0 has port s00_axi_rdata[29] driven by constant 0
INFO: [Synth 8-3917] design m3_for_arty_a7_char_recongize_5thing_0_0 has port s00_axi_rdata[28] driven by constant 0
INFO: [Synth 8-3917] design m3_for_arty_a7_char_recongize_5thing_0_0 has port s00_axi_rdata[27] driven by constant 0
INFO: [Synth 8-3917] design m3_for_arty_a7_char_recongize_5thing_0_0 has port s00_axi_rdata[26] driven by constant 0
INFO: [Synth 8-3917] design m3_for_arty_a7_char_recongize_5thing_0_0 has port s00_axi_rdata[25] driven by constant 0
INFO: [Synth 8-3917] design m3_for_arty_a7_char_recongize_5thing_0_0 has port s00_axi_rdata[24] driven by constant 0
INFO: [Synth 8-3917] design m3_for_arty_a7_char_recongize_5thing_0_0 has port s00_axi_rdata[23] driven by constant 0
INFO: [Synth 8-3917] design m3_for_arty_a7_char_recongize_5thing_0_0 has port s00_axi_rdata[22] driven by constant 0
INFO: [Synth 8-3917] design m3_for_arty_a7_char_recongize_5thing_0_0 has port s00_axi_rdata[21] driven by constant 0
INFO: [Synth 8-3917] design m3_for_arty_a7_char_recongize_5thing_0_0 has port s00_axi_rdata[20] driven by constant 0
INFO: [Synth 8-3917] design m3_for_arty_a7_char_recongize_5thing_0_0 has port s00_axi_rdata[19] driven by constant 0
INFO: [Synth 8-3917] design m3_for_arty_a7_char_recongize_5thing_0_0 has port s00_axi_rdata[18] driven by constant 0
INFO: [Synth 8-3917] design m3_for_arty_a7_char_recongize_5thing_0_0 has port s00_axi_rdata[17] driven by constant 0
INFO: [Synth 8-3917] design m3_for_arty_a7_char_recongize_5thing_0_0 has port s00_axi_rdata[16] driven by constant 0
WARNING: [Synth 8-3331] design m3_for_arty_a7_char_recongize_5thing_0_0 has unconnected port s00_axi_awaddr[5]
WARNING: [Synth 8-3331] design m3_for_arty_a7_char_recongize_5thing_0_0 has unconnected port s00_axi_awaddr[4]
WARNING: [Synth 8-3331] design m3_for_arty_a7_char_recongize_5thing_0_0 has unconnected port s00_axi_awaddr[3]
WARNING: [Synth 8-3331] design m3_for_arty_a7_char_recongize_5thing_0_0 has unconnected port s00_axi_awaddr[2]
WARNING: [Synth 8-3331] design m3_for_arty_a7_char_recongize_5thing_0_0 has unconnected port s00_axi_awaddr[1]
WARNING: [Synth 8-3331] design m3_for_arty_a7_char_recongize_5thing_0_0 has unconnected port s00_axi_awaddr[0]
WARNING: [Synth 8-3331] design m3_for_arty_a7_char_recongize_5thing_0_0 has unconnected port s00_axi_awprot[2]
WARNING: [Synth 8-3331] design m3_for_arty_a7_char_recongize_5thing_0_0 has unconnected port s00_axi_awprot[1]
WARNING: [Synth 8-3331] design m3_for_arty_a7_char_recongize_5thing_0_0 has unconnected port s00_axi_awprot[0]
WARNING: [Synth 8-3331] design m3_for_arty_a7_char_recongize_5thing_0_0 has unconnected port s00_axi_wdata[31]
WARNING: [Synth 8-3331] design m3_for_arty_a7_char_recongize_5thing_0_0 has unconnected port s00_axi_wdata[30]
WARNING: [Synth 8-3331] design m3_for_arty_a7_char_recongize_5thing_0_0 has unconnected port s00_axi_wdata[29]
WARNING: [Synth 8-3331] design m3_for_arty_a7_char_recongize_5thing_0_0 has unconnected port s00_axi_wdata[28]
WARNING: [Synth 8-3331] design m3_for_arty_a7_char_recongize_5thing_0_0 has unconnected port s00_axi_wdata[27]
WARNING: [Synth 8-3331] design m3_for_arty_a7_char_recongize_5thing_0_0 has unconnected port s00_axi_wdata[26]
WARNING: [Synth 8-3331] design m3_for_arty_a7_char_recongize_5thing_0_0 has unconnected port s00_axi_wdata[25]
WARNING: [Synth 8-3331] design m3_for_arty_a7_char_recongize_5thing_0_0 has unconnected port s00_axi_wdata[24]
WARNING: [Synth 8-3331] design m3_for_arty_a7_char_recongize_5thing_0_0 has unconnected port s00_axi_wdata[23]
WARNING: [Synth 8-3331] design m3_for_arty_a7_char_recongize_5thing_0_0 has unconnected port s00_axi_wdata[22]
WARNING: [Synth 8-3331] design m3_for_arty_a7_char_recongize_5thing_0_0 has unconnected port s00_axi_wdata[21]
WARNING: [Synth 8-3331] design m3_for_arty_a7_char_recongize_5thing_0_0 has unconnected port s00_axi_wdata[20]
WARNING: [Synth 8-3331] design m3_for_arty_a7_char_recongize_5thing_0_0 has unconnected port s00_axi_wdata[19]
WARNING: [Synth 8-3331] design m3_for_arty_a7_char_recongize_5thing_0_0 has unconnected port s00_axi_wdata[18]
WARNING: [Synth 8-3331] design m3_for_arty_a7_char_recongize_5thing_0_0 has unconnected port s00_axi_wdata[17]
WARNING: [Synth 8-3331] design m3_for_arty_a7_char_recongize_5thing_0_0 has unconnected port s00_axi_wdata[16]
WARNING: [Synth 8-3331] design m3_for_arty_a7_char_recongize_5thing_0_0 has unconnected port s00_axi_wdata[15]
WARNING: [Synth 8-3331] design m3_for_arty_a7_char_recongize_5thing_0_0 has unconnected port s00_axi_wdata[14]
WARNING: [Synth 8-3331] design m3_for_arty_a7_char_recongize_5thing_0_0 has unconnected port s00_axi_wdata[13]
WARNING: [Synth 8-3331] design m3_for_arty_a7_char_recongize_5thing_0_0 has unconnected port s00_axi_wdata[12]
WARNING: [Synth 8-3331] design m3_for_arty_a7_char_recongize_5thing_0_0 has unconnected port s00_axi_wdata[11]
WARNING: [Synth 8-3331] design m3_for_arty_a7_char_recongize_5thing_0_0 has unconnected port s00_axi_wdata[10]
WARNING: [Synth 8-3331] design m3_for_arty_a7_char_recongize_5thing_0_0 has unconnected port s00_axi_wdata[9]
WARNING: [Synth 8-3331] design m3_for_arty_a7_char_recongize_5thing_0_0 has unconnected port s00_axi_wdata[8]
WARNING: [Synth 8-3331] design m3_for_arty_a7_char_recongize_5thing_0_0 has unconnected port s00_axi_wdata[7]
WARNING: [Synth 8-3331] design m3_for_arty_a7_char_recongize_5thing_0_0 has unconnected port s00_axi_wdata[6]
WARNING: [Synth 8-3331] design m3_for_arty_a7_char_recongize_5thing_0_0 has unconnected port s00_axi_wdata[5]
WARNING: [Synth 8-3331] design m3_for_arty_a7_char_recongize_5thing_0_0 has unconnected port s00_axi_wdata[4]
WARNING: [Synth 8-3331] design m3_for_arty_a7_char_recongize_5thing_0_0 has unconnected port s00_axi_wdata[3]
WARNING: [Synth 8-3331] design m3_for_arty_a7_char_recongize_5thing_0_0 has unconnected port s00_axi_wdata[2]
WARNING: [Synth 8-3331] design m3_for_arty_a7_char_recongize_5thing_0_0 has unconnected port s00_axi_wdata[1]
WARNING: [Synth 8-3331] design m3_for_arty_a7_char_recongize_5thing_0_0 has unconnected port s00_axi_wdata[0]
WARNING: [Synth 8-3331] design m3_for_arty_a7_char_recongize_5thing_0_0 has unconnected port s00_axi_wstrb[3]
WARNING: [Synth 8-3331] design m3_for_arty_a7_char_recongize_5thing_0_0 has unconnected port s00_axi_wstrb[2]
WARNING: [Synth 8-3331] design m3_for_arty_a7_char_recongize_5thing_0_0 has unconnected port s00_axi_wstrb[1]
WARNING: [Synth 8-3331] design m3_for_arty_a7_char_recongize_5thing_0_0 has unconnected port s00_axi_wstrb[0]
WARNING: [Synth 8-3331] design m3_for_arty_a7_char_recongize_5thing_0_0 has unconnected port s00_axi_arprot[2]
WARNING: [Synth 8-3331] design m3_for_arty_a7_char_recongize_5thing_0_0 has unconnected port s00_axi_arprot[1]
WARNING: [Synth 8-3331] design m3_for_arty_a7_char_recongize_5thing_0_0 has unconnected port s00_axi_arprot[0]
INFO: [Synth 8-3886] merging instance 'inst/char_recongize_5thing_v1_0_S00_AXI_inst/axi_rresp_reg[0]' (FDRE) to 'inst/char_recongize_5thing_v1_0_S00_AXI_inst/axi_rresp_reg[1]'
INFO: [Synth 8-3333] propagating constant 0 across sequential element (\inst/char_recongize_5thing_v1_0_S00_AXI_inst/axi_rresp_reg[1] )
INFO: [Synth 8-3886] merging instance 'inst/char_recongize_5thing_v1_0_S00_AXI_inst/axi_bresp_reg[0]' (FDRE) to 'inst/char_recongize_5thing_v1_0_S00_AXI_inst/axi_bresp_reg[1]'
INFO: [Synth 8-3333] propagating constant 0 across sequential element (\inst/char_recongize_5thing_v1_0_S00_AXI_inst/axi_bresp_reg[1] )
INFO: [Synth 8-3332] Sequential element (inst/char_recongize_5thing_v1_0_S00_AXI_inst/axi_bresp_reg[1]) is unused and will be removed from module m3_for_arty_a7_char_recongize_5thing_0_0.
INFO: [Synth 8-3332] Sequential element (inst/char_recongize_5thing_v1_0_S00_AXI_inst/axi_araddr_reg[1]) is unused and will be removed from module m3_for_arty_a7_char_recongize_5thing_0_0.
INFO: [Synth 8-3332] Sequential element (inst/char_recongize_5thing_v1_0_S00_AXI_inst/axi_araddr_reg[0]) is unused and will be removed from module m3_for_arty_a7_char_recongize_5thing_0_0.
INFO: [Synth 8-3332] Sequential element (inst/char_recongize_5thing_v1_0_S00_AXI_inst/axi_rresp_reg[1]) is unused and will be removed from module m3_for_arty_a7_char_recongize_5thing_0_0.
---------------------------------------------------------------------------------
Finished Cross Boundary and Area Optimization : Time (s): cpu = 00:00:29 ; elapsed = 00:00:44 . Memory (MB): peak = 833.566 ; gain = 464.070
---------------------------------------------------------------------------------

Report RTL Partitions: 
+-+--------------+------------+----------+
| |RTL Partition |Replication |Instances |
+-+--------------+------------+----------+
+-+--------------+------------+----------+
---------------------------------------------------------------------------------
Start Applying XDC Timing Constraints
---------------------------------------------------------------------------------
---------------------------------------------------------------------------------
Finished Applying XDC Timing Constraints : Time (s): cpu = 00:00:50 ; elapsed = 00:01:09 . Memory (MB): peak = 857.547 ; gain = 488.051
---------------------------------------------------------------------------------
---------------------------------------------------------------------------------
Start Timing Optimization
---------------------------------------------------------------------------------
---------------------------------------------------------------------------------
Finished Timing Optimization : Time (s): cpu = 00:00:51 ; elapsed = 00:01:09 . Memory (MB): peak = 857.621 ; gain = 488.125
---------------------------------------------------------------------------------

Report RTL Partitions: 
+-+--------------+------------+----------+
| |RTL Partition |Replication |Instances |
+-+--------------+------------+----------+
+-+--------------+------------+----------+
---------------------------------------------------------------------------------
Start Technology Mapping
---------------------------------------------------------------------------------
---------------------------------------------------------------------------------
Finished Technology Mapping : Time (s): cpu = 00:00:51 ; elapsed = 00:01:09 . Memory (MB): peak = 867.660 ; gain = 498.164
---------------------------------------------------------------------------------

Report RTL Partitions: 
+-+--------------+------------+----------+
| |RTL Partition |Replication |Instances |
+-+--------------+------------+----------+
+-+--------------+------------+----------+
---------------------------------------------------------------------------------
Start IO Insertion
---------------------------------------------------------------------------------
---------------------------------------------------------------------------------
Start Flattening Before IO Insertion
---------------------------------------------------------------------------------
---------------------------------------------------------------------------------
Finished Flattening Before IO Insertion
---------------------------------------------------------------------------------
---------------------------------------------------------------------------------
Start Final Netlist Cleanup
---------------------------------------------------------------------------------
---------------------------------------------------------------------------------
Finished Final Netlist Cleanup
---------------------------------------------------------------------------------
---------------------------------------------------------------------------------
Finished IO Insertion : Time (s): cpu = 00:00:53 ; elapsed = 00:01:12 . Memory (MB): peak = 867.660 ; gain = 498.164
---------------------------------------------------------------------------------

Report Check Netlist: 
+------+------------------+-------+---------+-------+------------------+
|      |Item              |Errors |Warnings |Status |Description       |
+------+------------------+-------+---------+-------+------------------+
|1     |multi_driven_nets |      0|        0|Passed |Multi driven nets |
+------+------------------+-------+---------+-------+------------------+
---------------------------------------------------------------------------------
Start Renaming Generated Instances
---------------------------------------------------------------------------------
---------------------------------------------------------------------------------
Finished Renaming Generated Instances : Time (s): cpu = 00:00:53 ; elapsed = 00:01:12 . Memory (MB): peak = 867.660 ; gain = 498.164
---------------------------------------------------------------------------------

Report RTL Partitions: 
+-+--------------+------------+----------+
| |RTL Partition |Replication |Instances |
+-+--------------+------------+----------+
+-+--------------+------------+----------+
---------------------------------------------------------------------------------
Start Rebuilding User Hierarchy
---------------------------------------------------------------------------------
---------------------------------------------------------------------------------
Finished Rebuilding User Hierarchy : Time (s): cpu = 00:00:53 ; elapsed = 00:01:12 . Memory (MB): peak = 867.660 ; gain = 498.164
---------------------------------------------------------------------------------
---------------------------------------------------------------------------------
Start Renaming Generated Ports
---------------------------------------------------------------------------------
---------------------------------------------------------------------------------
Finished Renaming Generated Ports : Time (s): cpu = 00:00:53 ; elapsed = 00:01:12 . Memory (MB): peak = 867.660 ; gain = 498.164
---------------------------------------------------------------------------------
---------------------------------------------------------------------------------
Start Handling Custom Attributes
---------------------------------------------------------------------------------
---------------------------------------------------------------------------------
Finished Handling Custom Attributes : Time (s): cpu = 00:00:53 ; elapsed = 00:01:12 . Memory (MB): peak = 867.660 ; gain = 498.164
---------------------------------------------------------------------------------
---------------------------------------------------------------------------------
Start Renaming Generated Nets
---------------------------------------------------------------------------------
---------------------------------------------------------------------------------
Finished Renaming Generated Nets : Time (s): cpu = 00:00:53 ; elapsed = 00:01:12 . Memory (MB): peak = 867.660 ; gain = 498.164
---------------------------------------------------------------------------------
---------------------------------------------------------------------------------
Start Writing Synthesis Report
---------------------------------------------------------------------------------

Report BlackBoxes: 
+-+--------------+----------+
| |BlackBox name |Instances |
+-+--------------+----------+
+-+--------------+----------+

Report Cell Usage: 
+------+-----+------+
|      |Cell |Count |
+------+-----+------+
|1     |LUT1 |     1|
|2     |LUT2 |     1|
|3     |LUT3 |     2|
|4     |LUT4 |    35|
|5     |LUT6 |    18|
|6     |FDRE |    25|
|7     |FDSE |     1|
+------+-----+------+

Report Instance Areas: 
+------+--------------------------------------------+-----------------------------------+------+
|      |Instance                                    |Module                             |Cells |
+------+--------------------------------------------+-----------------------------------+------+
|1     |top                                         |                                   |    83|
|2     |  inst                                      |char_recongize_5thing_v1_0         |    83|
|3     |    char_recongize_5thing_v1_0_S00_AXI_inst |char_recongize_5thing_v1_0_S00_AXI |    83|
+------+--------------------------------------------+-----------------------------------+------+
---------------------------------------------------------------------------------
Finished Writing Synthesis Report : Time (s): cpu = 00:00:53 ; elapsed = 00:01:12 . Memory (MB): peak = 867.660 ; gain = 498.164
---------------------------------------------------------------------------------
Synthesis finished with 0 errors, 0 critical warnings and 48 warnings.
Synthesis Optimization Runtime : Time (s): cpu = 00:00:33 ; elapsed = 00:00:51 . Memory (MB): peak = 867.660 ; gain = 190.328
Synthesis Optimization Complete : Time (s): cpu = 00:00:54 ; elapsed = 00:01:13 . Memory (MB): peak = 867.660 ; gain = 498.164
INFO: [Project 1-571] Translating synthesized netlist
INFO: [Project 1-570] Preparing netlist for logic optimization
INFO: [Opt 31-138] Pushed 0 inverter(s) to 0 load pin(s).
INFO: [Project 1-111] Unisim Transformation Summary:
No Unisim elements were transformed.

INFO: [Common 17-83] Releasing license: Synthesis
39 Infos, 108 Warnings, 0 Critical Warnings and 0 Errors encountered.
synth_design completed successfully
synth_design: Time (s): cpu = 00:00:58 ; elapsed = 00:01:18 . Memory (MB): peak = 879.949 ; gain = 521.926
WARNING: [Constraints 18-5210] No constraint will be written out.
INFO: [Common 17-1381] The checkpoint 'V:/hardware/m3_for_arty_a7/m3_for_arty_a7/m3_for_arty_a7.runs/m3_for_arty_a7_char_recongize_5thing_0_0_synth_1/m3_for_arty_a7_char_recongize_5thing_0_0.dcp' has been generated.
